Performing C++ SOURCE FILE Test HAVE_FLAG_STDLIB_LIBCPP failed with the following output:
Change Dir: /home/namrata/stp/build/CMakeFiles/CMakeTmp

Run Build Command:"/usr/bin/make" "cmTC_07904/fast"
/usr/bin/make -f CMakeFiles/cmTC_07904.dir/build.make CMakeFiles/cmTC_07904.dir/build
make[1]: Entering directory '/home/namrata/stp/build/CMakeFiles/CMakeTmp'
Building CXX object CMakeFiles/cmTC_07904.dir/src.cxx.o
/usr/bin/c++    -DHAVE_FLAG_STDLIB_LIBCPP   -stdlib=libc++ -o CMakeFiles/cmTC_07904.dir/src.cxx.o -c /home/namrata/stp/build/CMakeFiles/CMakeTmp/src.cxx
c++: error: unrecognized command line option '-stdlib=libc++'
CMakeFiles/cmTC_07904.dir/build.make:65: recipe for target 'CMakeFiles/cmTC_07904.dir/src.cxx.o' failed
make[1]: *** [CMakeFiles/cmTC_07904.dir/src.cxx.o] Error 1
make[1]: Leaving directory '/home/namrata/stp/build/CMakeFiles/CMakeTmp'
Makefile:126: recipe for target 'cmTC_07904/fast' failed
make: *** [cmTC_07904/fast] Error 2

Source file was:
int main() { return 0; }
Performing C++ SOURCE FILE Test HAVE_FLAG_-Wheader-guard failed with the following output:
Change Dir: /home/namrata/stp/build/CMakeFiles/CMakeTmp

Run Build Command:"/usr/bin/make" "cmTC_45bf7/fast"
/usr/bin/make -f CMakeFiles/cmTC_45bf7.dir/build.make CMakeFiles/cmTC_45bf7.dir/build
make[1]: Entering directory '/home/namrata/stp/build/CMakeFiles/CMakeTmp'
Building CXX object CMakeFiles/cmTC_45bf7.dir/src.cxx.o
/usr/bin/c++    -std=c++11  -Wall -Wextra -pedantic -Wunused -Wsign-compare -Wtype-limits -Wuninitialized -Wno-deprecated -Wstrict-aliasing -Wpointer-arith -DHAVE_FLAG_-Wheader-guard   -Wheader-guard -o CMakeFiles/cmTC_45bf7.dir/src.cxx.o -c /home/namrata/stp/build/CMakeFiles/CMakeTmp/src.cxx
c++: error: unrecognized command line option '-Wheader-guard'
CMakeFiles/cmTC_45bf7.dir/build.make:65: recipe for target 'CMakeFiles/cmTC_45bf7.dir/src.cxx.o' failed
make[1]: *** [CMakeFiles/cmTC_45bf7.dir/src.cxx.o] Error 1
make[1]: Leaving directory '/home/namrata/stp/build/CMakeFiles/CMakeTmp'
Makefile:126: recipe for target 'cmTC_45bf7/fast' failed
make: *** [cmTC_45bf7/fast] Error 2

Source file was:
int main() { return 0; }
