The system is: Linux - 5.3.0-51-generic - x86_64
Compiling the C compiler identification source file "CMakeCCompilerId.c" succeeded.
Compiler: /usr/bin/cc 
Build flags: 
Id flags:  

The output was:
0


Compilation of the C compiler identification source "CMakeCCompilerId.c" produced "a.out"

The C compiler identification is GNU, found in "/home/namrata/stp/build/CMakeFiles/3.10.2/CompilerIdC/a.out"

Compiling the CXX compiler identification source file "CMakeCXXCompilerId.cpp" succeeded.
Compiler: /usr/bin/c++ 
Build flags: 
Id flags:  

The output was:
0


Compilation of the CXX compiler identification source "CMakeCXXCompilerId.cpp" produced "a.out"

The CXX compiler identification is GNU, found in "/home/namrata/stp/build/CMakeFiles/3.10.2/CompilerIdCXX/a.out"

Determining if the C compiler works passed with the following output:
Change Dir: /home/namrata/stp/build/CMakeFiles/CMakeTmp

Run Build Command:"/usr/bin/make" "cmTC_0567b/fast"
/usr/bin/make -f CMakeFiles/cmTC_0567b.dir/build.make CMakeFiles/cmTC_0567b.dir/build
make[1]: Entering directory '/home/namrata/stp/build/CMakeFiles/CMakeTmp'
Building C object CMakeFiles/cmTC_0567b.dir/testCCompiler.c.o
/usr/bin/cc    -o CMakeFiles/cmTC_0567b.dir/testCCompiler.c.o   -c /home/namrata/stp/build/CMakeFiles/CMakeTmp/testCCompiler.c
Linking C executable cmTC_0567b
/usr/bin/cmake -E cmake_link_script CMakeFiles/cmTC_0567b.dir/link.txt --verbose=1
/usr/bin/cc      -rdynamic CMakeFiles/cmTC_0567b.dir/testCCompiler.c.o  -o cmTC_0567b 
make[1]: Leaving directory '/home/namrata/stp/build/CMakeFiles/CMakeTmp'


Detecting C compiler ABI info compiled with the following output:
Change Dir: /home/namrata/stp/build/CMakeFiles/CMakeTmp

Run Build Command:"/usr/bin/make" "cmTC_25677/fast"
/usr/bin/make -f CMakeFiles/cmTC_25677.dir/build.make CMakeFiles/cmTC_25677.dir/build
make[1]: Entering directory '/home/namrata/stp/build/CMakeFiles/CMakeTmp'
Building C object CMakeFiles/cmTC_25677.dir/CMakeCCompilerABI.c.o
/usr/bin/cc    -o CMakeFiles/cmTC_25677.dir/CMakeCCompilerABI.c.o   -c /usr/share/cmake-3.10/Modules/CMakeCCompilerABI.c
Linking C executable cmTC_25677
/usr/bin/cmake -E cmake_link_script CMakeFiles/cmTC_25677.dir/link.txt --verbose=1
/usr/bin/cc     -v -rdynamic CMakeFiles/cmTC_25677.dir/CMakeCCompilerABI.c.o  -o cmTC_25677 
Using built-in specs.
COLLECT_GCC=/usr/bin/cc
COLLECT_LTO_WRAPPER=/usr/lib/gcc/x86_64-linux-gnu/7/lto-wrapper
OFFLOAD_TARGET_NAMES=nvptx-none
OFFLOAD_TARGET_DEFAULT=1
Target: x86_64-linux-gnu
Configured with: ../src/configure -v --with-pkgversion='Ubuntu 7.5.0-3ubuntu1~18.04' --with-bugurl=file:///usr/share/doc/gcc-7/README.Bugs --enable-languages=c,ada,c++,go,brig,d,fortran,objc,obj-c++ --prefix=/usr --with-gcc-major-version-only --program-suffix=-7 --program-prefix=x86_64-linux-gnu- --enable-shared --enable-linker-build-id --libexecdir=/usr/lib --without-included-gettext --enable-threads=posix --libdir=/usr/lib --enable-nls --enable-bootstrap --enable-clocale=gnu --enable-libstdcxx-debug --enable-libstdcxx-time=yes --with-default-libstdcxx-abi=new --enable-gnu-unique-object --disable-vtable-verify --enable-libmpx --enable-plugin --enable-default-pie --with-system-zlib --with-target-system-zlib --enable-objc-gc=auto --enable-multiarch --disable-werror --with-arch-32=i686 --with-abi=m64 --with-multilib-list=m32,m64,mx32 --enable-multilib --with-tune=generic --enable-offload-targets=nvptx-none --without-cuda-driver --enable-checking=release --build=x86_64-linux-gnu --host=x86_64-linux-gnu --target=x86_64-linux-gnu
Thread model: posix
gcc version 7.5.0 (Ubuntu 7.5.0-3ubuntu1~18.04) 
COMPILER_PATH=/usr/lib/gcc/x86_64-linux-gnu/7/:/usr/lib/gcc/x86_64-linux-gnu/7/:/usr/lib/gcc/x86_64-linux-gnu/:/usr/lib/gcc/x86_64-linux-gnu/7/:/usr/lib/gcc/x86_64-linux-gnu/
LIBRARY_PATH=/usr/lib/gcc/x86_64-linux-gnu/7/:/usr/lib/gcc/x86_64-linux-gnu/7/../../../x86_64-linux-gnu/:/usr/lib/gcc/x86_64-linux-gnu/7/../../../../lib/:/lib/x86_64-linux-gnu/:/lib/../lib/:/usr/lib/x86_64-linux-gnu/:/usr/lib/../lib/:/usr/lib/gcc/x86_64-linux-gnu/7/../../../:/lib/:/usr/lib/
COLLECT_GCC_OPTIONS='-v' '-rdynamic' '-o' 'cmTC_25677' '-mtune=generic' '-march=x86-64'
 /usr/lib/gcc/x86_64-linux-gnu/7/collect2 -plugin /usr/lib/gcc/x86_64-linux-gnu/7/liblto_plugin.so -plugin-opt=/usr/lib/gcc/x86_64-linux-gnu/7/lto-wrapper -plugin-opt=-fresolution=/tmp/ccmgwtdu.res -plugin-opt=-pass-through=-lgcc -plugin-opt=-pass-through=-lgcc_s -plugin-opt=-pass-through=-lc -plugin-opt=-pass-through=-lgcc -plugin-opt=-pass-through=-lgcc_s --build-id --eh-frame-hdr -m elf_x86_64 --hash-style=gnu --as-needed -export-dynamic -dynamic-linker /lib64/ld-linux-x86-64.so.2 -pie -z now -z relro -o cmTC_25677 /usr/lib/gcc/x86_64-linux-gnu/7/../../../x86_64-linux-gnu/Scrt1.o /usr/lib/gcc/x86_64-linux-gnu/7/../../../x86_64-linux-gnu/crti.o /usr/lib/gcc/x86_64-linux-gnu/7/crtbeginS.o -L/usr/lib/gcc/x86_64-linux-gnu/7 -L/usr/lib/gcc/x86_64-linux-gnu/7/../../../x86_64-linux-gnu -L/usr/lib/gcc/x86_64-linux-gnu/7/../../../../lib -L/lib/x86_64-linux-gnu -L/lib/../lib -L/usr/lib/x86_64-linux-gnu -L/usr/lib/../lib -L/usr/lib/gcc/x86_64-linux-gnu/7/../../.. CMakeFiles/cmTC_25677.dir/CMakeCCompilerABI.c.o -lgcc --push-state --as-needed -lgcc_s --pop-state -lc -lgcc --push-state --as-needed -lgcc_s --pop-state /usr/lib/gcc/x86_64-linux-gnu/7/crtendS.o /usr/lib/gcc/x86_64-linux-gnu/7/../../../x86_64-linux-gnu/crtn.o
COLLECT_GCC_OPTIONS='-v' '-rdynamic' '-o' 'cmTC_25677' '-mtune=generic' '-march=x86-64'
make[1]: Leaving directory '/home/namrata/stp/build/CMakeFiles/CMakeTmp'


Parsed C implicit link information from above output:
  link line regex: [^( *|.*[/\])(ld|CMAKE_LINK_STARTFILE-NOTFOUND|([^/\]+-)?ld|collect2)[^/\]*( |$)]
  ignore line: [Change Dir: /home/namrata/stp/build/CMakeFiles/CMakeTmp]
  ignore line: []
  ignore line: [Run Build Command:"/usr/bin/make" "cmTC_25677/fast"]
  ignore line: [/usr/bin/make -f CMakeFiles/cmTC_25677.dir/build.make CMakeFiles/cmTC_25677.dir/build]
  ignore line: [make[1]: Entering directory '/home/namrata/stp/build/CMakeFiles/CMakeTmp']
  ignore line: [Building C object CMakeFiles/cmTC_25677.dir/CMakeCCompilerABI.c.o]
  ignore line: [/usr/bin/cc    -o CMakeFiles/cmTC_25677.dir/CMakeCCompilerABI.c.o   -c /usr/share/cmake-3.10/Modules/CMakeCCompilerABI.c]
  ignore line: [Linking C executable cmTC_25677]
  ignore line: [/usr/bin/cmake -E cmake_link_script CMakeFiles/cmTC_25677.dir/link.txt --verbose=1]
  ignore line: [/usr/bin/cc     -v -rdynamic CMakeFiles/cmTC_25677.dir/CMakeCCompilerABI.c.o  -o cmTC_25677 ]
  ignore line: [Using built-in specs.]
  ignore line: [COLLECT_GCC=/usr/bin/cc]
  ignore line: [COLLECT_LTO_WRAPPER=/usr/lib/gcc/x86_64-linux-gnu/7/lto-wrapper]
  ignore line: [OFFLOAD_TARGET_NAMES=nvptx-none]
  ignore line: [OFFLOAD_TARGET_DEFAULT=1]
  ignore line: [Target: x86_64-linux-gnu]
  ignore line: [Configured with: ../src/configure -v --with-pkgversion='Ubuntu 7.5.0-3ubuntu1~18.04' --with-bugurl=file:///usr/share/doc/gcc-7/README.Bugs --enable-languages=c,ada,c++,go,brig,d,fortran,objc,obj-c++ --prefix=/usr --with-gcc-major-version-only --program-suffix=-7 --program-prefix=x86_64-linux-gnu- --enable-shared --enable-linker-build-id --libexecdir=/usr/lib --without-included-gettext --enable-threads=posix --libdir=/usr/lib --enable-nls --enable-bootstrap --enable-clocale=gnu --enable-libstdcxx-debug --enable-libstdcxx-time=yes --with-default-libstdcxx-abi=new --enable-gnu-unique-object --disable-vtable-verify --enable-libmpx --enable-plugin --enable-default-pie --with-system-zlib --with-target-system-zlib --enable-objc-gc=auto --enable-multiarch --disable-werror --with-arch-32=i686 --with-abi=m64 --with-multilib-list=m32,m64,mx32 --enable-multilib --with-tune=generic --enable-offload-targets=nvptx-none --without-cuda-driver --enable-checking=release --build=x86_64-linux-gnu --host=x86_64-linux-gnu --target=x86_64-linux-gnu]
  ignore line: [Thread model: posix]
  ignore line: [gcc version 7.5.0 (Ubuntu 7.5.0-3ubuntu1~18.04) ]
  ignore line: [COMPILER_PATH=/usr/lib/gcc/x86_64-linux-gnu/7/:/usr/lib/gcc/x86_64-linux-gnu/7/:/usr/lib/gcc/x86_64-linux-gnu/:/usr/lib/gcc/x86_64-linux-gnu/7/:/usr/lib/gcc/x86_64-linux-gnu/]
  ignore line: [LIBRARY_PATH=/usr/lib/gcc/x86_64-linux-gnu/7/:/usr/lib/gcc/x86_64-linux-gnu/7/../../../x86_64-linux-gnu/:/usr/lib/gcc/x86_64-linux-gnu/7/../../../../lib/:/lib/x86_64-linux-gnu/:/lib/../lib/:/usr/lib/x86_64-linux-gnu/:/usr/lib/../lib/:/usr/lib/gcc/x86_64-linux-gnu/7/../../../:/lib/:/usr/lib/]
  ignore line: [COLLECT_GCC_OPTIONS='-v' '-rdynamic' '-o' 'cmTC_25677' '-mtune=generic' '-march=x86-64']
  link line: [ /usr/lib/gcc/x86_64-linux-gnu/7/collect2 -plugin /usr/lib/gcc/x86_64-linux-gnu/7/liblto_plugin.so -plugin-opt=/usr/lib/gcc/x86_64-linux-gnu/7/lto-wrapper -plugin-opt=-fresolution=/tmp/ccmgwtdu.res -plugin-opt=-pass-through=-lgcc -plugin-opt=-pass-through=-lgcc_s -plugin-opt=-pass-through=-lc -plugin-opt=-pass-through=-lgcc -plugin-opt=-pass-through=-lgcc_s --build-id --eh-frame-hdr -m elf_x86_64 --hash-style=gnu --as-needed -export-dynamic -dynamic-linker /lib64/ld-linux-x86-64.so.2 -pie -z now -z relro -o cmTC_25677 /usr/lib/gcc/x86_64-linux-gnu/7/../../../x86_64-linux-gnu/Scrt1.o /usr/lib/gcc/x86_64-linux-gnu/7/../../../x86_64-linux-gnu/crti.o /usr/lib/gcc/x86_64-linux-gnu/7/crtbeginS.o -L/usr/lib/gcc/x86_64-linux-gnu/7 -L/usr/lib/gcc/x86_64-linux-gnu/7/../../../x86_64-linux-gnu -L/usr/lib/gcc/x86_64-linux-gnu/7/../../../../lib -L/lib/x86_64-linux-gnu -L/lib/../lib -L/usr/lib/x86_64-linux-gnu -L/usr/lib/../lib -L/usr/lib/gcc/x86_64-linux-gnu/7/../../.. CMakeFiles/cmTC_25677.dir/CMakeCCompilerABI.c.o -lgcc --push-state --as-needed -lgcc_s --pop-state -lc -lgcc --push-state --as-needed -lgcc_s --pop-state /usr/lib/gcc/x86_64-linux-gnu/7/crtendS.o /usr/lib/gcc/x86_64-linux-gnu/7/../../../x86_64-linux-gnu/crtn.o]
    arg [/usr/lib/gcc/x86_64-linux-gnu/7/collect2] ==> ignore
    arg [-plugin] ==> ignore
    arg [/usr/lib/gcc/x86_64-linux-gnu/7/liblto_plugin.so] ==> ignore
    arg [-plugin-opt=/usr/lib/gcc/x86_64-linux-gnu/7/lto-wrapper] ==> ignore
    arg [-plugin-opt=-fresolution=/tmp/ccmgwtdu.res] ==> ignore
    arg [-plugin-opt=-pass-through=-lgcc] ==> ignore
    arg [-plugin-opt=-pass-through=-lgcc_s] ==> ignore
    arg [-plugin-opt=-pass-through=-lc] ==> ignore
    arg [-plugin-opt=-pass-through=-lgcc] ==> ignore
    arg [-plugin-opt=-pass-through=-lgcc_s] ==> ignore
    arg [--build-id] ==> ignore
    arg [--eh-frame-hdr] ==> ignore
    arg [-m] ==> ignore
    arg [elf_x86_64] ==> ignore
    arg [--hash-style=gnu] ==> ignore
    arg [--as-needed] ==> ignore
    arg [-export-dynamic] ==> ignore
    arg [-dynamic-linker] ==> ignore
    arg [/lib64/ld-linux-x86-64.so.2] ==> ignore
    arg [-pie] ==> ignore
    arg [-znow] ==> ignore
    arg [-zrelro] ==> ignore
    arg [-o] ==> ignore
    arg [cmTC_25677] ==> ignore
    arg [/usr/lib/gcc/x86_64-linux-gnu/7/../../../x86_64-linux-gnu/Scrt1.o] ==> ignore
    arg [/usr/lib/gcc/x86_64-linux-gnu/7/../../../x86_64-linux-gnu/crti.o] ==> ignore
    arg [/usr/lib/gcc/x86_64-linux-gnu/7/crtbeginS.o] ==> ignore
    arg [-L/usr/lib/gcc/x86_64-linux-gnu/7] ==> dir [/usr/lib/gcc/x86_64-linux-gnu/7]
    arg [-L/usr/lib/gcc/x86_64-linux-gnu/7/../../../x86_64-linux-gnu] ==> dir [/usr/lib/gcc/x86_64-linux-gnu/7/../../../x86_64-linux-gnu]
    arg [-L/usr/lib/gcc/x86_64-linux-gnu/7/../../../../lib] ==> dir [/usr/lib/gcc/x86_64-linux-gnu/7/../../../../lib]
    arg [-L/lib/x86_64-linux-gnu] ==> dir [/lib/x86_64-linux-gnu]
    arg [-L/lib/../lib] ==> dir [/lib/../lib]
    arg [-L/usr/lib/x86_64-linux-gnu] ==> dir [/usr/lib/x86_64-linux-gnu]
    arg [-L/usr/lib/../lib] ==> dir [/usr/lib/../lib]
    arg [-L/usr/lib/gcc/x86_64-linux-gnu/7/../../..] ==> dir [/usr/lib/gcc/x86_64-linux-gnu/7/../../..]
    arg [CMakeFiles/cmTC_25677.dir/CMakeCCompilerABI.c.o] ==> ignore
    arg [-lgcc] ==> lib [gcc]
    arg [--push-state] ==> ignore
    arg [--as-needed] ==> ignore
    arg [-lgcc_s] ==> lib [gcc_s]
    arg [--pop-state] ==> ignore
    arg [-lc] ==> lib [c]
    arg [-lgcc] ==> lib [gcc]
    arg [--push-state] ==> ignore
    arg [--as-needed] ==> ignore
    arg [-lgcc_s] ==> lib [gcc_s]
    arg [--pop-state] ==> ignore
    arg [/usr/lib/gcc/x86_64-linux-gnu/7/crtendS.o] ==> ignore
    arg [/usr/lib/gcc/x86_64-linux-gnu/7/../../../x86_64-linux-gnu/crtn.o] ==> ignore
  collapse library dir [/usr/lib/gcc/x86_64-linux-gnu/7] ==> [/usr/lib/gcc/x86_64-linux-gnu/7]
  collapse library dir [/usr/lib/gcc/x86_64-linux-gnu/7/../../../x86_64-linux-gnu] ==> [/usr/lib/x86_64-linux-gnu]
  collapse library dir [/usr/lib/gcc/x86_64-linux-gnu/7/../../../../lib] ==> [/usr/lib]
  collapse library dir [/lib/x86_64-linux-gnu] ==> [/lib/x86_64-linux-gnu]
  collapse library dir [/lib/../lib] ==> [/lib]
  collapse library dir [/usr/lib/x86_64-linux-gnu] ==> [/usr/lib/x86_64-linux-gnu]
  collapse library dir [/usr/lib/../lib] ==> [/usr/lib]
  collapse library dir [/usr/lib/gcc/x86_64-linux-gnu/7/../../..] ==> [/usr/lib]
  implicit libs: [gcc;gcc_s;c;gcc;gcc_s]
  implicit dirs: [/usr/lib/gcc/x86_64-linux-gnu/7;/usr/lib/x86_64-linux-gnu;/usr/lib;/lib/x86_64-linux-gnu;/lib]
  implicit fwks: []




Detecting C [-std=c11] compiler features compiled with the following output:
Change Dir: /home/namrata/stp/build/CMakeFiles/CMakeTmp

Run Build Command:"/usr/bin/make" "cmTC_0a5dc/fast"
/usr/bin/make -f CMakeFiles/cmTC_0a5dc.dir/build.make CMakeFiles/cmTC_0a5dc.dir/build
make[1]: Entering directory '/home/namrata/stp/build/CMakeFiles/CMakeTmp'
Building C object CMakeFiles/cmTC_0a5dc.dir/feature_tests.c.o
/usr/bin/cc   -std=c11 -o CMakeFiles/cmTC_0a5dc.dir/feature_tests.c.o   -c /home/namrata/stp/build/CMakeFiles/feature_tests.c
Linking C executable cmTC_0a5dc
/usr/bin/cmake -E cmake_link_script CMakeFiles/cmTC_0a5dc.dir/link.txt --verbose=1
/usr/bin/cc      -rdynamic CMakeFiles/cmTC_0a5dc.dir/feature_tests.c.o  -o cmTC_0a5dc 
make[1]: Leaving directory '/home/namrata/stp/build/CMakeFiles/CMakeTmp'


    Feature record: C_FEATURE:1c_function_prototypes
    Feature record: C_FEATURE:1c_restrict
    Feature record: C_FEATURE:1c_static_assert
    Feature record: C_FEATURE:1c_variadic_macros


Detecting C [-std=c99] compiler features compiled with the following output:
Change Dir: /home/namrata/stp/build/CMakeFiles/CMakeTmp

Run Build Command:"/usr/bin/make" "cmTC_a2974/fast"
/usr/bin/make -f CMakeFiles/cmTC_a2974.dir/build.make CMakeFiles/cmTC_a2974.dir/build
make[1]: Entering directory '/home/namrata/stp/build/CMakeFiles/CMakeTmp'
Building C object CMakeFiles/cmTC_a2974.dir/feature_tests.c.o
/usr/bin/cc   -std=c99 -o CMakeFiles/cmTC_a2974.dir/feature_tests.c.o   -c /home/namrata/stp/build/CMakeFiles/feature_tests.c
Linking C executable cmTC_a2974
/usr/bin/cmake -E cmake_link_script CMakeFiles/cmTC_a2974.dir/link.txt --verbose=1
/usr/bin/cc      -rdynamic CMakeFiles/cmTC_a2974.dir/feature_tests.c.o  -o cmTC_a2974 
make[1]: Leaving directory '/home/namrata/stp/build/CMakeFiles/CMakeTmp'


    Feature record: C_FEATURE:1c_function_prototypes
    Feature record: C_FEATURE:1c_restrict
    Feature record: C_FEATURE:0c_static_assert
    Feature record: C_FEATURE:1c_variadic_macros


Detecting C [-std=c90] compiler features compiled with the following output:
Change Dir: /home/namrata/stp/build/CMakeFiles/CMakeTmp

Run Build Command:"/usr/bin/make" "cmTC_724be/fast"
/usr/bin/make -f CMakeFiles/cmTC_724be.dir/build.make CMakeFiles/cmTC_724be.dir/build
make[1]: Entering directory '/home/namrata/stp/build/CMakeFiles/CMakeTmp'
Building C object CMakeFiles/cmTC_724be.dir/feature_tests.c.o
/usr/bin/cc   -std=c90 -o CMakeFiles/cmTC_724be.dir/feature_tests.c.o   -c /home/namrata/stp/build/CMakeFiles/feature_tests.c
Linking C executable cmTC_724be
/usr/bin/cmake -E cmake_link_script CMakeFiles/cmTC_724be.dir/link.txt --verbose=1
/usr/bin/cc      -rdynamic CMakeFiles/cmTC_724be.dir/feature_tests.c.o  -o cmTC_724be 
make[1]: Leaving directory '/home/namrata/stp/build/CMakeFiles/CMakeTmp'


    Feature record: C_FEATURE:1c_function_prototypes
    Feature record: C_FEATURE:0c_restrict
    Feature record: C_FEATURE:0c_static_assert
    Feature record: C_FEATURE:0c_variadic_macros
Determining if the CXX compiler works passed with the following output:
Change Dir: /home/namrata/stp/build/CMakeFiles/CMakeTmp

Run Build Command:"/usr/bin/make" "cmTC_c3e5f/fast"
/usr/bin/make -f CMakeFiles/cmTC_c3e5f.dir/build.make CMakeFiles/cmTC_c3e5f.dir/build
make[1]: Entering directory '/home/namrata/stp/build/CMakeFiles/CMakeTmp'
Building CXX object CMakeFiles/cmTC_c3e5f.dir/testCXXCompiler.cxx.o
/usr/bin/c++     -o CMakeFiles/cmTC_c3e5f.dir/testCXXCompiler.cxx.o -c /home/namrata/stp/build/CMakeFiles/CMakeTmp/testCXXCompiler.cxx
Linking CXX executable cmTC_c3e5f
/usr/bin/cmake -E cmake_link_script CMakeFiles/cmTC_c3e5f.dir/link.txt --verbose=1
/usr/bin/c++       -rdynamic CMakeFiles/cmTC_c3e5f.dir/testCXXCompiler.cxx.o  -o cmTC_c3e5f 
make[1]: Leaving directory '/home/namrata/stp/build/CMakeFiles/CMakeTmp'


Detecting CXX compiler ABI info compiled with the following output:
Change Dir: /home/namrata/stp/build/CMakeFiles/CMakeTmp

Run Build Command:"/usr/bin/make" "cmTC_a6953/fast"
/usr/bin/make -f CMakeFiles/cmTC_a6953.dir/build.make CMakeFiles/cmTC_a6953.dir/build
make[1]: Entering directory '/home/namrata/stp/build/CMakeFiles/CMakeTmp'
Building CXX object CMakeFiles/cmTC_a6953.dir/CMakeCXXCompilerABI.cpp.o
/usr/bin/c++     -o CMakeFiles/cmTC_a6953.dir/CMakeCXXCompilerABI.cpp.o -c /usr/share/cmake-3.10/Modules/CMakeCXXCompilerABI.cpp
Linking CXX executable cmTC_a6953
/usr/bin/cmake -E cmake_link_script CMakeFiles/cmTC_a6953.dir/link.txt --verbose=1
/usr/bin/c++      -v -rdynamic CMakeFiles/cmTC_a6953.dir/CMakeCXXCompilerABI.cpp.o  -o cmTC_a6953 
Using built-in specs.
COLLECT_GCC=/usr/bin/c++
COLLECT_LTO_WRAPPER=/usr/lib/gcc/x86_64-linux-gnu/7/lto-wrapper
OFFLOAD_TARGET_NAMES=nvptx-none
OFFLOAD_TARGET_DEFAULT=1
Target: x86_64-linux-gnu
Configured with: ../src/configure -v --with-pkgversion='Ubuntu 7.5.0-3ubuntu1~18.04' --with-bugurl=file:///usr/share/doc/gcc-7/README.Bugs --enable-languages=c,ada,c++,go,brig,d,fortran,objc,obj-c++ --prefix=/usr --with-gcc-major-version-only --program-suffix=-7 --program-prefix=x86_64-linux-gnu- --enable-shared --enable-linker-build-id --libexecdir=/usr/lib --without-included-gettext --enable-threads=posix --libdir=/usr/lib --enable-nls --enable-bootstrap --enable-clocale=gnu --enable-libstdcxx-debug --enable-libstdcxx-time=yes --with-default-libstdcxx-abi=new --enable-gnu-unique-object --disable-vtable-verify --enable-libmpx --enable-plugin --enable-default-pie --with-system-zlib --with-target-system-zlib --enable-objc-gc=auto --enable-multiarch --disable-werror --with-arch-32=i686 --with-abi=m64 --with-multilib-list=m32,m64,mx32 --enable-multilib --with-tune=generic --enable-offload-targets=nvptx-none --without-cuda-driver --enable-checking=release --build=x86_64-linux-gnu --host=x86_64-linux-gnu --target=x86_64-linux-gnu
Thread model: posix
gcc version 7.5.0 (Ubuntu 7.5.0-3ubuntu1~18.04) 
COMPILER_PATH=/usr/lib/gcc/x86_64-linux-gnu/7/:/usr/lib/gcc/x86_64-linux-gnu/7/:/usr/lib/gcc/x86_64-linux-gnu/:/usr/lib/gcc/x86_64-linux-gnu/7/:/usr/lib/gcc/x86_64-linux-gnu/
LIBRARY_PATH=/usr/lib/gcc/x86_64-linux-gnu/7/:/usr/lib/gcc/x86_64-linux-gnu/7/../../../x86_64-linux-gnu/:/usr/lib/gcc/x86_64-linux-gnu/7/../../../../lib/:/lib/x86_64-linux-gnu/:/lib/../lib/:/usr/lib/x86_64-linux-gnu/:/usr/lib/../lib/:/usr/lib/gcc/x86_64-linux-gnu/7/../../../:/lib/:/usr/lib/
COLLECT_GCC_OPTIONS='-v' '-rdynamic' '-o' 'cmTC_a6953' '-shared-libgcc' '-mtune=generic' '-march=x86-64'
 /usr/lib/gcc/x86_64-linux-gnu/7/collect2 -plugin /usr/lib/gcc/x86_64-linux-gnu/7/liblto_plugin.so -plugin-opt=/usr/lib/gcc/x86_64-linux-gnu/7/lto-wrapper -plugin-opt=-fresolution=/tmp/ccqZbVtM.res -plugin-opt=-pass-through=-lgcc_s -plugin-opt=-pass-through=-lgcc -plugin-opt=-pass-through=-lc -plugin-opt=-pass-through=-lgcc_s -plugin-opt=-pass-through=-lgcc --build-id --eh-frame-hdr -m elf_x86_64 --hash-style=gnu --as-needed -export-dynamic -dynamic-linker /lib64/ld-linux-x86-64.so.2 -pie -z now -z relro -o cmTC_a6953 /usr/lib/gcc/x86_64-linux-gnu/7/../../../x86_64-linux-gnu/Scrt1.o /usr/lib/gcc/x86_64-linux-gnu/7/../../../x86_64-linux-gnu/crti.o /usr/lib/gcc/x86_64-linux-gnu/7/crtbeginS.o -L/usr/lib/gcc/x86_64-linux-gnu/7 -L/usr/lib/gcc/x86_64-linux-gnu/7/../../../x86_64-linux-gnu -L/usr/lib/gcc/x86_64-linux-gnu/7/../../../../lib -L/lib/x86_64-linux-gnu -L/lib/../lib -L/usr/lib/x86_64-linux-gnu -L/usr/lib/../lib -L/usr/lib/gcc/x86_64-linux-gnu/7/../../.. CMakeFiles/cmTC_a6953.dir/CMakeCXXCompilerABI.cpp.o -lstdc++ -lm -lgcc_s -lgcc -lc -lgcc_s -lgcc /usr/lib/gcc/x86_64-linux-gnu/7/crtendS.o /usr/lib/gcc/x86_64-linux-gnu/7/../../../x86_64-linux-gnu/crtn.o
COLLECT_GCC_OPTIONS='-v' '-rdynamic' '-o' 'cmTC_a6953' '-shared-libgcc' '-mtune=generic' '-march=x86-64'
make[1]: Leaving directory '/home/namrata/stp/build/CMakeFiles/CMakeTmp'


Parsed CXX implicit link information from above output:
  link line regex: [^( *|.*[/\])(ld|CMAKE_LINK_STARTFILE-NOTFOUND|([^/\]+-)?ld|collect2)[^/\]*( |$)]
  ignore line: [Change Dir: /home/namrata/stp/build/CMakeFiles/CMakeTmp]
  ignore line: []
  ignore line: [Run Build Command:"/usr/bin/make" "cmTC_a6953/fast"]
  ignore line: [/usr/bin/make -f CMakeFiles/cmTC_a6953.dir/build.make CMakeFiles/cmTC_a6953.dir/build]
  ignore line: [make[1]: Entering directory '/home/namrata/stp/build/CMakeFiles/CMakeTmp']
  ignore line: [Building CXX object CMakeFiles/cmTC_a6953.dir/CMakeCXXCompilerABI.cpp.o]
  ignore line: [/usr/bin/c++     -o CMakeFiles/cmTC_a6953.dir/CMakeCXXCompilerABI.cpp.o -c /usr/share/cmake-3.10/Modules/CMakeCXXCompilerABI.cpp]
  ignore line: [Linking CXX executable cmTC_a6953]
  ignore line: [/usr/bin/cmake -E cmake_link_script CMakeFiles/cmTC_a6953.dir/link.txt --verbose=1]
  ignore line: [/usr/bin/c++      -v -rdynamic CMakeFiles/cmTC_a6953.dir/CMakeCXXCompilerABI.cpp.o  -o cmTC_a6953 ]
  ignore line: [Using built-in specs.]
  ignore line: [COLLECT_GCC=/usr/bin/c++]
  ignore line: [COLLECT_LTO_WRAPPER=/usr/lib/gcc/x86_64-linux-gnu/7/lto-wrapper]
  ignore line: [OFFLOAD_TARGET_NAMES=nvptx-none]
  ignore line: [OFFLOAD_TARGET_DEFAULT=1]
  ignore line: [Target: x86_64-linux-gnu]
  ignore line: [Configured with: ../src/configure -v --with-pkgversion='Ubuntu 7.5.0-3ubuntu1~18.04' --with-bugurl=file:///usr/share/doc/gcc-7/README.Bugs --enable-languages=c,ada,c++,go,brig,d,fortran,objc,obj-c++ --prefix=/usr --with-gcc-major-version-only --program-suffix=-7 --program-prefix=x86_64-linux-gnu- --enable-shared --enable-linker-build-id --libexecdir=/usr/lib --without-included-gettext --enable-threads=posix --libdir=/usr/lib --enable-nls --enable-bootstrap --enable-clocale=gnu --enable-libstdcxx-debug --enable-libstdcxx-time=yes --with-default-libstdcxx-abi=new --enable-gnu-unique-object --disable-vtable-verify --enable-libmpx --enable-plugin --enable-default-pie --with-system-zlib --with-target-system-zlib --enable-objc-gc=auto --enable-multiarch --disable-werror --with-arch-32=i686 --with-abi=m64 --with-multilib-list=m32,m64,mx32 --enable-multilib --with-tune=generic --enable-offload-targets=nvptx-none --without-cuda-driver --enable-checking=release --build=x86_64-linux-gnu --host=x86_64-linux-gnu --target=x86_64-linux-gnu]
  ignore line: [Thread model: posix]
  ignore line: [gcc version 7.5.0 (Ubuntu 7.5.0-3ubuntu1~18.04) ]
  ignore line: [COMPILER_PATH=/usr/lib/gcc/x86_64-linux-gnu/7/:/usr/lib/gcc/x86_64-linux-gnu/7/:/usr/lib/gcc/x86_64-linux-gnu/:/usr/lib/gcc/x86_64-linux-gnu/7/:/usr/lib/gcc/x86_64-linux-gnu/]
  ignore line: [LIBRARY_PATH=/usr/lib/gcc/x86_64-linux-gnu/7/:/usr/lib/gcc/x86_64-linux-gnu/7/../../../x86_64-linux-gnu/:/usr/lib/gcc/x86_64-linux-gnu/7/../../../../lib/:/lib/x86_64-linux-gnu/:/lib/../lib/:/usr/lib/x86_64-linux-gnu/:/usr/lib/../lib/:/usr/lib/gcc/x86_64-linux-gnu/7/../../../:/lib/:/usr/lib/]
  ignore line: [COLLECT_GCC_OPTIONS='-v' '-rdynamic' '-o' 'cmTC_a6953' '-shared-libgcc' '-mtune=generic' '-march=x86-64']
  link line: [ /usr/lib/gcc/x86_64-linux-gnu/7/collect2 -plugin /usr/lib/gcc/x86_64-linux-gnu/7/liblto_plugin.so -plugin-opt=/usr/lib/gcc/x86_64-linux-gnu/7/lto-wrapper -plugin-opt=-fresolution=/tmp/ccqZbVtM.res -plugin-opt=-pass-through=-lgcc_s -plugin-opt=-pass-through=-lgcc -plugin-opt=-pass-through=-lc -plugin-opt=-pass-through=-lgcc_s -plugin-opt=-pass-through=-lgcc --build-id --eh-frame-hdr -m elf_x86_64 --hash-style=gnu --as-needed -export-dynamic -dynamic-linker /lib64/ld-linux-x86-64.so.2 -pie -z now -z relro -o cmTC_a6953 /usr/lib/gcc/x86_64-linux-gnu/7/../../../x86_64-linux-gnu/Scrt1.o /usr/lib/gcc/x86_64-linux-gnu/7/../../../x86_64-linux-gnu/crti.o /usr/lib/gcc/x86_64-linux-gnu/7/crtbeginS.o -L/usr/lib/gcc/x86_64-linux-gnu/7 -L/usr/lib/gcc/x86_64-linux-gnu/7/../../../x86_64-linux-gnu -L/usr/lib/gcc/x86_64-linux-gnu/7/../../../../lib -L/lib/x86_64-linux-gnu -L/lib/../lib -L/usr/lib/x86_64-linux-gnu -L/usr/lib/../lib -L/usr/lib/gcc/x86_64-linux-gnu/7/../../.. CMakeFiles/cmTC_a6953.dir/CMakeCXXCompilerABI.cpp.o -lstdc++ -lm -lgcc_s -lgcc -lc -lgcc_s -lgcc /usr/lib/gcc/x86_64-linux-gnu/7/crtendS.o /usr/lib/gcc/x86_64-linux-gnu/7/../../../x86_64-linux-gnu/crtn.o]
    arg [/usr/lib/gcc/x86_64-linux-gnu/7/collect2] ==> ignore
    arg [-plugin] ==> ignore
    arg [/usr/lib/gcc/x86_64-linux-gnu/7/liblto_plugin.so] ==> ignore
    arg [-plugin-opt=/usr/lib/gcc/x86_64-linux-gnu/7/lto-wrapper] ==> ignore
    arg [-plugin-opt=-fresolution=/tmp/ccqZbVtM.res] ==> ignore
    arg [-plugin-opt=-pass-through=-lgcc_s] ==> ignore
    arg [-plugin-opt=-pass-through=-lgcc] ==> ignore
    arg [-plugin-opt=-pass-through=-lc] ==> ignore
    arg [-plugin-opt=-pass-through=-lgcc_s] ==> ignore
    arg [-plugin-opt=-pass-through=-lgcc] ==> ignore
    arg [--build-id] ==> ignore
    arg [--eh-frame-hdr] ==> ignore
    arg [-m] ==> ignore
    arg [elf_x86_64] ==> ignore
    arg [--hash-style=gnu] ==> ignore
    arg [--as-needed] ==> ignore
    arg [-export-dynamic] ==> ignore
    arg [-dynamic-linker] ==> ignore
    arg [/lib64/ld-linux-x86-64.so.2] ==> ignore
    arg [-pie] ==> ignore
    arg [-znow] ==> ignore
    arg [-zrelro] ==> ignore
    arg [-o] ==> ignore
    arg [cmTC_a6953] ==> ignore
    arg [/usr/lib/gcc/x86_64-linux-gnu/7/../../../x86_64-linux-gnu/Scrt1.o] ==> ignore
    arg [/usr/lib/gcc/x86_64-linux-gnu/7/../../../x86_64-linux-gnu/crti.o] ==> ignore
    arg [/usr/lib/gcc/x86_64-linux-gnu/7/crtbeginS.o] ==> ignore
    arg [-L/usr/lib/gcc/x86_64-linux-gnu/7] ==> dir [/usr/lib/gcc/x86_64-linux-gnu/7]
    arg [-L/usr/lib/gcc/x86_64-linux-gnu/7/../../../x86_64-linux-gnu] ==> dir [/usr/lib/gcc/x86_64-linux-gnu/7/../../../x86_64-linux-gnu]
    arg [-L/usr/lib/gcc/x86_64-linux-gnu/7/../../../../lib] ==> dir [/usr/lib/gcc/x86_64-linux-gnu/7/../../../../lib]
    arg [-L/lib/x86_64-linux-gnu] ==> dir [/lib/x86_64-linux-gnu]
    arg [-L/lib/../lib] ==> dir [/lib/../lib]
    arg [-L/usr/lib/x86_64-linux-gnu] ==> dir [/usr/lib/x86_64-linux-gnu]
    arg [-L/usr/lib/../lib] ==> dir [/usr/lib/../lib]
    arg [-L/usr/lib/gcc/x86_64-linux-gnu/7/../../..] ==> dir [/usr/lib/gcc/x86_64-linux-gnu/7/../../..]
    arg [CMakeFiles/cmTC_a6953.dir/CMakeCXXCompilerABI.cpp.o] ==> ignore
    arg [-lstdc++] ==> lib [stdc++]
    arg [-lm] ==> lib [m]
    arg [-lgcc_s] ==> lib [gcc_s]
    arg [-lgcc] ==> lib [gcc]
    arg [-lc] ==> lib [c]
    arg [-lgcc_s] ==> lib [gcc_s]
    arg [-lgcc] ==> lib [gcc]
    arg [/usr/lib/gcc/x86_64-linux-gnu/7/crtendS.o] ==> ignore
    arg [/usr/lib/gcc/x86_64-linux-gnu/7/../../../x86_64-linux-gnu/crtn.o] ==> ignore
  collapse library dir [/usr/lib/gcc/x86_64-linux-gnu/7] ==> [/usr/lib/gcc/x86_64-linux-gnu/7]
  collapse library dir [/usr/lib/gcc/x86_64-linux-gnu/7/../../../x86_64-linux-gnu] ==> [/usr/lib/x86_64-linux-gnu]
  collapse library dir [/usr/lib/gcc/x86_64-linux-gnu/7/../../../../lib] ==> [/usr/lib]
  collapse library dir [/lib/x86_64-linux-gnu] ==> [/lib/x86_64-linux-gnu]
  collapse library dir [/lib/../lib] ==> [/lib]
  collapse library dir [/usr/lib/x86_64-linux-gnu] ==> [/usr/lib/x86_64-linux-gnu]
  collapse library dir [/usr/lib/../lib] ==> [/usr/lib]
  collapse library dir [/usr/lib/gcc/x86_64-linux-gnu/7/../../..] ==> [/usr/lib]
  implicit libs: [stdc++;m;gcc_s;gcc;c;gcc_s;gcc]
  implicit dirs: [/usr/lib/gcc/x86_64-linux-gnu/7;/usr/lib/x86_64-linux-gnu;/usr/lib;/lib/x86_64-linux-gnu;/lib]
  implicit fwks: []




Detecting CXX [-std=c++1z] compiler features compiled with the following output:
Change Dir: /home/namrata/stp/build/CMakeFiles/CMakeTmp

Run Build Command:"/usr/bin/make" "cmTC_41558/fast"
/usr/bin/make -f CMakeFiles/cmTC_41558.dir/build.make CMakeFiles/cmTC_41558.dir/build
make[1]: Entering directory '/home/namrata/stp/build/CMakeFiles/CMakeTmp'
Building CXX object CMakeFiles/cmTC_41558.dir/feature_tests.cxx.o
/usr/bin/c++    -std=c++1z -o CMakeFiles/cmTC_41558.dir/feature_tests.cxx.o -c /home/namrata/stp/build/CMakeFiles/feature_tests.cxx
Linking CXX executable cmTC_41558
/usr/bin/cmake -E cmake_link_script CMakeFiles/cmTC_41558.dir/link.txt --verbose=1
/usr/bin/c++       -rdynamic CMakeFiles/cmTC_41558.dir/feature_tests.cxx.o  -o cmTC_41558 
make[1]: Leaving directory '/home/namrata/stp/build/CMakeFiles/CMakeTmp'


    Feature record: CXX_FEATURE:1cxx_aggregate_default_initializers
    Feature record: CXX_FEATURE:1cxx_alias_templates
    Feature record: CXX_FEATURE:1cxx_alignas
    Feature record: CXX_FEATURE:1cxx_alignof
    Feature record: CXX_FEATURE:1cxx_attributes
    Feature record: CXX_FEATURE:1cxx_attribute_deprecated
    Feature record: CXX_FEATURE:1cxx_auto_type
    Feature record: CXX_FEATURE:1cxx_binary_literals
    Feature record: CXX_FEATURE:1cxx_constexpr
    Feature record: CXX_FEATURE:1cxx_contextual_conversions
    Feature record: CXX_FEATURE:1cxx_decltype
    Feature record: CXX_FEATURE:1cxx_decltype_auto
    Feature record: CXX_FEATURE:1cxx_decltype_incomplete_return_types
    Feature record: CXX_FEATURE:1cxx_default_function_template_args
    Feature record: CXX_FEATURE:1cxx_defaulted_functions
    Feature record: CXX_FEATURE:1cxx_defaulted_move_initializers
    Feature record: CXX_FEATURE:1cxx_delegating_constructors
    Feature record: CXX_FEATURE:1cxx_deleted_functions
    Feature record: CXX_FEATURE:1cxx_digit_separators
    Feature record: CXX_FEATURE:1cxx_enum_forward_declarations
    Feature record: CXX_FEATURE:1cxx_explicit_conversions
    Feature record: CXX_FEATURE:1cxx_extended_friend_declarations
    Feature record: CXX_FEATURE:1cxx_extern_templates
    Feature record: CXX_FEATURE:1cxx_final
    Feature record: CXX_FEATURE:1cxx_func_identifier
    Feature record: CXX_FEATURE:1cxx_generalized_initializers
    Feature record: CXX_FEATURE:1cxx_generic_lambdas
    Feature record: CXX_FEATURE:1cxx_inheriting_constructors
    Feature record: CXX_FEATURE:1cxx_inline_namespaces
    Feature record: CXX_FEATURE:1cxx_lambdas
    Feature record: CXX_FEATURE:1cxx_lambda_init_captures
    Feature record: CXX_FEATURE:1cxx_local_type_template_args
    Feature record: CXX_FEATURE:1cxx_long_long_type
    Feature record: CXX_FEATURE:1cxx_noexcept
    Feature record: CXX_FEATURE:1cxx_nonstatic_member_init
    Feature record: CXX_FEATURE:1cxx_nullptr
    Feature record: CXX_FEATURE:1cxx_override
    Feature record: CXX_FEATURE:1cxx_range_for
    Feature record: CXX_FEATURE:1cxx_raw_string_literals
    Feature record: CXX_FEATURE:1cxx_reference_qualified_functions
    Feature record: CXX_FEATURE:1cxx_relaxed_constexpr
    Feature record: CXX_FEATURE:1cxx_return_type_deduction
    Feature record: CXX_FEATURE:1cxx_right_angle_brackets
    Feature record: CXX_FEATURE:1cxx_rvalue_references
    Feature record: CXX_FEATURE:1cxx_sizeof_member
    Feature record: CXX_FEATURE:1cxx_static_assert
    Feature record: CXX_FEATURE:1cxx_strong_enums
    Feature record: CXX_FEATURE:1cxx_template_template_parameters
    Feature record: CXX_FEATURE:1cxx_thread_local
    Feature record: CXX_FEATURE:1cxx_trailing_return_types
    Feature record: CXX_FEATURE:1cxx_unicode_literals
    Feature record: CXX_FEATURE:1cxx_uniform_initialization
    Feature record: CXX_FEATURE:1cxx_unrestricted_unions
    Feature record: CXX_FEATURE:1cxx_user_literals
    Feature record: CXX_FEATURE:1cxx_variable_templates
    Feature record: CXX_FEATURE:1cxx_variadic_macros
    Feature record: CXX_FEATURE:1cxx_variadic_templates


Detecting CXX [-std=c++14] compiler features compiled with the following output:
Change Dir: /home/namrata/stp/build/CMakeFiles/CMakeTmp

Run Build Command:"/usr/bin/make" "cmTC_9646a/fast"
/usr/bin/make -f CMakeFiles/cmTC_9646a.dir/build.make CMakeFiles/cmTC_9646a.dir/build
make[1]: Entering directory '/home/namrata/stp/build/CMakeFiles/CMakeTmp'
Building CXX object CMakeFiles/cmTC_9646a.dir/feature_tests.cxx.o
/usr/bin/c++    -std=c++14 -o CMakeFiles/cmTC_9646a.dir/feature_tests.cxx.o -c /home/namrata/stp/build/CMakeFiles/feature_tests.cxx
Linking CXX executable cmTC_9646a
/usr/bin/cmake -E cmake_link_script CMakeFiles/cmTC_9646a.dir/link.txt --verbose=1
/usr/bin/c++       -rdynamic CMakeFiles/cmTC_9646a.dir/feature_tests.cxx.o  -o cmTC_9646a 
make[1]: Leaving directory '/home/namrata/stp/build/CMakeFiles/CMakeTmp'


    Feature record: CXX_FEATURE:1cxx_aggregate_default_initializers
    Feature record: CXX_FEATURE:1cxx_alias_templates
    Feature record: CXX_FEATURE:1cxx_alignas
    Feature record: CXX_FEATURE:1cxx_alignof
    Feature record: CXX_FEATURE:1cxx_attributes
    Feature record: CXX_FEATURE:1cxx_attribute_deprecated
    Feature record: CXX_FEATURE:1cxx_auto_type
    Feature record: CXX_FEATURE:1cxx_binary_literals
    Feature record: CXX_FEATURE:1cxx_constexpr
    Feature record: CXX_FEATURE:1cxx_contextual_conversions
    Feature record: CXX_FEATURE:1cxx_decltype
    Feature record: CXX_FEATURE:1cxx_decltype_auto
    Feature record: CXX_FEATURE:1cxx_decltype_incomplete_return_types
    Feature record: CXX_FEATURE:1cxx_default_function_template_args
    Feature record: CXX_FEATURE:1cxx_defaulted_functions
    Feature record: CXX_FEATURE:1cxx_defaulted_move_initializers
    Feature record: CXX_FEATURE:1cxx_delegating_constructors
    Feature record: CXX_FEATURE:1cxx_deleted_functions
    Feature record: CXX_FEATURE:1cxx_digit_separators
    Feature record: CXX_FEATURE:1cxx_enum_forward_declarations
    Feature record: CXX_FEATURE:1cxx_explicit_conversions
    Feature record: CXX_FEATURE:1cxx_extended_friend_declarations
    Feature record: CXX_FEATURE:1cxx_extern_templates
    Feature record: CXX_FEATURE:1cxx_final
    Feature record: CXX_FEATURE:1cxx_func_identifier
    Feature record: CXX_FEATURE:1cxx_generalized_initializers
    Feature record: CXX_FEATURE:1cxx_generic_lambdas
    Feature record: CXX_FEATURE:1cxx_inheriting_constructors
    Feature record: CXX_FEATURE:1cxx_inline_namespaces
    Feature record: CXX_FEATURE:1cxx_lambdas
    Feature record: CXX_FEATURE:1cxx_lambda_init_captures
    Feature record: CXX_FEATURE:1cxx_local_type_template_args
    Feature record: CXX_FEATURE:1cxx_long_long_type
    Feature record: CXX_FEATURE:1cxx_noexcept
    Feature record: CXX_FEATURE:1cxx_nonstatic_member_init
    Feature record: CXX_FEATURE:1cxx_nullptr
    Feature record: CXX_FEATURE:1cxx_override
    Feature record: CXX_FEATURE:1cxx_range_for
    Feature record: CXX_FEATURE:1cxx_raw_string_literals
    Feature record: CXX_FEATURE:1cxx_reference_qualified_functions
    Feature record: CXX_FEATURE:1cxx_relaxed_constexpr
    Feature record: CXX_FEATURE:1cxx_return_type_deduction
    Feature record: CXX_FEATURE:1cxx_right_angle_brackets
    Feature record: CXX_FEATURE:1cxx_rvalue_references
    Feature record: CXX_FEATURE:1cxx_sizeof_member
    Feature record: CXX_FEATURE:1cxx_static_assert
    Feature record: CXX_FEATURE:1cxx_strong_enums
    Feature record: CXX_FEATURE:1cxx_template_template_parameters
    Feature record: CXX_FEATURE:1cxx_thread_local
    Feature record: CXX_FEATURE:1cxx_trailing_return_types
    Feature record: CXX_FEATURE:1cxx_unicode_literals
    Feature record: CXX_FEATURE:1cxx_uniform_initialization
    Feature record: CXX_FEATURE:1cxx_unrestricted_unions
    Feature record: CXX_FEATURE:1cxx_user_literals
    Feature record: CXX_FEATURE:1cxx_variable_templates
    Feature record: CXX_FEATURE:1cxx_variadic_macros
    Feature record: CXX_FEATURE:1cxx_variadic_templates


Detecting CXX [-std=c++11] compiler features compiled with the following output:
Change Dir: /home/namrata/stp/build/CMakeFiles/CMakeTmp

Run Build Command:"/usr/bin/make" "cmTC_33fe1/fast"
/usr/bin/make -f CMakeFiles/cmTC_33fe1.dir/build.make CMakeFiles/cmTC_33fe1.dir/build
make[1]: Entering directory '/home/namrata/stp/build/CMakeFiles/CMakeTmp'
Building CXX object CMakeFiles/cmTC_33fe1.dir/feature_tests.cxx.o
/usr/bin/c++    -std=c++11 -o CMakeFiles/cmTC_33fe1.dir/feature_tests.cxx.o -c /home/namrata/stp/build/CMakeFiles/feature_tests.cxx
Linking CXX executable cmTC_33fe1
/usr/bin/cmake -E cmake_link_script CMakeFiles/cmTC_33fe1.dir/link.txt --verbose=1
/usr/bin/c++       -rdynamic CMakeFiles/cmTC_33fe1.dir/feature_tests.cxx.o  -o cmTC_33fe1 
make[1]: Leaving directory '/home/namrata/stp/build/CMakeFiles/CMakeTmp'


    Feature record: CXX_FEATURE:0cxx_aggregate_default_initializers
    Feature record: CXX_FEATURE:1cxx_alias_templates
    Feature record: CXX_FEATURE:1cxx_alignas
    Feature record: CXX_FEATURE:1cxx_alignof
    Feature record: CXX_FEATURE:1cxx_attributes
    Feature record: CXX_FEATURE:0cxx_attribute_deprecated
    Feature record: CXX_FEATURE:1cxx_auto_type
    Feature record: CXX_FEATURE:0cxx_binary_literals
    Feature record: CXX_FEATURE:1cxx_constexpr
    Feature record: CXX_FEATURE:0cxx_contextual_conversions
    Feature record: CXX_FEATURE:1cxx_decltype
    Feature record: CXX_FEATURE:0cxx_decltype_auto
    Feature record: CXX_FEATURE:1cxx_decltype_incomplete_return_types
    Feature record: CXX_FEATURE:1cxx_default_function_template_args
    Feature record: CXX_FEATURE:1cxx_defaulted_functions
    Feature record: CXX_FEATURE:1cxx_defaulted_move_initializers
    Feature record: CXX_FEATURE:1cxx_delegating_constructors
    Feature record: CXX_FEATURE:1cxx_deleted_functions
    Feature record: CXX_FEATURE:0cxx_digit_separators
    Feature record: CXX_FEATURE:1cxx_enum_forward_declarations
    Feature record: CXX_FEATURE:1cxx_explicit_conversions
    Feature record: CXX_FEATURE:1cxx_extended_friend_declarations
    Feature record: CXX_FEATURE:1cxx_extern_templates
    Feature record: CXX_FEATURE:1cxx_final
    Feature record: CXX_FEATURE:1cxx_func_identifier
    Feature record: CXX_FEATURE:1cxx_generalized_initializers
    Feature record: CXX_FEATURE:0cxx_generic_lambdas
    Feature record: CXX_FEATURE:1cxx_inheriting_constructors
    Feature record: CXX_FEATURE:1cxx_inline_namespaces
    Feature record: CXX_FEATURE:1cxx_lambdas
    Feature record: CXX_FEATURE:0cxx_lambda_init_captures
    Feature record: CXX_FEATURE:1cxx_local_type_template_args
    Feature record: CXX_FEATURE:1cxx_long_long_type
    Feature record: CXX_FEATURE:1cxx_noexcept
    Feature record: CXX_FEATURE:1cxx_nonstatic_member_init
    Feature record: CXX_FEATURE:1cxx_nullptr
    Feature record: CXX_FEATURE:1cxx_override
    Feature record: CXX_FEATURE:1cxx_range_for
    Feature record: CXX_FEATURE:1cxx_raw_string_literals
    Feature record: CXX_FEATURE:1cxx_reference_qualified_functions
    Feature record: CXX_FEATURE:0cxx_relaxed_constexpr
    Feature record: CXX_FEATURE:0cxx_return_type_deduction
    Feature record: CXX_FEATURE:1cxx_right_angle_brackets
    Feature record: CXX_FEATURE:1cxx_rvalue_references
    Feature record: CXX_FEATURE:1cxx_sizeof_member
    Feature record: CXX_FEATURE:1cxx_static_assert
    Feature record: CXX_FEATURE:1cxx_strong_enums
    Feature record: CXX_FEATURE:1cxx_template_template_parameters
    Feature record: CXX_FEATURE:1cxx_thread_local
    Feature record: CXX_FEATURE:1cxx_trailing_return_types
    Feature record: CXX_FEATURE:1cxx_unicode_literals
    Feature record: CXX_FEATURE:1cxx_uniform_initialization
    Feature record: CXX_FEATURE:1cxx_unrestricted_unions
    Feature record: CXX_FEATURE:1cxx_user_literals
    Feature record: CXX_FEATURE:0cxx_variable_templates
    Feature record: CXX_FEATURE:1cxx_variadic_macros
    Feature record: CXX_FEATURE:1cxx_variadic_templates


Detecting CXX [-std=c++98] compiler features compiled with the following output:
Change Dir: /home/namrata/stp/build/CMakeFiles/CMakeTmp

Run Build Command:"/usr/bin/make" "cmTC_9e479/fast"
/usr/bin/make -f CMakeFiles/cmTC_9e479.dir/build.make CMakeFiles/cmTC_9e479.dir/build
make[1]: Entering directory '/home/namrata/stp/build/CMakeFiles/CMakeTmp'
Building CXX object CMakeFiles/cmTC_9e479.dir/feature_tests.cxx.o
/usr/bin/c++    -std=c++98 -o CMakeFiles/cmTC_9e479.dir/feature_tests.cxx.o -c /home/namrata/stp/build/CMakeFiles/feature_tests.cxx
Linking CXX executable cmTC_9e479
/usr/bin/cmake -E cmake_link_script CMakeFiles/cmTC_9e479.dir/link.txt --verbose=1
/usr/bin/c++       -rdynamic CMakeFiles/cmTC_9e479.dir/feature_tests.cxx.o  -o cmTC_9e479 
make[1]: Leaving directory '/home/namrata/stp/build/CMakeFiles/CMakeTmp'


    Feature record: CXX_FEATURE:0cxx_aggregate_default_initializers
    Feature record: CXX_FEATURE:0cxx_alias_templates
    Feature record: CXX_FEATURE:0cxx_alignas
    Feature record: CXX_FEATURE:0cxx_alignof
    Feature record: CXX_FEATURE:0cxx_attributes
    Feature record: CXX_FEATURE:0cxx_attribute_deprecated
    Feature record: CXX_FEATURE:0cxx_auto_type
    Feature record: CXX_FEATURE:0cxx_binary_literals
    Feature record: CXX_FEATURE:0cxx_constexpr
    Feature record: CXX_FEATURE:0cxx_contextual_conversions
    Feature record: CXX_FEATURE:0cxx_decltype
    Feature record: CXX_FEATURE:0cxx_decltype_auto
    Feature record: CXX_FEATURE:0cxx_decltype_incomplete_return_types
    Feature record: CXX_FEATURE:0cxx_default_function_template_args
    Feature record: CXX_FEATURE:0cxx_defaulted_functions
    Feature record: CXX_FEATURE:0cxx_defaulted_move_initializers
    Feature record: CXX_FEATURE:0cxx_delegating_constructors
    Feature record: CXX_FEATURE:0cxx_deleted_functions
    Feature record: CXX_FEATURE:0cxx_digit_separators
    Feature record: CXX_FEATURE:0cxx_enum_forward_declarations
    Feature record: CXX_FEATURE:0cxx_explicit_conversions
    Feature record: CXX_FEATURE:0cxx_extended_friend_declarations
    Feature record: CXX_FEATURE:0cxx_extern_templates
    Feature record: CXX_FEATURE:0cxx_final
    Feature record: CXX_FEATURE:0cxx_func_identifier
    Feature record: CXX_FEATURE:0cxx_generalized_initializers
    Feature record: CXX_FEATURE:0cxx_generic_lambdas
    Feature record: CXX_FEATURE:0cxx_inheriting_constructors
    Feature record: CXX_FEATURE:0cxx_inline_namespaces
    Feature record: CXX_FEATURE:0cxx_lambdas
    Feature record: CXX_FEATURE:0cxx_lambda_init_captures
    Feature record: CXX_FEATURE:0cxx_local_type_template_args
    Feature record: CXX_FEATURE:0cxx_long_long_type
    Feature record: CXX_FEATURE:0cxx_noexcept
    Feature record: CXX_FEATURE:0cxx_nonstatic_member_init
    Feature record: CXX_FEATURE:0cxx_nullptr
    Feature record: CXX_FEATURE:0cxx_override
    Feature record: CXX_FEATURE:0cxx_range_for
    Feature record: CXX_FEATURE:0cxx_raw_string_literals
    Feature record: CXX_FEATURE:0cxx_reference_qualified_functions
    Feature record: CXX_FEATURE:0cxx_relaxed_constexpr
    Feature record: CXX_FEATURE:0cxx_return_type_deduction
    Feature record: CXX_FEATURE:0cxx_right_angle_brackets
    Feature record: CXX_FEATURE:0cxx_rvalue_references
    Feature record: CXX_FEATURE:0cxx_sizeof_member
    Feature record: CXX_FEATURE:0cxx_static_assert
    Feature record: CXX_FEATURE:0cxx_strong_enums
    Feature record: CXX_FEATURE:1cxx_template_template_parameters
    Feature record: CXX_FEATURE:0cxx_thread_local
    Feature record: CXX_FEATURE:0cxx_trailing_return_types
    Feature record: CXX_FEATURE:0cxx_unicode_literals
    Feature record: CXX_FEATURE:0cxx_uniform_initialization
    Feature record: CXX_FEATURE:0cxx_unrestricted_unions
    Feature record: CXX_FEATURE:0cxx_user_literals
    Feature record: CXX_FEATURE:0cxx_variable_templates
    Feature record: CXX_FEATURE:0cxx_variadic_macros
    Feature record: CXX_FEATURE:0cxx_variadic_templates
Performing C++ SOURCE FILE Test HAVE_FLAG_STD_CPP11 succeeded with the following output:
Change Dir: /home/namrata/stp/build/CMakeFiles/CMakeTmp

Run Build Command:"/usr/bin/make" "cmTC_7a283/fast"
/usr/bin/make -f CMakeFiles/cmTC_7a283.dir/build.make CMakeFiles/cmTC_7a283.dir/build
make[1]: Entering directory '/home/namrata/stp/build/CMakeFiles/CMakeTmp'
Building CXX object CMakeFiles/cmTC_7a283.dir/src.cxx.o
/usr/bin/c++    -DHAVE_FLAG_STD_CPP11   -std=c++11 -o CMakeFiles/cmTC_7a283.dir/src.cxx.o -c /home/namrata/stp/build/CMakeFiles/CMakeTmp/src.cxx
Linking CXX executable cmTC_7a283
/usr/bin/cmake -E cmake_link_script CMakeFiles/cmTC_7a283.dir/link.txt --verbose=1
/usr/bin/c++   -DHAVE_FLAG_STD_CPP11    -rdynamic CMakeFiles/cmTC_7a283.dir/src.cxx.o  -o cmTC_7a283 
make[1]: Leaving directory '/home/namrata/stp/build/CMakeFiles/CMakeTmp'

Source file was:
int main() { return 0; }
Performing C++ SOURCE FILE Test HAVE_FLAG_STD_GNUCPP11 succeeded with the following output:
Change Dir: /home/namrata/stp/build/CMakeFiles/CMakeTmp

Run Build Command:"/usr/bin/make" "cmTC_412ef/fast"
/usr/bin/make -f CMakeFiles/cmTC_412ef.dir/build.make CMakeFiles/cmTC_412ef.dir/build
make[1]: Entering directory '/home/namrata/stp/build/CMakeFiles/CMakeTmp'
Building CXX object CMakeFiles/cmTC_412ef.dir/src.cxx.o
/usr/bin/c++    -DHAVE_FLAG_STD_GNUCPP11   -std=gnu++11 -o CMakeFiles/cmTC_412ef.dir/src.cxx.o -c /home/namrata/stp/build/CMakeFiles/CMakeTmp/src.cxx
Linking CXX executable cmTC_412ef
/usr/bin/cmake -E cmake_link_script CMakeFiles/cmTC_412ef.dir/link.txt --verbose=1
/usr/bin/c++   -DHAVE_FLAG_STD_GNUCPP11    -rdynamic CMakeFiles/cmTC_412ef.dir/src.cxx.o  -o cmTC_412ef 
make[1]: Leaving directory '/home/namrata/stp/build/CMakeFiles/CMakeTmp'

Source file was:
int main() { return 0; }
Performing C++ SOURCE FILE Test HAVE_FLAG_STD_GNUCPP0X succeeded with the following output:
Change Dir: /home/namrata/stp/build/CMakeFiles/CMakeTmp

Run Build Command:"/usr/bin/make" "cmTC_8b833/fast"
/usr/bin/make -f CMakeFiles/cmTC_8b833.dir/build.make CMakeFiles/cmTC_8b833.dir/build
make[1]: Entering directory '/home/namrata/stp/build/CMakeFiles/CMakeTmp'
Building CXX object CMakeFiles/cmTC_8b833.dir/src.cxx.o
/usr/bin/c++    -DHAVE_FLAG_STD_GNUCPP0X   -std=gnu++0x -o CMakeFiles/cmTC_8b833.dir/src.cxx.o -c /home/namrata/stp/build/CMakeFiles/CMakeTmp/src.cxx
Linking CXX executable cmTC_8b833
/usr/bin/cmake -E cmake_link_script CMakeFiles/cmTC_8b833.dir/link.txt --verbose=1
/usr/bin/c++   -DHAVE_FLAG_STD_GNUCPP0X    -rdynamic CMakeFiles/cmTC_8b833.dir/src.cxx.o  -o cmTC_8b833 
make[1]: Leaving directory '/home/namrata/stp/build/CMakeFiles/CMakeTmp'

Source file was:
int main() { return 0; }
Performing C++ SOURCE FILE Test HAVE_FLAG_STD_CPP0X succeeded with the following output:
Change Dir: /home/namrata/stp/build/CMakeFiles/CMakeTmp

Run Build Command:"/usr/bin/make" "cmTC_e2365/fast"
/usr/bin/make -f CMakeFiles/cmTC_e2365.dir/build.make CMakeFiles/cmTC_e2365.dir/build
make[1]: Entering directory '/home/namrata/stp/build/CMakeFiles/CMakeTmp'
Building CXX object CMakeFiles/cmTC_e2365.dir/src.cxx.o
/usr/bin/c++    -DHAVE_FLAG_STD_CPP0X   -std=c++0x -o CMakeFiles/cmTC_e2365.dir/src.cxx.o -c /home/namrata/stp/build/CMakeFiles/CMakeTmp/src.cxx
Linking CXX executable cmTC_e2365
/usr/bin/cmake -E cmake_link_script CMakeFiles/cmTC_e2365.dir/link.txt --verbose=1
/usr/bin/c++   -DHAVE_FLAG_STD_CPP0X    -rdynamic CMakeFiles/cmTC_e2365.dir/src.cxx.o  -o cmTC_e2365 
make[1]: Leaving directory '/home/namrata/stp/build/CMakeFiles/CMakeTmp'

Source file was:
int main() { return 0; }
Performing C++ SOURCE FILE Test HAVE_FLAG_CPP03 succeeded with the following output:
Change Dir: /home/namrata/stp/build/CMakeFiles/CMakeTmp

Run Build Command:"/usr/bin/make" "cmTC_318be/fast"
/usr/bin/make -f CMakeFiles/cmTC_318be.dir/build.make CMakeFiles/cmTC_318be.dir/build
make[1]: Entering directory '/home/namrata/stp/build/CMakeFiles/CMakeTmp'
Building CXX object CMakeFiles/cmTC_318be.dir/src.cxx.o
/usr/bin/c++    -DHAVE_FLAG_CPP03   -std=c++03 -o CMakeFiles/cmTC_318be.dir/src.cxx.o -c /home/namrata/stp/build/CMakeFiles/CMakeTmp/src.cxx
Linking CXX executable cmTC_318be
/usr/bin/cmake -E cmake_link_script CMakeFiles/cmTC_318be.dir/link.txt --verbose=1
/usr/bin/c++   -DHAVE_FLAG_CPP03    -rdynamic CMakeFiles/cmTC_318be.dir/src.cxx.o  -o cmTC_318be 
make[1]: Leaving directory '/home/namrata/stp/build/CMakeFiles/CMakeTmp'

Source file was:
int main() { return 0; }
Performing C++ SOURCE FILE Test HAVE_FLAG_-Wall succeeded with the following output:
Change Dir: /home/namrata/stp/build/CMakeFiles/CMakeTmp

Run Build Command:"/usr/bin/make" "cmTC_5d5ae/fast"
/usr/bin/make -f CMakeFiles/cmTC_5d5ae.dir/build.make CMakeFiles/cmTC_5d5ae.dir/build
make[1]: Entering directory '/home/namrata/stp/build/CMakeFiles/CMakeTmp'
Building CXX object CMakeFiles/cmTC_5d5ae.dir/src.cxx.o
/usr/bin/c++    -std=c++11  -DHAVE_FLAG_-Wall   -Wall -o CMakeFiles/cmTC_5d5ae.dir/src.cxx.o -c /home/namrata/stp/build/CMakeFiles/CMakeTmp/src.cxx
<command-line>:0:11: warning: ISO C++11 requires whitespace after the macro name
Linking CXX executable cmTC_5d5ae
/usr/bin/cmake -E cmake_link_script CMakeFiles/cmTC_5d5ae.dir/link.txt --verbose=1
/usr/bin/c++  -std=c++11  -DHAVE_FLAG_-Wall    -rdynamic CMakeFiles/cmTC_5d5ae.dir/src.cxx.o  -o cmTC_5d5ae 
make[1]: Leaving directory '/home/namrata/stp/build/CMakeFiles/CMakeTmp'

Source file was:
int main() { return 0; }
Performing C++ SOURCE FILE Test HAVE_FLAG_-Wextra succeeded with the following output:
Change Dir: /home/namrata/stp/build/CMakeFiles/CMakeTmp

Run Build Command:"/usr/bin/make" "cmTC_22474/fast"
/usr/bin/make -f CMakeFiles/cmTC_22474.dir/build.make CMakeFiles/cmTC_22474.dir/build
make[1]: Entering directory '/home/namrata/stp/build/CMakeFiles/CMakeTmp'
Building CXX object CMakeFiles/cmTC_22474.dir/src.cxx.o
/usr/bin/c++    -std=c++11  -Wall -DHAVE_FLAG_-Wextra   -Wextra -o CMakeFiles/cmTC_22474.dir/src.cxx.o -c /home/namrata/stp/build/CMakeFiles/CMakeTmp/src.cxx
<command-line>:0:11: warning: ISO C++11 requires whitespace after the macro name
Linking CXX executable cmTC_22474
/usr/bin/cmake -E cmake_link_script CMakeFiles/cmTC_22474.dir/link.txt --verbose=1
/usr/bin/c++  -std=c++11  -Wall -DHAVE_FLAG_-Wextra    -rdynamic CMakeFiles/cmTC_22474.dir/src.cxx.o  -o cmTC_22474 
make[1]: Leaving directory '/home/namrata/stp/build/CMakeFiles/CMakeTmp'

Source file was:
int main() { return 0; }
Performing C++ SOURCE FILE Test HAVE_FLAG_-pedantic succeeded with the following output:
Change Dir: /home/namrata/stp/build/CMakeFiles/CMakeTmp

Run Build Command:"/usr/bin/make" "cmTC_57e7d/fast"
/usr/bin/make -f CMakeFiles/cmTC_57e7d.dir/build.make CMakeFiles/cmTC_57e7d.dir/build
make[1]: Entering directory '/home/namrata/stp/build/CMakeFiles/CMakeTmp'
Building CXX object CMakeFiles/cmTC_57e7d.dir/src.cxx.o
/usr/bin/c++    -std=c++11  -Wall -Wextra -DHAVE_FLAG_-pedantic   -pedantic -o CMakeFiles/cmTC_57e7d.dir/src.cxx.o -c /home/namrata/stp/build/CMakeFiles/CMakeTmp/src.cxx
<command-line>:0:11: warning: ISO C++11 requires whitespace after the macro name
Linking CXX executable cmTC_57e7d
/usr/bin/cmake -E cmake_link_script CMakeFiles/cmTC_57e7d.dir/link.txt --verbose=1
/usr/bin/c++  -std=c++11  -Wall -Wextra -DHAVE_FLAG_-pedantic    -rdynamic CMakeFiles/cmTC_57e7d.dir/src.cxx.o  -o cmTC_57e7d 
make[1]: Leaving directory '/home/namrata/stp/build/CMakeFiles/CMakeTmp'

Source file was:
int main() { return 0; }
Performing C++ SOURCE FILE Test HAVE_FLAG_-Wunused succeeded with the following output:
Change Dir: /home/namrata/stp/build/CMakeFiles/CMakeTmp

Run Build Command:"/usr/bin/make" "cmTC_7b4e5/fast"
/usr/bin/make -f CMakeFiles/cmTC_7b4e5.dir/build.make CMakeFiles/cmTC_7b4e5.dir/build
make[1]: Entering directory '/home/namrata/stp/build/CMakeFiles/CMakeTmp'
Building CXX object CMakeFiles/cmTC_7b4e5.dir/src.cxx.o
/usr/bin/c++    -std=c++11  -Wall -Wextra -pedantic -DHAVE_FLAG_-Wunused   -Wunused -o CMakeFiles/cmTC_7b4e5.dir/src.cxx.o -c /home/namrata/stp/build/CMakeFiles/CMakeTmp/src.cxx
<command-line>:0:11: warning: ISO C++11 requires whitespace after the macro name
Linking CXX executable cmTC_7b4e5
/usr/bin/cmake -E cmake_link_script CMakeFiles/cmTC_7b4e5.dir/link.txt --verbose=1
/usr/bin/c++  -std=c++11  -Wall -Wextra -pedantic -DHAVE_FLAG_-Wunused    -rdynamic CMakeFiles/cmTC_7b4e5.dir/src.cxx.o  -o cmTC_7b4e5 
make[1]: Leaving directory '/home/namrata/stp/build/CMakeFiles/CMakeTmp'

Source file was:
int main() { return 0; }
Performing C++ SOURCE FILE Test HAVE_FLAG_-Wsign-compare succeeded with the following output:
Change Dir: /home/namrata/stp/build/CMakeFiles/CMakeTmp

Run Build Command:"/usr/bin/make" "cmTC_6c92a/fast"
/usr/bin/make -f CMakeFiles/cmTC_6c92a.dir/build.make CMakeFiles/cmTC_6c92a.dir/build
make[1]: Entering directory '/home/namrata/stp/build/CMakeFiles/CMakeTmp'
Building CXX object CMakeFiles/cmTC_6c92a.dir/src.cxx.o
/usr/bin/c++    -std=c++11  -Wall -Wextra -pedantic -Wunused -DHAVE_FLAG_-Wsign-compare   -Wsign-compare -o CMakeFiles/cmTC_6c92a.dir/src.cxx.o -c /home/namrata/stp/build/CMakeFiles/CMakeTmp/src.cxx
<command-line>:0:11: warning: ISO C++11 requires whitespace after the macro name
Linking CXX executable cmTC_6c92a
/usr/bin/cmake -E cmake_link_script CMakeFiles/cmTC_6c92a.dir/link.txt --verbose=1
/usr/bin/c++  -std=c++11  -Wall -Wextra -pedantic -Wunused -DHAVE_FLAG_-Wsign-compare    -rdynamic CMakeFiles/cmTC_6c92a.dir/src.cxx.o  -o cmTC_6c92a 
make[1]: Leaving directory '/home/namrata/stp/build/CMakeFiles/CMakeTmp'

Source file was:
int main() { return 0; }
Performing C++ SOURCE FILE Test HAVE_FLAG_-Wtype-limits succeeded with the following output:
Change Dir: /home/namrata/stp/build/CMakeFiles/CMakeTmp

Run Build Command:"/usr/bin/make" "cmTC_cde5f/fast"
/usr/bin/make -f CMakeFiles/cmTC_cde5f.dir/build.make CMakeFiles/cmTC_cde5f.dir/build
make[1]: Entering directory '/home/namrata/stp/build/CMakeFiles/CMakeTmp'
Building CXX object CMakeFiles/cmTC_cde5f.dir/src.cxx.o
/usr/bin/c++    -std=c++11  -Wall -Wextra -pedantic -Wunused -Wsign-compare -DHAVE_FLAG_-Wtype-limits   -Wtype-limits -o CMakeFiles/cmTC_cde5f.dir/src.cxx.o -c /home/namrata/stp/build/CMakeFiles/CMakeTmp/src.cxx
<command-line>:0:11: warning: ISO C++11 requires whitespace after the macro name
Linking CXX executable cmTC_cde5f
/usr/bin/cmake -E cmake_link_script CMakeFiles/cmTC_cde5f.dir/link.txt --verbose=1
/usr/bin/c++  -std=c++11  -Wall -Wextra -pedantic -Wunused -Wsign-compare -DHAVE_FLAG_-Wtype-limits    -rdynamic CMakeFiles/cmTC_cde5f.dir/src.cxx.o  -o cmTC_cde5f 
make[1]: Leaving directory '/home/namrata/stp/build/CMakeFiles/CMakeTmp'

Source file was:
int main() { return 0; }
Performing C++ SOURCE FILE Test HAVE_FLAG_-Wuninitialized succeeded with the following output:
Change Dir: /home/namrata/stp/build/CMakeFiles/CMakeTmp

Run Build Command:"/usr/bin/make" "cmTC_40f01/fast"
/usr/bin/make -f CMakeFiles/cmTC_40f01.dir/build.make CMakeFiles/cmTC_40f01.dir/build
make[1]: Entering directory '/home/namrata/stp/build/CMakeFiles/CMakeTmp'
Building CXX object CMakeFiles/cmTC_40f01.dir/src.cxx.o
/usr/bin/c++    -std=c++11  -Wall -Wextra -pedantic -Wunused -Wsign-compare -Wtype-limits -DHAVE_FLAG_-Wuninitialized   -Wuninitialized -o CMakeFiles/cmTC_40f01.dir/src.cxx.o -c /home/namrata/stp/build/CMakeFiles/CMakeTmp/src.cxx
<command-line>:0:11: warning: ISO C++11 requires whitespace after the macro name
Linking CXX executable cmTC_40f01
/usr/bin/cmake -E cmake_link_script CMakeFiles/cmTC_40f01.dir/link.txt --verbose=1
/usr/bin/c++  -std=c++11  -Wall -Wextra -pedantic -Wunused -Wsign-compare -Wtype-limits -DHAVE_FLAG_-Wuninitialized    -rdynamic CMakeFiles/cmTC_40f01.dir/src.cxx.o  -o cmTC_40f01 
make[1]: Leaving directory '/home/namrata/stp/build/CMakeFiles/CMakeTmp'

Source file was:
int main() { return 0; }
Performing C++ SOURCE FILE Test HAVE_FLAG_-Wno-deprecated succeeded with the following output:
Change Dir: /home/namrata/stp/build/CMakeFiles/CMakeTmp

Run Build Command:"/usr/bin/make" "cmTC_baded/fast"
/usr/bin/make -f CMakeFiles/cmTC_baded.dir/build.make CMakeFiles/cmTC_baded.dir/build
make[1]: Entering directory '/home/namrata/stp/build/CMakeFiles/CMakeTmp'
Building CXX object CMakeFiles/cmTC_baded.dir/src.cxx.o
/usr/bin/c++    -std=c++11  -Wall -Wextra -pedantic -Wunused -Wsign-compare -Wtype-limits -Wuninitialized -DHAVE_FLAG_-Wno-deprecated   -Wno-deprecated -o CMakeFiles/cmTC_baded.dir/src.cxx.o -c /home/namrata/stp/build/CMakeFiles/CMakeTmp/src.cxx
<command-line>:0:11: warning: ISO C++11 requires whitespace after the macro name
Linking CXX executable cmTC_baded
/usr/bin/cmake -E cmake_link_script CMakeFiles/cmTC_baded.dir/link.txt --verbose=1
/usr/bin/c++  -std=c++11  -Wall -Wextra -pedantic -Wunused -Wsign-compare -Wtype-limits -Wuninitialized -DHAVE_FLAG_-Wno-deprecated    -rdynamic CMakeFiles/cmTC_baded.dir/src.cxx.o  -o cmTC_baded 
make[1]: Leaving directory '/home/namrata/stp/build/CMakeFiles/CMakeTmp'

Source file was:
int main() { return 0; }
Performing C++ SOURCE FILE Test HAVE_FLAG_-Wstrict-aliasing succeeded with the following output:
Change Dir: /home/namrata/stp/build/CMakeFiles/CMakeTmp

Run Build Command:"/usr/bin/make" "cmTC_c4a1d/fast"
/usr/bin/make -f CMakeFiles/cmTC_c4a1d.dir/build.make CMakeFiles/cmTC_c4a1d.dir/build
make[1]: Entering directory '/home/namrata/stp/build/CMakeFiles/CMakeTmp'
Building CXX object CMakeFiles/cmTC_c4a1d.dir/src.cxx.o
/usr/bin/c++    -std=c++11  -Wall -Wextra -pedantic -Wunused -Wsign-compare -Wtype-limits -Wuninitialized -Wno-deprecated -DHAVE_FLAG_-Wstrict-aliasing   -Wstrict-aliasing -o CMakeFiles/cmTC_c4a1d.dir/src.cxx.o -c /home/namrata/stp/build/CMakeFiles/CMakeTmp/src.cxx
<command-line>:0:11: warning: ISO C++11 requires whitespace after the macro name
Linking CXX executable cmTC_c4a1d
/usr/bin/cmake -E cmake_link_script CMakeFiles/cmTC_c4a1d.dir/link.txt --verbose=1
/usr/bin/c++  -std=c++11  -Wall -Wextra -pedantic -Wunused -Wsign-compare -Wtype-limits -Wuninitialized -Wno-deprecated -DHAVE_FLAG_-Wstrict-aliasing    -rdynamic CMakeFiles/cmTC_c4a1d.dir/src.cxx.o  -o cmTC_c4a1d 
make[1]: Leaving directory '/home/namrata/stp/build/CMakeFiles/CMakeTmp'

Source file was:
int main() { return 0; }
Performing C++ SOURCE FILE Test HAVE_FLAG_-Wpointer-arith succeeded with the following output:
Change Dir: /home/namrata/stp/build/CMakeFiles/CMakeTmp

Run Build Command:"/usr/bin/make" "cmTC_5b7c7/fast"
/usr/bin/make -f CMakeFiles/cmTC_5b7c7.dir/build.make CMakeFiles/cmTC_5b7c7.dir/build
make[1]: Entering directory '/home/namrata/stp/build/CMakeFiles/CMakeTmp'
Building CXX object CMakeFiles/cmTC_5b7c7.dir/src.cxx.o
/usr/bin/c++    -std=c++11  -Wall -Wextra -pedantic -Wunused -Wsign-compare -Wtype-limits -Wuninitialized -Wno-deprecated -Wstrict-aliasing -DHAVE_FLAG_-Wpointer-arith   -Wpointer-arith -o CMakeFiles/cmTC_5b7c7.dir/src.cxx.o -c /home/namrata/stp/build/CMakeFiles/CMakeTmp/src.cxx
<command-line>:0:11: warning: ISO C++11 requires whitespace after the macro name
Linking CXX executable cmTC_5b7c7
/usr/bin/cmake -E cmake_link_script CMakeFiles/cmTC_5b7c7.dir/link.txt --verbose=1
/usr/bin/c++  -std=c++11  -Wall -Wextra -pedantic -Wunused -Wsign-compare -Wtype-limits -Wuninitialized -Wno-deprecated -Wstrict-aliasing -DHAVE_FLAG_-Wpointer-arith    -rdynamic CMakeFiles/cmTC_5b7c7.dir/src.cxx.o  -o cmTC_5b7c7 
make[1]: Leaving directory '/home/namrata/stp/build/CMakeFiles/CMakeTmp'

Source file was:
int main() { return 0; }
Performing C++ SOURCE FILE Test HAVE_FLAG_-Wformat-nonliteral succeeded with the following output:
Change Dir: /home/namrata/stp/build/CMakeFiles/CMakeTmp

Run Build Command:"/usr/bin/make" "cmTC_2a52b/fast"
/usr/bin/make -f CMakeFiles/cmTC_2a52b.dir/build.make CMakeFiles/cmTC_2a52b.dir/build
make[1]: Entering directory '/home/namrata/stp/build/CMakeFiles/CMakeTmp'
Building CXX object CMakeFiles/cmTC_2a52b.dir/src.cxx.o
/usr/bin/c++    -std=c++11  -Wall -Wextra -pedantic -Wunused -Wsign-compare -Wtype-limits -Wuninitialized -Wno-deprecated -Wstrict-aliasing -Wpointer-arith -DHAVE_FLAG_-Wformat-nonliteral   -Wformat-nonliteral -o CMakeFiles/cmTC_2a52b.dir/src.cxx.o -c /home/namrata/stp/build/CMakeFiles/CMakeTmp/src.cxx
<command-line>:0:11: warning: ISO C++11 requires whitespace after the macro name
Linking CXX executable cmTC_2a52b
/usr/bin/cmake -E cmake_link_script CMakeFiles/cmTC_2a52b.dir/link.txt --verbose=1
/usr/bin/c++  -std=c++11  -Wall -Wextra -pedantic -Wunused -Wsign-compare -Wtype-limits -Wuninitialized -Wno-deprecated -Wstrict-aliasing -Wpointer-arith -DHAVE_FLAG_-Wformat-nonliteral    -rdynamic CMakeFiles/cmTC_2a52b.dir/src.cxx.o  -o cmTC_2a52b 
make[1]: Leaving directory '/home/namrata/stp/build/CMakeFiles/CMakeTmp'

Source file was:
int main() { return 0; }
Performing C++ SOURCE FILE Test HAVE_FLAG_-Winit-self succeeded with the following output:
Change Dir: /home/namrata/stp/build/CMakeFiles/CMakeTmp

Run Build Command:"/usr/bin/make" "cmTC_ac873/fast"
/usr/bin/make -f CMakeFiles/cmTC_ac873.dir/build.make CMakeFiles/cmTC_ac873.dir/build
make[1]: Entering directory '/home/namrata/stp/build/CMakeFiles/CMakeTmp'
Building CXX object CMakeFiles/cmTC_ac873.dir/src.cxx.o
/usr/bin/c++    -std=c++11  -Wall -Wextra -pedantic -Wunused -Wsign-compare -Wtype-limits -Wuninitialized -Wno-deprecated -Wstrict-aliasing -Wpointer-arith -Wformat-nonliteral -DHAVE_FLAG_-Winit-self   -Winit-self -o CMakeFiles/cmTC_ac873.dir/src.cxx.o -c /home/namrata/stp/build/CMakeFiles/CMakeTmp/src.cxx
<command-line>:0:11: warning: ISO C++11 requires whitespace after the macro name
Linking CXX executable cmTC_ac873
/usr/bin/cmake -E cmake_link_script CMakeFiles/cmTC_ac873.dir/link.txt --verbose=1
/usr/bin/c++  -std=c++11  -Wall -Wextra -pedantic -Wunused -Wsign-compare -Wtype-limits -Wuninitialized -Wno-deprecated -Wstrict-aliasing -Wpointer-arith -Wformat-nonliteral -DHAVE_FLAG_-Winit-self    -rdynamic CMakeFiles/cmTC_ac873.dir/src.cxx.o  -o cmTC_ac873 
make[1]: Leaving directory '/home/namrata/stp/build/CMakeFiles/CMakeTmp'

Source file was:
int main() { return 0; }
Performing C++ SOURCE FILE Test HAVE_FLAG_-Wunreachable-code succeeded with the following output:
Change Dir: /home/namrata/stp/build/CMakeFiles/CMakeTmp

Run Build Command:"/usr/bin/make" "cmTC_994c0/fast"
/usr/bin/make -f CMakeFiles/cmTC_994c0.dir/build.make CMakeFiles/cmTC_994c0.dir/build
make[1]: Entering directory '/home/namrata/stp/build/CMakeFiles/CMakeTmp'
Building CXX object CMakeFiles/cmTC_994c0.dir/src.cxx.o
/usr/bin/c++    -std=c++11  -Wall -Wextra -pedantic -Wunused -Wsign-compare -Wtype-limits -Wuninitialized -Wno-deprecated -Wstrict-aliasing -Wpointer-arith -Wformat-nonliteral -Winit-self -DHAVE_FLAG_-Wunreachable-code   -Wunreachable-code -o CMakeFiles/cmTC_994c0.dir/src.cxx.o -c /home/namrata/stp/build/CMakeFiles/CMakeTmp/src.cxx
<command-line>:0:11: warning: ISO C++11 requires whitespace after the macro name
Linking CXX executable cmTC_994c0
/usr/bin/cmake -E cmake_link_script CMakeFiles/cmTC_994c0.dir/link.txt --verbose=1
/usr/bin/c++  -std=c++11  -Wall -Wextra -pedantic -Wunused -Wsign-compare -Wtype-limits -Wuninitialized -Wno-deprecated -Wstrict-aliasing -Wpointer-arith -Wformat-nonliteral -Winit-self -DHAVE_FLAG_-Wunreachable-code    -rdynamic CMakeFiles/cmTC_994c0.dir/src.cxx.o  -o cmTC_994c0 
make[1]: Leaving directory '/home/namrata/stp/build/CMakeFiles/CMakeTmp'

Source file was:
int main() { return 0; }
Performing C++ SOURCE FILE Test HAVE_HASH_SET_STD succeeded with the following output:
Change Dir: /home/namrata/stp/build/CMakeFiles/CMakeTmp

Run Build Command:"/usr/bin/make" "cmTC_864ce/fast"
/usr/bin/make -f CMakeFiles/cmTC_864ce.dir/build.make CMakeFiles/cmTC_864ce.dir/build
make[1]: Entering directory '/home/namrata/stp/build/CMakeFiles/CMakeTmp'
Building CXX object CMakeFiles/cmTC_864ce.dir/src.cxx.o
/usr/bin/c++    -std=c++11  -Wall -Wextra -pedantic -Wunused -Wsign-compare -Wtype-limits -Wuninitialized -Wno-deprecated -Wstrict-aliasing -Wpointer-arith -Wformat-nonliteral -Winit-self -Wunreachable-code -DHAVE_HASH_SET_STD   -o CMakeFiles/cmTC_864ce.dir/src.cxx.o -c /home/namrata/stp/build/CMakeFiles/CMakeTmp/src.cxx
Linking CXX executable cmTC_864ce
/usr/bin/cmake -E cmake_link_script CMakeFiles/cmTC_864ce.dir/link.txt --verbose=1
/usr/bin/c++  -std=c++11  -Wall -Wextra -pedantic -Wunused -Wsign-compare -Wtype-limits -Wuninitialized -Wno-deprecated -Wstrict-aliasing -Wpointer-arith -Wformat-nonliteral -Winit-self -Wunreachable-code -DHAVE_HASH_SET_STD    -rdynamic CMakeFiles/cmTC_864ce.dir/src.cxx.o  -o cmTC_864ce 
make[1]: Leaving directory '/home/namrata/stp/build/CMakeFiles/CMakeTmp'

Source file was:

    #include <unordered_set>
    int main() {
      std::unordered_set<int> t;
    }
Performing C++ SOURCE FILE Test HAVE_HASH_MULTISET_STD succeeded with the following output:
Change Dir: /home/namrata/stp/build/CMakeFiles/CMakeTmp

Run Build Command:"/usr/bin/make" "cmTC_45421/fast"
/usr/bin/make -f CMakeFiles/cmTC_45421.dir/build.make CMakeFiles/cmTC_45421.dir/build
make[1]: Entering directory '/home/namrata/stp/build/CMakeFiles/CMakeTmp'
Building CXX object CMakeFiles/cmTC_45421.dir/src.cxx.o
/usr/bin/c++    -std=c++11  -Wall -Wextra -pedantic -Wunused -Wsign-compare -Wtype-limits -Wuninitialized -Wno-deprecated -Wstrict-aliasing -Wpointer-arith -Wformat-nonliteral -Winit-self -Wunreachable-code -DHAVE_HASH_MULTISET_STD   -o CMakeFiles/cmTC_45421.dir/src.cxx.o -c /home/namrata/stp/build/CMakeFiles/CMakeTmp/src.cxx
Linking CXX executable cmTC_45421
/usr/bin/cmake -E cmake_link_script CMakeFiles/cmTC_45421.dir/link.txt --verbose=1
/usr/bin/c++  -std=c++11  -Wall -Wextra -pedantic -Wunused -Wsign-compare -Wtype-limits -Wuninitialized -Wno-deprecated -Wstrict-aliasing -Wpointer-arith -Wformat-nonliteral -Winit-self -Wunreachable-code -DHAVE_HASH_MULTISET_STD    -rdynamic CMakeFiles/cmTC_45421.dir/src.cxx.o  -o cmTC_45421 
make[1]: Leaving directory '/home/namrata/stp/build/CMakeFiles/CMakeTmp'

Source file was:

    #include <unordered_set>
    int main() {
      std::unordered_multiset<int> t;
    }
Performing C++ SOURCE FILE Test HAVE_HASH_MAP_STD succeeded with the following output:
Change Dir: /home/namrata/stp/build/CMakeFiles/CMakeTmp

Run Build Command:"/usr/bin/make" "cmTC_eed76/fast"
/usr/bin/make -f CMakeFiles/cmTC_eed76.dir/build.make CMakeFiles/cmTC_eed76.dir/build
make[1]: Entering directory '/home/namrata/stp/build/CMakeFiles/CMakeTmp'
Building CXX object CMakeFiles/cmTC_eed76.dir/src.cxx.o
/usr/bin/c++    -std=c++11  -Wall -Wextra -pedantic -Wunused -Wsign-compare -Wtype-limits -Wuninitialized -Wno-deprecated -Wstrict-aliasing -Wpointer-arith -Wformat-nonliteral -Winit-self -Wunreachable-code -DHAVE_HASH_MAP_STD   -o CMakeFiles/cmTC_eed76.dir/src.cxx.o -c /home/namrata/stp/build/CMakeFiles/CMakeTmp/src.cxx
Linking CXX executable cmTC_eed76
/usr/bin/cmake -E cmake_link_script CMakeFiles/cmTC_eed76.dir/link.txt --verbose=1
/usr/bin/c++  -std=c++11  -Wall -Wextra -pedantic -Wunused -Wsign-compare -Wtype-limits -Wuninitialized -Wno-deprecated -Wstrict-aliasing -Wpointer-arith -Wformat-nonliteral -Winit-self -Wunreachable-code -DHAVE_HASH_MAP_STD    -rdynamic CMakeFiles/cmTC_eed76.dir/src.cxx.o  -o cmTC_eed76 
make[1]: Leaving directory '/home/namrata/stp/build/CMakeFiles/CMakeTmp'

Source file was:

    #include <unordered_map>
    int main() {
      std::unordered_map<int, int> t;
    }
