Determining if the include file sys/capability.h exists failed with the following output:
Change Dir: /mnt/e/blockchain/Subodh-Sharma-IITD-21/SKLEE/build/CMakeFiles/CMakeTmp

Run Build Command(s):/usr/bin/gmake cmTC_3da7d/fast && gmake: Warning: File 'Makefile' has modification time 0.34 s in the future
/usr/bin/gmake  -f CMakeFiles/cmTC_3da7d.dir/build.make CMakeFiles/cmTC_3da7d.dir/build
gmake[1]: Entering directory '/mnt/e/blockchain/Subodh-Sharma-IITD-21/SKLEE/build/CMakeFiles/CMakeTmp'
gmake[1]: Warning: File 'CMakeFiles/cmTC_3da7d.dir/flags.make' has modification time 0.33 s in the future
Building C object CMakeFiles/cmTC_3da7d.dir/CheckIncludeFile.c.o
/usr/bin/cc   -Wall -Wextra -Wno-unused-parameter  -o CMakeFiles/cmTC_3da7d.dir/CheckIncludeFile.c.o -c /mnt/e/blockchain/Subodh-Sharma-IITD-21/SKLEE/build/CMakeFiles/CMakeTmp/CheckIncludeFile.c
/mnt/e/blockchain/Subodh-Sharma-IITD-21/SKLEE/build/CMakeFiles/CMakeTmp/CheckIncludeFile.c:1:10: fatal error: sys/capability.h: No such file or directory
    1 | #include <sys/capability.h>
      |          ^~~~~~~~~~~~~~~~~~
compilation terminated.
gmake[1]: *** [CMakeFiles/cmTC_3da7d.dir/build.make:85: CMakeFiles/cmTC_3da7d.dir/CheckIncludeFile.c.o] Error 1
gmake[1]: Leaving directory '/mnt/e/blockchain/Subodh-Sharma-IITD-21/SKLEE/build/CMakeFiles/CMakeTmp'
gmake: *** [Makefile:140: cmTC_3da7d/fast] Error 2



Determining if the include file util.h exists failed with the following output:
Change Dir: /mnt/e/blockchain/Subodh-Sharma-IITD-21/SKLEE/build/CMakeFiles/CMakeTmp

Run Build Command(s):/usr/bin/gmake cmTC_6dd7f/fast && gmake: Warning: File 'Makefile' has modification time 0.34 s in the future
/usr/bin/gmake  -f CMakeFiles/cmTC_6dd7f.dir/build.make CMakeFiles/cmTC_6dd7f.dir/build
gmake[1]: Entering directory '/mnt/e/blockchain/Subodh-Sharma-IITD-21/SKLEE/build/CMakeFiles/CMakeTmp'
gmake[1]: Warning: File 'CMakeFiles/cmTC_6dd7f.dir/flags.make' has modification time 0.32 s in the future
Building C object CMakeFiles/cmTC_6dd7f.dir/CheckIncludeFile.c.o
/usr/bin/cc   -Wall -Wextra -Wno-unused-parameter  -o CMakeFiles/cmTC_6dd7f.dir/CheckIncludeFile.c.o -c /mnt/e/blockchain/Subodh-Sharma-IITD-21/SKLEE/build/CMakeFiles/CMakeTmp/CheckIncludeFile.c
/mnt/e/blockchain/Subodh-Sharma-IITD-21/SKLEE/build/CMakeFiles/CMakeTmp/CheckIncludeFile.c:1:10: fatal error: util.h: No such file or directory
    1 | #include <util.h>
      |          ^~~~~~~~
compilation terminated.
gmake[1]: *** [CMakeFiles/cmTC_6dd7f.dir/build.make:85: CMakeFiles/cmTC_6dd7f.dir/CheckIncludeFile.c.o] Error 1
gmake[1]: Leaving directory '/mnt/e/blockchain/Subodh-Sharma-IITD-21/SKLEE/build/CMakeFiles/CMakeTmp'
gmake: *** [Makefile:140: cmTC_6dd7f/fast] Error 2



Determining if the include file libutil.h exists failed with the following output:
Change Dir: /mnt/e/blockchain/Subodh-Sharma-IITD-21/SKLEE/build/CMakeFiles/CMakeTmp

Run Build Command(s):/usr/bin/gmake cmTC_334ae/fast && gmake: Warning: File 'Makefile' has modification time 0.34 s in the future
/usr/bin/gmake  -f CMakeFiles/cmTC_334ae.dir/build.make CMakeFiles/cmTC_334ae.dir/build
gmake[1]: Entering directory '/mnt/e/blockchain/Subodh-Sharma-IITD-21/SKLEE/build/CMakeFiles/CMakeTmp'
gmake[1]: Warning: File 'CMakeFiles/cmTC_334ae.dir/flags.make' has modification time 0.32 s in the future
Building C object CMakeFiles/cmTC_334ae.dir/CheckIncludeFile.c.o
/usr/bin/cc   -Wall -Wextra -Wno-unused-parameter  -o CMakeFiles/cmTC_334ae.dir/CheckIncludeFile.c.o -c /mnt/e/blockchain/Subodh-Sharma-IITD-21/SKLEE/build/CMakeFiles/CMakeTmp/CheckIncludeFile.c
/mnt/e/blockchain/Subodh-Sharma-IITD-21/SKLEE/build/CMakeFiles/CMakeTmp/CheckIncludeFile.c:1:10: fatal error: libutil.h: No such file or directory
    1 | #include <libutil.h>
      |          ^~~~~~~~~~~
compilation terminated.
gmake[1]: *** [CMakeFiles/cmTC_334ae.dir/build.make:85: CMakeFiles/cmTC_334ae.dir/CheckIncludeFile.c.o] Error 1
gmake[1]: Leaving directory '/mnt/e/blockchain/Subodh-Sharma-IITD-21/SKLEE/build/CMakeFiles/CMakeTmp'
gmake: *** [Makefile:140: cmTC_334ae/fast] Error 2



Determining if the function openpty exists failed with the following output:
Change Dir: /mnt/e/blockchain/Subodh-Sharma-IITD-21/SKLEE/build/CMakeFiles/CMakeTmp

Run Build Command(s):/usr/bin/gmake cmTC_f30fe/fast && gmake: Warning: File 'Makefile' has modification time 0.34 s in the future
/usr/bin/gmake  -f CMakeFiles/cmTC_f30fe.dir/build.make CMakeFiles/cmTC_f30fe.dir/build
gmake[1]: Entering directory '/mnt/e/blockchain/Subodh-Sharma-IITD-21/SKLEE/build/CMakeFiles/CMakeTmp'
gmake[1]: Warning: File 'CMakeFiles/cmTC_f30fe.dir/flags.make' has modification time 0.32 s in the future
Building C object CMakeFiles/cmTC_f30fe.dir/CheckFunctionExists.c.o
/usr/bin/cc   -Wall -Wextra -Wno-unused-parameter -DCHECK_FUNCTION_EXISTS=openpty -o CMakeFiles/cmTC_f30fe.dir/CheckFunctionExists.c.o -c /usr/share/cmake-3.18/Modules/CheckFunctionExists.c
Linking C executable cmTC_f30fe
/usr/bin/cmake -E cmake_link_script CMakeFiles/cmTC_f30fe.dir/link.txt --verbose=1
/usr/bin/cc  -Wall -Wextra -Wno-unused-parameter -DCHECK_FUNCTION_EXISTS=openpty -rdynamic CMakeFiles/cmTC_f30fe.dir/CheckFunctionExists.c.o -o cmTC_f30fe 
/usr/bin/ld: CMakeFiles/cmTC_f30fe.dir/CheckFunctionExists.c.o: in function `main':
CheckFunctionExists.c:(.text+0x10): undefined reference to `openpty'
collect2: error: ld returned 1 exit status
gmake[1]: *** [CMakeFiles/cmTC_f30fe.dir/build.make:106: cmTC_f30fe] Error 1
gmake[1]: Leaving directory '/mnt/e/blockchain/Subodh-Sharma-IITD-21/SKLEE/build/CMakeFiles/CMakeTmp'
gmake: *** [Makefile:140: cmTC_f30fe/fast] Error 2



Determining if the malloc_zone_statistics exist failed with the following output:
Change Dir: /mnt/e/blockchain/Subodh-Sharma-IITD-21/SKLEE/build/CMakeFiles/CMakeTmp

Run Build Command(s):/usr/bin/gmake cmTC_f2a02/fast && gmake: Warning: File 'Makefile' has modification time 0.34 s in the future
/usr/bin/gmake  -f CMakeFiles/cmTC_f2a02.dir/build.make CMakeFiles/cmTC_f2a02.dir/build
gmake[1]: Entering directory '/mnt/e/blockchain/Subodh-Sharma-IITD-21/SKLEE/build/CMakeFiles/CMakeTmp'
gmake[1]: Warning: File 'CMakeFiles/cmTC_f2a02.dir/flags.make' has modification time 0.33 s in the future
Building CXX object CMakeFiles/cmTC_f2a02.dir/CheckSymbolExists.cxx.o
/usr/bin/c++   -Wall -Wextra -Wno-unused-parameter  -o CMakeFiles/cmTC_f2a02.dir/CheckSymbolExists.cxx.o -c /mnt/e/blockchain/Subodh-Sharma-IITD-21/SKLEE/build/CMakeFiles/CMakeTmp/CheckSymbolExists.cxx
/mnt/e/blockchain/Subodh-Sharma-IITD-21/SKLEE/build/CMakeFiles/CMakeTmp/CheckSymbolExists.cxx:2:10: fatal error: malloc/malloc.h: No such file or directory
    2 | #include <malloc/malloc.h>
      |          ^~~~~~~~~~~~~~~~~
compilation terminated.
gmake[1]: *** [CMakeFiles/cmTC_f2a02.dir/build.make:85: CMakeFiles/cmTC_f2a02.dir/CheckSymbolExists.cxx.o] Error 1
gmake[1]: Leaving directory '/mnt/e/blockchain/Subodh-Sharma-IITD-21/SKLEE/build/CMakeFiles/CMakeTmp'
gmake: *** [Makefile:140: cmTC_f2a02/fast] Error 2


File /mnt/e/blockchain/Subodh-Sharma-IITD-21/SKLEE/build/CMakeFiles/CMakeTmp/CheckSymbolExists.cxx:
/* */
#include <malloc/malloc.h>

int main(int argc, char** argv)
{
  (void)argv;
#ifndef malloc_zone_statistics
  return ((int*)(&malloc_zone_statistics))[argc];
#else
  (void)argc;
  return 0;
#endif
}
Determining if the include file sys/acl.h exists failed with the following output:
Change Dir: /mnt/e/blockchain/Subodh-Sharma-IITD-21/SKLEE/build/CMakeFiles/CMakeTmp

Run Build Command(s):/usr/bin/gmake cmTC_eb2f6/fast && gmake: Warning: File 'Makefile' has modification time 0.34 s in the future
/usr/bin/gmake  -f CMakeFiles/cmTC_eb2f6.dir/build.make CMakeFiles/cmTC_eb2f6.dir/build
gmake[1]: Entering directory '/mnt/e/blockchain/Subodh-Sharma-IITD-21/SKLEE/build/CMakeFiles/CMakeTmp'
gmake[1]: Warning: File 'CMakeFiles/cmTC_eb2f6.dir/flags.make' has modification time 0.32 s in the future
Building C object CMakeFiles/cmTC_eb2f6.dir/CheckIncludeFile.c.o
/usr/bin/cc   -Wall -Wextra -Wno-unused-parameter  -o CMakeFiles/cmTC_eb2f6.dir/CheckIncludeFile.c.o -c /mnt/e/blockchain/Subodh-Sharma-IITD-21/SKLEE/build/CMakeFiles/CMakeTmp/CheckIncludeFile.c
/mnt/e/blockchain/Subodh-Sharma-IITD-21/SKLEE/build/CMakeFiles/CMakeTmp/CheckIncludeFile.c:1:10: fatal error: sys/acl.h: No such file or directory
    1 | #include <sys/acl.h>
      |          ^~~~~~~~~~~
compilation terminated.
gmake[1]: *** [CMakeFiles/cmTC_eb2f6.dir/build.make:85: CMakeFiles/cmTC_eb2f6.dir/CheckIncludeFile.c.o] Error 1
gmake[1]: Leaving directory '/mnt/e/blockchain/Subodh-Sharma-IITD-21/SKLEE/build/CMakeFiles/CMakeTmp'
gmake: *** [Makefile:140: cmTC_eb2f6/fast] Error 2



Determining if the prototype setcon exists for SELINUX_SECURITY_CTX_NO_CONST failed with the following output:
Change Dir: /mnt/e/blockchain/Subodh-Sharma-IITD-21/SKLEE/build/CMakeFiles/CMakeTmp

Run Build Command(s):/usr/bin/gmake cmTC_76323/fast && gmake: Warning: File 'Makefile' has modification time 0.34 s in the future
/usr/bin/gmake  -f CMakeFiles/cmTC_76323.dir/build.make CMakeFiles/cmTC_76323.dir/build
gmake[1]: Entering directory '/mnt/e/blockchain/Subodh-Sharma-IITD-21/SKLEE/build/CMakeFiles/CMakeTmp'
gmake[1]: Warning: File 'CMakeFiles/cmTC_76323.dir/flags.make' has modification time 0.32 s in the future
Building C object CMakeFiles/cmTC_76323.dir/CheckPrototypeDefinition.c.o
/usr/bin/cc   -Wall -Wextra -Wno-unused-parameter  -o CMakeFiles/cmTC_76323.dir/CheckPrototypeDefinition.c.o -c /mnt/e/blockchain/Subodh-Sharma-IITD-21/SKLEE/build/CMakeFiles/CMakeTmp/CheckPrototypeDefinition.c
/mnt/e/blockchain/Subodh-Sharma-IITD-21/SKLEE/build/CMakeFiles/CMakeTmp/CheckPrototypeDefinition.c:14:5: error: conflicting types for ‘setcon’
   14 | int setcon(char* context) {
      |     ^~~~~~
In file included from /mnt/e/blockchain/Subodh-Sharma-IITD-21/SKLEE/build/CMakeFiles/CMakeTmp/CheckPrototypeDefinition.c:1:
/usr/include/selinux/selinux.h:44:12: note: previous declaration of ‘setcon’ was here
   44 | extern int setcon(const char * con);
      |            ^~~~~~
gmake[1]: *** [CMakeFiles/cmTC_76323.dir/build.make:85: CMakeFiles/cmTC_76323.dir/CheckPrototypeDefinition.c.o] Error 1
gmake[1]: Leaving directory '/mnt/e/blockchain/Subodh-Sharma-IITD-21/SKLEE/build/CMakeFiles/CMakeTmp'
gmake: *** [Makefile:140: cmTC_76323/fast] Error 2



#include <selinux/selinux.h>


static void cmakeRequireSymbol(int dummy, ...) {
  (void) dummy;
}

static void checkSymbol(void) {
#ifndef setcon
  cmakeRequireSymbol(0, &setcon);
#endif
}

int setcon(char* context) {
  return 0;
}

#ifdef __CLASSIC_C__
int main() {
  int ac;
  char*av[];
#else
int main(int ac, char *av[]) {
#endif
  checkSymbol();
  if (ac > 1000) {
    return *av[0];
  }
  return 0;
}


Determining if the include file sys/capability.h exists failed with the following output:
Change Dir: /mnt/e/blockchain/Subodh-Sharma-IITD-21/SKLEE/build/CMakeFiles/CMakeTmp

Run Build Command(s):/usr/bin/gmake cmTC_a22dc/fast && gmake: Warning: File 'Makefile' has modification time 0.63 s in the future
/usr/bin/gmake  -f CMakeFiles/cmTC_a22dc.dir/build.make CMakeFiles/cmTC_a22dc.dir/build
gmake[1]: Entering directory '/mnt/e/blockchain/Subodh-Sharma-IITD-21/SKLEE/build/CMakeFiles/CMakeTmp'
gmake[1]: Warning: File 'CMakeFiles/cmTC_a22dc.dir/flags.make' has modification time 0.62 s in the future
Building C object CMakeFiles/cmTC_a22dc.dir/CheckIncludeFile.c.o
/usr/bin/cc   -Wall -Wextra -Wno-unused-parameter  -o CMakeFiles/cmTC_a22dc.dir/CheckIncludeFile.c.o -c /mnt/e/blockchain/Subodh-Sharma-IITD-21/SKLEE/build/CMakeFiles/CMakeTmp/CheckIncludeFile.c
/mnt/e/blockchain/Subodh-Sharma-IITD-21/SKLEE/build/CMakeFiles/CMakeTmp/CheckIncludeFile.c:1:10: fatal error: sys/capability.h: No such file or directory
    1 | #include <sys/capability.h>
      |          ^~~~~~~~~~~~~~~~~~
compilation terminated.
gmake[1]: *** [CMakeFiles/cmTC_a22dc.dir/build.make:85: CMakeFiles/cmTC_a22dc.dir/CheckIncludeFile.c.o] Error 1
gmake[1]: Leaving directory '/mnt/e/blockchain/Subodh-Sharma-IITD-21/SKLEE/build/CMakeFiles/CMakeTmp'
gmake: *** [Makefile:140: cmTC_a22dc/fast] Error 2



Determining if the include file util.h exists failed with the following output:
Change Dir: /mnt/e/blockchain/Subodh-Sharma-IITD-21/SKLEE/build/CMakeFiles/CMakeTmp

Run Build Command(s):/usr/bin/gmake cmTC_fb719/fast && gmake: Warning: File 'Makefile' has modification time 0.73 s in the future
/usr/bin/gmake  -f CMakeFiles/cmTC_fb719.dir/build.make CMakeFiles/cmTC_fb719.dir/build
gmake[1]: Entering directory '/mnt/e/blockchain/Subodh-Sharma-IITD-21/SKLEE/build/CMakeFiles/CMakeTmp'
gmake[1]: Warning: File 'CMakeFiles/cmTC_fb719.dir/flags.make' has modification time 0.71 s in the future
Building C object CMakeFiles/cmTC_fb719.dir/CheckIncludeFile.c.o
/usr/bin/cc   -Wall -Wextra -Wno-unused-parameter  -o CMakeFiles/cmTC_fb719.dir/CheckIncludeFile.c.o -c /mnt/e/blockchain/Subodh-Sharma-IITD-21/SKLEE/build/CMakeFiles/CMakeTmp/CheckIncludeFile.c
/mnt/e/blockchain/Subodh-Sharma-IITD-21/SKLEE/build/CMakeFiles/CMakeTmp/CheckIncludeFile.c:1:10: fatal error: util.h: No such file or directory
    1 | #include <util.h>
      |          ^~~~~~~~
compilation terminated.
gmake[1]: *** [CMakeFiles/cmTC_fb719.dir/build.make:85: CMakeFiles/cmTC_fb719.dir/CheckIncludeFile.c.o] Error 1
gmake[1]: Leaving directory '/mnt/e/blockchain/Subodh-Sharma-IITD-21/SKLEE/build/CMakeFiles/CMakeTmp'
gmake: *** [Makefile:140: cmTC_fb719/fast] Error 2



Determining if the include file libutil.h exists failed with the following output:
Change Dir: /mnt/e/blockchain/Subodh-Sharma-IITD-21/SKLEE/build/CMakeFiles/CMakeTmp

Run Build Command(s):/usr/bin/gmake cmTC_ea016/fast && gmake: Warning: File 'Makefile' has modification time 0.73 s in the future
/usr/bin/gmake  -f CMakeFiles/cmTC_ea016.dir/build.make CMakeFiles/cmTC_ea016.dir/build
gmake[1]: Entering directory '/mnt/e/blockchain/Subodh-Sharma-IITD-21/SKLEE/build/CMakeFiles/CMakeTmp'
gmake[1]: Warning: File 'CMakeFiles/cmTC_ea016.dir/flags.make' has modification time 0.71 s in the future
Building C object CMakeFiles/cmTC_ea016.dir/CheckIncludeFile.c.o
/usr/bin/cc   -Wall -Wextra -Wno-unused-parameter  -o CMakeFiles/cmTC_ea016.dir/CheckIncludeFile.c.o -c /mnt/e/blockchain/Subodh-Sharma-IITD-21/SKLEE/build/CMakeFiles/CMakeTmp/CheckIncludeFile.c
/mnt/e/blockchain/Subodh-Sharma-IITD-21/SKLEE/build/CMakeFiles/CMakeTmp/CheckIncludeFile.c:1:10: fatal error: libutil.h: No such file or directory
    1 | #include <libutil.h>
      |          ^~~~~~~~~~~
compilation terminated.
gmake[1]: *** [CMakeFiles/cmTC_ea016.dir/build.make:85: CMakeFiles/cmTC_ea016.dir/CheckIncludeFile.c.o] Error 1
gmake[1]: Leaving directory '/mnt/e/blockchain/Subodh-Sharma-IITD-21/SKLEE/build/CMakeFiles/CMakeTmp'
gmake: *** [Makefile:140: cmTC_ea016/fast] Error 2



Determining if the function openpty exists failed with the following output:
Change Dir: /mnt/e/blockchain/Subodh-Sharma-IITD-21/SKLEE/build/CMakeFiles/CMakeTmp

Run Build Command(s):/usr/bin/gmake cmTC_e1b3b/fast && gmake: Warning: File 'Makefile' has modification time 0.7 s in the future
/usr/bin/gmake  -f CMakeFiles/cmTC_e1b3b.dir/build.make CMakeFiles/cmTC_e1b3b.dir/build
gmake[1]: Entering directory '/mnt/e/blockchain/Subodh-Sharma-IITD-21/SKLEE/build/CMakeFiles/CMakeTmp'
gmake[1]: Warning: File 'CMakeFiles/cmTC_e1b3b.dir/flags.make' has modification time 0.68 s in the future
Building C object CMakeFiles/cmTC_e1b3b.dir/CheckFunctionExists.c.o
/usr/bin/cc   -Wall -Wextra -Wno-unused-parameter -DCHECK_FUNCTION_EXISTS=openpty -o CMakeFiles/cmTC_e1b3b.dir/CheckFunctionExists.c.o -c /usr/share/cmake-3.18/Modules/CheckFunctionExists.c
Linking C executable cmTC_e1b3b
/usr/bin/cmake -E cmake_link_script CMakeFiles/cmTC_e1b3b.dir/link.txt --verbose=1
/usr/bin/cc  -Wall -Wextra -Wno-unused-parameter -DCHECK_FUNCTION_EXISTS=openpty -rdynamic CMakeFiles/cmTC_e1b3b.dir/CheckFunctionExists.c.o -o cmTC_e1b3b 
/usr/bin/ld: CMakeFiles/cmTC_e1b3b.dir/CheckFunctionExists.c.o: in function `main':
CheckFunctionExists.c:(.text+0x10): undefined reference to `openpty'
collect2: error: ld returned 1 exit status
gmake[1]: *** [CMakeFiles/cmTC_e1b3b.dir/build.make:106: cmTC_e1b3b] Error 1
gmake[1]: Leaving directory '/mnt/e/blockchain/Subodh-Sharma-IITD-21/SKLEE/build/CMakeFiles/CMakeTmp'
gmake: *** [Makefile:140: cmTC_e1b3b/fast] Error 2



Determining if the malloc_zone_statistics exist failed with the following output:
Change Dir: /mnt/e/blockchain/Subodh-Sharma-IITD-21/SKLEE/build/CMakeFiles/CMakeTmp

Run Build Command(s):/usr/bin/gmake cmTC_37eeb/fast && gmake: Warning: File 'Makefile' has modification time 0.47 s in the future
/usr/bin/gmake  -f CMakeFiles/cmTC_37eeb.dir/build.make CMakeFiles/cmTC_37eeb.dir/build
gmake[1]: Entering directory '/mnt/e/blockchain/Subodh-Sharma-IITD-21/SKLEE/build/CMakeFiles/CMakeTmp'
gmake[1]: Warning: File 'CMakeFiles/cmTC_37eeb.dir/flags.make' has modification time 0.45 s in the future
Building CXX object CMakeFiles/cmTC_37eeb.dir/CheckSymbolExists.cxx.o
/usr/bin/c++   -Wall -Wextra -Wno-unused-parameter  -o CMakeFiles/cmTC_37eeb.dir/CheckSymbolExists.cxx.o -c /mnt/e/blockchain/Subodh-Sharma-IITD-21/SKLEE/build/CMakeFiles/CMakeTmp/CheckSymbolExists.cxx
/mnt/e/blockchain/Subodh-Sharma-IITD-21/SKLEE/build/CMakeFiles/CMakeTmp/CheckSymbolExists.cxx:2:10: fatal error: malloc/malloc.h: No such file or directory
    2 | #include <malloc/malloc.h>
      |          ^~~~~~~~~~~~~~~~~
compilation terminated.
gmake[1]: *** [CMakeFiles/cmTC_37eeb.dir/build.make:85: CMakeFiles/cmTC_37eeb.dir/CheckSymbolExists.cxx.o] Error 1
gmake[1]: Leaving directory '/mnt/e/blockchain/Subodh-Sharma-IITD-21/SKLEE/build/CMakeFiles/CMakeTmp'
gmake: *** [Makefile:140: cmTC_37eeb/fast] Error 2


File /mnt/e/blockchain/Subodh-Sharma-IITD-21/SKLEE/build/CMakeFiles/CMakeTmp/CheckSymbolExists.cxx:
/* */
#include <malloc/malloc.h>

int main(int argc, char** argv)
{
  (void)argv;
#ifndef malloc_zone_statistics
  return ((int*)(&malloc_zone_statistics))[argc];
#else
  (void)argc;
  return 0;
#endif
}
Determining if the include file sys/acl.h exists failed with the following output:
Change Dir: /mnt/e/blockchain/Subodh-Sharma-IITD-21/SKLEE/build/CMakeFiles/CMakeTmp

Run Build Command(s):/usr/bin/gmake cmTC_5f9e8/fast && gmake: Warning: File 'Makefile' has modification time 0.72 s in the future
/usr/bin/gmake  -f CMakeFiles/cmTC_5f9e8.dir/build.make CMakeFiles/cmTC_5f9e8.dir/build
gmake[1]: Entering directory '/mnt/e/blockchain/Subodh-Sharma-IITD-21/SKLEE/build/CMakeFiles/CMakeTmp'
gmake[1]: Warning: File 'CMakeFiles/cmTC_5f9e8.dir/flags.make' has modification time 0.71 s in the future
Building C object CMakeFiles/cmTC_5f9e8.dir/CheckIncludeFile.c.o
/usr/bin/cc   -Wall -Wextra -Wno-unused-parameter  -o CMakeFiles/cmTC_5f9e8.dir/CheckIncludeFile.c.o -c /mnt/e/blockchain/Subodh-Sharma-IITD-21/SKLEE/build/CMakeFiles/CMakeTmp/CheckIncludeFile.c
/mnt/e/blockchain/Subodh-Sharma-IITD-21/SKLEE/build/CMakeFiles/CMakeTmp/CheckIncludeFile.c:1:10: fatal error: sys/acl.h: No such file or directory
    1 | #include <sys/acl.h>
      |          ^~~~~~~~~~~
compilation terminated.
gmake[1]: *** [CMakeFiles/cmTC_5f9e8.dir/build.make:85: CMakeFiles/cmTC_5f9e8.dir/CheckIncludeFile.c.o] Error 1
gmake[1]: Leaving directory '/mnt/e/blockchain/Subodh-Sharma-IITD-21/SKLEE/build/CMakeFiles/CMakeTmp'
gmake: *** [Makefile:140: cmTC_5f9e8/fast] Error 2



Determining if the prototype setcon exists for SELINUX_SECURITY_CTX_NO_CONST failed with the following output:
Change Dir: /mnt/e/blockchain/Subodh-Sharma-IITD-21/SKLEE/build/CMakeFiles/CMakeTmp

Run Build Command(s):/usr/bin/gmake cmTC_82636/fast && gmake: Warning: File 'Makefile' has modification time 0.73 s in the future
/usr/bin/gmake  -f CMakeFiles/cmTC_82636.dir/build.make CMakeFiles/cmTC_82636.dir/build
gmake[1]: Entering directory '/mnt/e/blockchain/Subodh-Sharma-IITD-21/SKLEE/build/CMakeFiles/CMakeTmp'
gmake[1]: Warning: File 'CMakeFiles/cmTC_82636.dir/flags.make' has modification time 0.71 s in the future
Building C object CMakeFiles/cmTC_82636.dir/CheckPrototypeDefinition.c.o
/usr/bin/cc   -Wall -Wextra -Wno-unused-parameter  -o CMakeFiles/cmTC_82636.dir/CheckPrototypeDefinition.c.o -c /mnt/e/blockchain/Subodh-Sharma-IITD-21/SKLEE/build/CMakeFiles/CMakeTmp/CheckPrototypeDefinition.c
/mnt/e/blockchain/Subodh-Sharma-IITD-21/SKLEE/build/CMakeFiles/CMakeTmp/CheckPrototypeDefinition.c:14:5: error: conflicting types for ‘setcon’
   14 | int setcon(char* context) {
      |     ^~~~~~
In file included from /mnt/e/blockchain/Subodh-Sharma-IITD-21/SKLEE/build/CMakeFiles/CMakeTmp/CheckPrototypeDefinition.c:1:
/usr/include/selinux/selinux.h:44:12: note: previous declaration of ‘setcon’ was here
   44 | extern int setcon(const char * con);
      |            ^~~~~~
gmake[1]: *** [CMakeFiles/cmTC_82636.dir/build.make:85: CMakeFiles/cmTC_82636.dir/CheckPrototypeDefinition.c.o] Error 1
gmake[1]: Leaving directory '/mnt/e/blockchain/Subodh-Sharma-IITD-21/SKLEE/build/CMakeFiles/CMakeTmp'
gmake: *** [Makefile:140: cmTC_82636/fast] Error 2



#include <selinux/selinux.h>


static void cmakeRequireSymbol(int dummy, ...) {
  (void) dummy;
}

static void checkSymbol(void) {
#ifndef setcon
  cmakeRequireSymbol(0, &setcon);
#endif
}

int setcon(char* context) {
  return 0;
}

#ifdef __CLASSIC_C__
int main() {
  int ac;
  char*av[];
#else
int main(int ac, char *av[]) {
#endif
  checkSymbol();
  if (ac > 1000) {
    return *av[0];
  }
  return 0;
}


Determining if the include file sys/capability.h exists failed with the following output:
Change Dir: /mnt/e/blockchain/Subodh-Sharma-IITD-21/SKLEE/build/CMakeFiles/CMakeTmp

Run Build Command(s):/usr/bin/gmake cmTC_9d01c/fast && gmake: Warning: File 'Makefile' has modification time 0.72 s in the future
/usr/bin/gmake  -f CMakeFiles/cmTC_9d01c.dir/build.make CMakeFiles/cmTC_9d01c.dir/build
gmake[1]: Entering directory '/mnt/e/blockchain/Subodh-Sharma-IITD-21/SKLEE/build/CMakeFiles/CMakeTmp'
gmake[1]: Warning: File 'CMakeFiles/cmTC_9d01c.dir/flags.make' has modification time 0.71 s in the future
Building C object CMakeFiles/cmTC_9d01c.dir/CheckIncludeFile.c.o
/usr/bin/cc   -Wall -Wextra -Wno-unused-parameter  -o CMakeFiles/cmTC_9d01c.dir/CheckIncludeFile.c.o -c /mnt/e/blockchain/Subodh-Sharma-IITD-21/SKLEE/build/CMakeFiles/CMakeTmp/CheckIncludeFile.c
/mnt/e/blockchain/Subodh-Sharma-IITD-21/SKLEE/build/CMakeFiles/CMakeTmp/CheckIncludeFile.c:1:10: fatal error: sys/capability.h: No such file or directory
    1 | #include <sys/capability.h>
      |          ^~~~~~~~~~~~~~~~~~
compilation terminated.
gmake[1]: *** [CMakeFiles/cmTC_9d01c.dir/build.make:85: CMakeFiles/cmTC_9d01c.dir/CheckIncludeFile.c.o] Error 1
gmake[1]: Leaving directory '/mnt/e/blockchain/Subodh-Sharma-IITD-21/SKLEE/build/CMakeFiles/CMakeTmp'
gmake: *** [Makefile:140: cmTC_9d01c/fast] Error 2



Determining if the include file util.h exists failed with the following output:
Change Dir: /mnt/e/blockchain/Subodh-Sharma-IITD-21/SKLEE/build/CMakeFiles/CMakeTmp

Run Build Command(s):/usr/bin/gmake cmTC_de906/fast && gmake: Warning: File 'Makefile' has modification time 0.73 s in the future
/usr/bin/gmake  -f CMakeFiles/cmTC_de906.dir/build.make CMakeFiles/cmTC_de906.dir/build
gmake[1]: Entering directory '/mnt/e/blockchain/Subodh-Sharma-IITD-21/SKLEE/build/CMakeFiles/CMakeTmp'
gmake[1]: Warning: File 'CMakeFiles/cmTC_de906.dir/flags.make' has modification time 0.72 s in the future
Building C object CMakeFiles/cmTC_de906.dir/CheckIncludeFile.c.o
/usr/bin/cc   -Wall -Wextra -Wno-unused-parameter  -o CMakeFiles/cmTC_de906.dir/CheckIncludeFile.c.o -c /mnt/e/blockchain/Subodh-Sharma-IITD-21/SKLEE/build/CMakeFiles/CMakeTmp/CheckIncludeFile.c
/mnt/e/blockchain/Subodh-Sharma-IITD-21/SKLEE/build/CMakeFiles/CMakeTmp/CheckIncludeFile.c:1:10: fatal error: util.h: No such file or directory
    1 | #include <util.h>
      |          ^~~~~~~~
compilation terminated.
gmake[1]: *** [CMakeFiles/cmTC_de906.dir/build.make:85: CMakeFiles/cmTC_de906.dir/CheckIncludeFile.c.o] Error 1
gmake[1]: Leaving directory '/mnt/e/blockchain/Subodh-Sharma-IITD-21/SKLEE/build/CMakeFiles/CMakeTmp'
gmake: *** [Makefile:140: cmTC_de906/fast] Error 2



Determining if the include file libutil.h exists failed with the following output:
Change Dir: /mnt/e/blockchain/Subodh-Sharma-IITD-21/SKLEE/build/CMakeFiles/CMakeTmp

Run Build Command(s):/usr/bin/gmake cmTC_689c8/fast && gmake: Warning: File 'Makefile' has modification time 0.73 s in the future
/usr/bin/gmake  -f CMakeFiles/cmTC_689c8.dir/build.make CMakeFiles/cmTC_689c8.dir/build
gmake[1]: Entering directory '/mnt/e/blockchain/Subodh-Sharma-IITD-21/SKLEE/build/CMakeFiles/CMakeTmp'
gmake[1]: Warning: File 'CMakeFiles/cmTC_689c8.dir/flags.make' has modification time 0.71 s in the future
Building C object CMakeFiles/cmTC_689c8.dir/CheckIncludeFile.c.o
/usr/bin/cc   -Wall -Wextra -Wno-unused-parameter  -o CMakeFiles/cmTC_689c8.dir/CheckIncludeFile.c.o -c /mnt/e/blockchain/Subodh-Sharma-IITD-21/SKLEE/build/CMakeFiles/CMakeTmp/CheckIncludeFile.c
/mnt/e/blockchain/Subodh-Sharma-IITD-21/SKLEE/build/CMakeFiles/CMakeTmp/CheckIncludeFile.c:1:10: fatal error: libutil.h: No such file or directory
    1 | #include <libutil.h>
      |          ^~~~~~~~~~~
compilation terminated.
gmake[1]: *** [CMakeFiles/cmTC_689c8.dir/build.make:85: CMakeFiles/cmTC_689c8.dir/CheckIncludeFile.c.o] Error 1
gmake[1]: Leaving directory '/mnt/e/blockchain/Subodh-Sharma-IITD-21/SKLEE/build/CMakeFiles/CMakeTmp'
gmake: *** [Makefile:140: cmTC_689c8/fast] Error 2



Determining if the function openpty exists failed with the following output:
Change Dir: /mnt/e/blockchain/Subodh-Sharma-IITD-21/SKLEE/build/CMakeFiles/CMakeTmp

Run Build Command(s):/usr/bin/gmake cmTC_2cf5c/fast && gmake: Warning: File 'Makefile' has modification time 0.73 s in the future
/usr/bin/gmake  -f CMakeFiles/cmTC_2cf5c.dir/build.make CMakeFiles/cmTC_2cf5c.dir/build
gmake[1]: Entering directory '/mnt/e/blockchain/Subodh-Sharma-IITD-21/SKLEE/build/CMakeFiles/CMakeTmp'
gmake[1]: Warning: File 'CMakeFiles/cmTC_2cf5c.dir/flags.make' has modification time 0.72 s in the future
Building C object CMakeFiles/cmTC_2cf5c.dir/CheckFunctionExists.c.o
/usr/bin/cc   -Wall -Wextra -Wno-unused-parameter -DCHECK_FUNCTION_EXISTS=openpty -o CMakeFiles/cmTC_2cf5c.dir/CheckFunctionExists.c.o -c /usr/share/cmake-3.18/Modules/CheckFunctionExists.c
Linking C executable cmTC_2cf5c
/usr/bin/cmake -E cmake_link_script CMakeFiles/cmTC_2cf5c.dir/link.txt --verbose=1
/usr/bin/cc  -Wall -Wextra -Wno-unused-parameter -DCHECK_FUNCTION_EXISTS=openpty -rdynamic CMakeFiles/cmTC_2cf5c.dir/CheckFunctionExists.c.o -o cmTC_2cf5c 
/usr/bin/ld: CMakeFiles/cmTC_2cf5c.dir/CheckFunctionExists.c.o: in function `main':
CheckFunctionExists.c:(.text+0x10): undefined reference to `openpty'
collect2: error: ld returned 1 exit status
gmake[1]: *** [CMakeFiles/cmTC_2cf5c.dir/build.make:106: cmTC_2cf5c] Error 1
gmake[1]: Leaving directory '/mnt/e/blockchain/Subodh-Sharma-IITD-21/SKLEE/build/CMakeFiles/CMakeTmp'
gmake: *** [Makefile:140: cmTC_2cf5c/fast] Error 2



Determining if the malloc_zone_statistics exist failed with the following output:
Change Dir: /mnt/e/blockchain/Subodh-Sharma-IITD-21/SKLEE/build/CMakeFiles/CMakeTmp

Run Build Command(s):/usr/bin/gmake cmTC_7d1c3/fast && gmake: Warning: File 'Makefile' has modification time 0.5 s in the future
/usr/bin/gmake  -f CMakeFiles/cmTC_7d1c3.dir/build.make CMakeFiles/cmTC_7d1c3.dir/build
gmake[1]: Entering directory '/mnt/e/blockchain/Subodh-Sharma-IITD-21/SKLEE/build/CMakeFiles/CMakeTmp'
gmake[1]: Warning: File 'CMakeFiles/cmTC_7d1c3.dir/flags.make' has modification time 0.48 s in the future
Building CXX object CMakeFiles/cmTC_7d1c3.dir/CheckSymbolExists.cxx.o
/usr/bin/c++   -Wall -Wextra -Wno-unused-parameter  -o CMakeFiles/cmTC_7d1c3.dir/CheckSymbolExists.cxx.o -c /mnt/e/blockchain/Subodh-Sharma-IITD-21/SKLEE/build/CMakeFiles/CMakeTmp/CheckSymbolExists.cxx
/mnt/e/blockchain/Subodh-Sharma-IITD-21/SKLEE/build/CMakeFiles/CMakeTmp/CheckSymbolExists.cxx:2:10: fatal error: malloc/malloc.h: No such file or directory
    2 | #include <malloc/malloc.h>
      |          ^~~~~~~~~~~~~~~~~
compilation terminated.
gmake[1]: *** [CMakeFiles/cmTC_7d1c3.dir/build.make:85: CMakeFiles/cmTC_7d1c3.dir/CheckSymbolExists.cxx.o] Error 1
gmake[1]: Leaving directory '/mnt/e/blockchain/Subodh-Sharma-IITD-21/SKLEE/build/CMakeFiles/CMakeTmp'
gmake: *** [Makefile:140: cmTC_7d1c3/fast] Error 2


File /mnt/e/blockchain/Subodh-Sharma-IITD-21/SKLEE/build/CMakeFiles/CMakeTmp/CheckSymbolExists.cxx:
/* */
#include <malloc/malloc.h>

int main(int argc, char** argv)
{
  (void)argv;
#ifndef malloc_zone_statistics
  return ((int*)(&malloc_zone_statistics))[argc];
#else
  (void)argc;
  return 0;
#endif
}
Determining if the include file sys/acl.h exists failed with the following output:
Change Dir: /mnt/e/blockchain/Subodh-Sharma-IITD-21/SKLEE/build/CMakeFiles/CMakeTmp

Run Build Command(s):/usr/bin/gmake cmTC_603e7/fast && gmake: Warning: File 'Makefile' has modification time 0.73 s in the future
/usr/bin/gmake  -f CMakeFiles/cmTC_603e7.dir/build.make CMakeFiles/cmTC_603e7.dir/build
gmake[1]: Entering directory '/mnt/e/blockchain/Subodh-Sharma-IITD-21/SKLEE/build/CMakeFiles/CMakeTmp'
gmake[1]: Warning: File 'CMakeFiles/cmTC_603e7.dir/flags.make' has modification time 0.71 s in the future
Building C object CMakeFiles/cmTC_603e7.dir/CheckIncludeFile.c.o
/usr/bin/cc   -Wall -Wextra -Wno-unused-parameter  -o CMakeFiles/cmTC_603e7.dir/CheckIncludeFile.c.o -c /mnt/e/blockchain/Subodh-Sharma-IITD-21/SKLEE/build/CMakeFiles/CMakeTmp/CheckIncludeFile.c
/mnt/e/blockchain/Subodh-Sharma-IITD-21/SKLEE/build/CMakeFiles/CMakeTmp/CheckIncludeFile.c:1:10: fatal error: sys/acl.h: No such file or directory
    1 | #include <sys/acl.h>
      |          ^~~~~~~~~~~
compilation terminated.
gmake[1]: *** [CMakeFiles/cmTC_603e7.dir/build.make:85: CMakeFiles/cmTC_603e7.dir/CheckIncludeFile.c.o] Error 1
gmake[1]: Leaving directory '/mnt/e/blockchain/Subodh-Sharma-IITD-21/SKLEE/build/CMakeFiles/CMakeTmp'
gmake: *** [Makefile:140: cmTC_603e7/fast] Error 2



Determining if the prototype setcon exists for SELINUX_SECURITY_CTX_NO_CONST failed with the following output:
Change Dir: /mnt/e/blockchain/Subodh-Sharma-IITD-21/SKLEE/build/CMakeFiles/CMakeTmp

Run Build Command(s):/usr/bin/gmake cmTC_3c02f/fast && gmake: Warning: File 'Makefile' has modification time 0.73 s in the future
/usr/bin/gmake  -f CMakeFiles/cmTC_3c02f.dir/build.make CMakeFiles/cmTC_3c02f.dir/build
gmake[1]: Entering directory '/mnt/e/blockchain/Subodh-Sharma-IITD-21/SKLEE/build/CMakeFiles/CMakeTmp'
gmake[1]: Warning: File 'CMakeFiles/cmTC_3c02f.dir/flags.make' has modification time 0.72 s in the future
Building C object CMakeFiles/cmTC_3c02f.dir/CheckPrototypeDefinition.c.o
/usr/bin/cc   -Wall -Wextra -Wno-unused-parameter  -o CMakeFiles/cmTC_3c02f.dir/CheckPrototypeDefinition.c.o -c /mnt/e/blockchain/Subodh-Sharma-IITD-21/SKLEE/build/CMakeFiles/CMakeTmp/CheckPrototypeDefinition.c
/mnt/e/blockchain/Subodh-Sharma-IITD-21/SKLEE/build/CMakeFiles/CMakeTmp/CheckPrototypeDefinition.c:14:5: error: conflicting types for ‘setcon’
   14 | int setcon(char* context) {
      |     ^~~~~~
In file included from /mnt/e/blockchain/Subodh-Sharma-IITD-21/SKLEE/build/CMakeFiles/CMakeTmp/CheckPrototypeDefinition.c:1:
/usr/include/selinux/selinux.h:44:12: note: previous declaration of ‘setcon’ was here
   44 | extern int setcon(const char * con);
      |            ^~~~~~
gmake[1]: *** [CMakeFiles/cmTC_3c02f.dir/build.make:85: CMakeFiles/cmTC_3c02f.dir/CheckPrototypeDefinition.c.o] Error 1
gmake[1]: Leaving directory '/mnt/e/blockchain/Subodh-Sharma-IITD-21/SKLEE/build/CMakeFiles/CMakeTmp'
gmake: *** [Makefile:140: cmTC_3c02f/fast] Error 2



#include <selinux/selinux.h>


static void cmakeRequireSymbol(int dummy, ...) {
  (void) dummy;
}

static void checkSymbol(void) {
#ifndef setcon
  cmakeRequireSymbol(0, &setcon);
#endif
}

int setcon(char* context) {
  return 0;
}

#ifdef __CLASSIC_C__
int main() {
  int ac;
  char*av[];
#else
int main(int ac, char *av[]) {
#endif
  checkSymbol();
  if (ac > 1000) {
    return *av[0];
  }
  return 0;
}


