Performing C++ SOURCE FILE Test HAS__Wall_CXX succeeded with the following output:
Change Dir: /mnt/e/blockchain/Subodh-Sharma-IITD-21/SKLEE/build/CMakeFiles/CMakeTmp

Run Build Command(s):/usr/bin/gmake cmTC_8d9dc/fast && gmake: Warning: File 'Makefile' has modification time 0.34 s in the future
/usr/bin/gmake  -f CMakeFiles/cmTC_8d9dc.dir/build.make CMakeFiles/cmTC_8d9dc.dir/build
gmake[1]: Entering directory '/mnt/e/blockchain/Subodh-Sharma-IITD-21/SKLEE/build/CMakeFiles/CMakeTmp'
gmake[1]: Warning: File 'CMakeFiles/cmTC_8d9dc.dir/flags.make' has modification time 0.32 s in the future
Building CXX object CMakeFiles/cmTC_8d9dc.dir/src.cxx.o
/usr/bin/c++   -DHAS__Wall_CXX   -Wall -o CMakeFiles/cmTC_8d9dc.dir/src.cxx.o -c /mnt/e/blockchain/Subodh-Sharma-IITD-21/SKLEE/build/CMakeFiles/CMakeTmp/src.cxx
Linking CXX executable cmTC_8d9dc
/usr/bin/cmake -E cmake_link_script CMakeFiles/cmTC_8d9dc.dir/link.txt --verbose=1
/usr/bin/c++  -DHAS__Wall_CXX -rdynamic CMakeFiles/cmTC_8d9dc.dir/src.cxx.o -o cmTC_8d9dc 
gmake[1]: warning:  Clock skew detected.  Your build may be incomplete.
gmake[1]: Leaving directory '/mnt/e/blockchain/Subodh-Sharma-IITD-21/SKLEE/build/CMakeFiles/CMakeTmp'
gmake: warning:  Clock skew detected.  Your build may be incomplete.


Source file was:
int main() { return 0; }
Performing C++ SOURCE FILE Test HAS__Wextra_CXX succeeded with the following output:
Change Dir: /mnt/e/blockchain/Subodh-Sharma-IITD-21/SKLEE/build/CMakeFiles/CMakeTmp

Run Build Command(s):/usr/bin/gmake cmTC_6e6cf/fast && gmake: Warning: File 'Makefile' has modification time 0.33 s in the future
/usr/bin/gmake  -f CMakeFiles/cmTC_6e6cf.dir/build.make CMakeFiles/cmTC_6e6cf.dir/build
gmake[1]: Entering directory '/mnt/e/blockchain/Subodh-Sharma-IITD-21/SKLEE/build/CMakeFiles/CMakeTmp'
gmake[1]: Warning: File 'CMakeFiles/cmTC_6e6cf.dir/flags.make' has modification time 0.31 s in the future
Building CXX object CMakeFiles/cmTC_6e6cf.dir/src.cxx.o
/usr/bin/c++   -Wall -DHAS__Wextra_CXX   -Wextra -o CMakeFiles/cmTC_6e6cf.dir/src.cxx.o -c /mnt/e/blockchain/Subodh-Sharma-IITD-21/SKLEE/build/CMakeFiles/CMakeTmp/src.cxx
Linking CXX executable cmTC_6e6cf
/usr/bin/cmake -E cmake_link_script CMakeFiles/cmTC_6e6cf.dir/link.txt --verbose=1
/usr/bin/c++  -Wall -DHAS__Wextra_CXX -rdynamic CMakeFiles/cmTC_6e6cf.dir/src.cxx.o -o cmTC_6e6cf 
gmake[1]: warning:  Clock skew detected.  Your build may be incomplete.
gmake[1]: Leaving directory '/mnt/e/blockchain/Subodh-Sharma-IITD-21/SKLEE/build/CMakeFiles/CMakeTmp'
gmake: warning:  Clock skew detected.  Your build may be incomplete.


Source file was:
int main() { return 0; }
Performing C++ SOURCE FILE Test HAS__Wno_unused_parameter_CXX succeeded with the following output:
Change Dir: /mnt/e/blockchain/Subodh-Sharma-IITD-21/SKLEE/build/CMakeFiles/CMakeTmp

Run Build Command(s):/usr/bin/gmake cmTC_3db37/fast && gmake: Warning: File 'Makefile' has modification time 0.34 s in the future
/usr/bin/gmake  -f CMakeFiles/cmTC_3db37.dir/build.make CMakeFiles/cmTC_3db37.dir/build
gmake[1]: Entering directory '/mnt/e/blockchain/Subodh-Sharma-IITD-21/SKLEE/build/CMakeFiles/CMakeTmp'
gmake[1]: Warning: File 'CMakeFiles/cmTC_3db37.dir/flags.make' has modification time 0.32 s in the future
Building CXX object CMakeFiles/cmTC_3db37.dir/src.cxx.o
/usr/bin/c++   -Wall -Wextra -DHAS__Wno_unused_parameter_CXX   -Wno-unused-parameter -o CMakeFiles/cmTC_3db37.dir/src.cxx.o -c /mnt/e/blockchain/Subodh-Sharma-IITD-21/SKLEE/build/CMakeFiles/CMakeTmp/src.cxx
Linking CXX executable cmTC_3db37
/usr/bin/cmake -E cmake_link_script CMakeFiles/cmTC_3db37.dir/link.txt --verbose=1
/usr/bin/c++  -Wall -Wextra -DHAS__Wno_unused_parameter_CXX -rdynamic CMakeFiles/cmTC_3db37.dir/src.cxx.o -o cmTC_3db37 
gmake[1]: warning:  Clock skew detected.  Your build may be incomplete.
gmake[1]: Leaving directory '/mnt/e/blockchain/Subodh-Sharma-IITD-21/SKLEE/build/CMakeFiles/CMakeTmp'
gmake: warning:  Clock skew detected.  Your build may be incomplete.


Source file was:
int main() { return 0; }
Performing C SOURCE FILE Test HAS__Wall_C succeeded with the following output:
Change Dir: /mnt/e/blockchain/Subodh-Sharma-IITD-21/SKLEE/build/CMakeFiles/CMakeTmp

Run Build Command(s):/usr/bin/gmake cmTC_7af39/fast && gmake: Warning: File 'Makefile' has modification time 0.34 s in the future
/usr/bin/gmake  -f CMakeFiles/cmTC_7af39.dir/build.make CMakeFiles/cmTC_7af39.dir/build
gmake[1]: Entering directory '/mnt/e/blockchain/Subodh-Sharma-IITD-21/SKLEE/build/CMakeFiles/CMakeTmp'
gmake[1]: Warning: File 'CMakeFiles/cmTC_7af39.dir/flags.make' has modification time 0.33 s in the future
Building C object CMakeFiles/cmTC_7af39.dir/src.c.o
/usr/bin/cc   -DHAS__Wall_C   -Wall -o CMakeFiles/cmTC_7af39.dir/src.c.o -c /mnt/e/blockchain/Subodh-Sharma-IITD-21/SKLEE/build/CMakeFiles/CMakeTmp/src.c
Linking C executable cmTC_7af39
/usr/bin/cmake -E cmake_link_script CMakeFiles/cmTC_7af39.dir/link.txt --verbose=1
/usr/bin/cc  -DHAS__Wall_C -rdynamic CMakeFiles/cmTC_7af39.dir/src.c.o -o cmTC_7af39 
gmake[1]: warning:  Clock skew detected.  Your build may be incomplete.
gmake[1]: Leaving directory '/mnt/e/blockchain/Subodh-Sharma-IITD-21/SKLEE/build/CMakeFiles/CMakeTmp'
gmake: warning:  Clock skew detected.  Your build may be incomplete.


Source file was:
int main(void) { return 0; }
Performing C SOURCE FILE Test HAS__Wextra_C succeeded with the following output:
Change Dir: /mnt/e/blockchain/Subodh-Sharma-IITD-21/SKLEE/build/CMakeFiles/CMakeTmp

Run Build Command(s):/usr/bin/gmake cmTC_da2de/fast && gmake: Warning: File 'Makefile' has modification time 0.34 s in the future
/usr/bin/gmake  -f CMakeFiles/cmTC_da2de.dir/build.make CMakeFiles/cmTC_da2de.dir/build
gmake[1]: Entering directory '/mnt/e/blockchain/Subodh-Sharma-IITD-21/SKLEE/build/CMakeFiles/CMakeTmp'
gmake[1]: Warning: File 'CMakeFiles/cmTC_da2de.dir/flags.make' has modification time 0.33 s in the future
Building C object CMakeFiles/cmTC_da2de.dir/src.c.o
/usr/bin/cc   -Wall -DHAS__Wextra_C   -Wextra -o CMakeFiles/cmTC_da2de.dir/src.c.o -c /mnt/e/blockchain/Subodh-Sharma-IITD-21/SKLEE/build/CMakeFiles/CMakeTmp/src.c
Linking C executable cmTC_da2de
/usr/bin/cmake -E cmake_link_script CMakeFiles/cmTC_da2de.dir/link.txt --verbose=1
/usr/bin/cc  -Wall -DHAS__Wextra_C -rdynamic CMakeFiles/cmTC_da2de.dir/src.c.o -o cmTC_da2de 
gmake[1]: warning:  Clock skew detected.  Your build may be incomplete.
gmake[1]: Leaving directory '/mnt/e/blockchain/Subodh-Sharma-IITD-21/SKLEE/build/CMakeFiles/CMakeTmp'
gmake: warning:  Clock skew detected.  Your build may be incomplete.


Source file was:
int main(void) { return 0; }
Performing C SOURCE FILE Test HAS__Wno_unused_parameter_C succeeded with the following output:
Change Dir: /mnt/e/blockchain/Subodh-Sharma-IITD-21/SKLEE/build/CMakeFiles/CMakeTmp

Run Build Command(s):/usr/bin/gmake cmTC_686f7/fast && gmake: Warning: File 'Makefile' has modification time 0.34 s in the future
/usr/bin/gmake  -f CMakeFiles/cmTC_686f7.dir/build.make CMakeFiles/cmTC_686f7.dir/build
gmake[1]: Entering directory '/mnt/e/blockchain/Subodh-Sharma-IITD-21/SKLEE/build/CMakeFiles/CMakeTmp'
gmake[1]: Warning: File 'CMakeFiles/cmTC_686f7.dir/flags.make' has modification time 0.33 s in the future
Building C object CMakeFiles/cmTC_686f7.dir/src.c.o
/usr/bin/cc   -Wall -Wextra -DHAS__Wno_unused_parameter_C   -Wno-unused-parameter -o CMakeFiles/cmTC_686f7.dir/src.c.o -c /mnt/e/blockchain/Subodh-Sharma-IITD-21/SKLEE/build/CMakeFiles/CMakeTmp/src.c
Linking C executable cmTC_686f7
/usr/bin/cmake -E cmake_link_script CMakeFiles/cmTC_686f7.dir/link.txt --verbose=1
/usr/bin/cc  -Wall -Wextra -DHAS__Wno_unused_parameter_C -rdynamic CMakeFiles/cmTC_686f7.dir/src.c.o -o cmTC_686f7 
gmake[1]: warning:  Clock skew detected.  Your build may be incomplete.
gmake[1]: Leaving directory '/mnt/e/blockchain/Subodh-Sharma-IITD-21/SKLEE/build/CMakeFiles/CMakeTmp'
gmake: warning:  Clock skew detected.  Your build may be incomplete.


Source file was:
int main(void) { return 0; }
Determining if the prototype Z3_get_error_msg exists for HAVE_Z3_GET_ERROR_MSG_NEEDS_CONTEXT passed with the following output:
Change Dir: /mnt/e/blockchain/Subodh-Sharma-IITD-21/SKLEE/build/CMakeFiles/CMakeTmp

Run Build Command(s):/usr/bin/gmake cmTC_24040/fast && gmake: Warning: File 'Makefile' has modification time 0.33 s in the future
/usr/bin/gmake  -f CMakeFiles/cmTC_24040.dir/build.make CMakeFiles/cmTC_24040.dir/build
gmake[1]: Entering directory '/mnt/e/blockchain/Subodh-Sharma-IITD-21/SKLEE/build/CMakeFiles/CMakeTmp'
gmake[1]: Warning: File 'CMakeFiles/cmTC_24040.dir/flags.make' has modification time 0.32 s in the future
Building C object CMakeFiles/cmTC_24040.dir/CheckPrototypeDefinition.c.o
/usr/bin/cc   -Wall -Wextra -Wno-unused-parameter  -o CMakeFiles/cmTC_24040.dir/CheckPrototypeDefinition.c.o -c /mnt/e/blockchain/Subodh-Sharma-IITD-21/SKLEE/build/CMakeFiles/CMakeTmp/CheckPrototypeDefinition.c
Linking C executable cmTC_24040
/usr/bin/cmake -E cmake_link_script CMakeFiles/cmTC_24040.dir/link.txt --verbose=1
/usr/bin/cc  -Wall -Wextra -Wno-unused-parameter  -rdynamic CMakeFiles/cmTC_24040.dir/CheckPrototypeDefinition.c.o -o cmTC_24040  /usr/lib/x86_64-linux-gnu/libz3.so 
gmake[1]: warning:  Clock skew detected.  Your build may be incomplete.
gmake[1]: Leaving directory '/mnt/e/blockchain/Subodh-Sharma-IITD-21/SKLEE/build/CMakeFiles/CMakeTmp'
gmake: warning:  Clock skew detected.  Your build may be incomplete.



Performing C++ SOURCE FILE Test HAS__fno_exceptions succeeded with the following output:
Change Dir: /mnt/e/blockchain/Subodh-Sharma-IITD-21/SKLEE/build/CMakeFiles/CMakeTmp

Run Build Command(s):/usr/bin/gmake cmTC_829e5/fast && gmake: Warning: File 'Makefile' has modification time 0.34 s in the future
/usr/bin/gmake  -f CMakeFiles/cmTC_829e5.dir/build.make CMakeFiles/cmTC_829e5.dir/build
gmake[1]: Entering directory '/mnt/e/blockchain/Subodh-Sharma-IITD-21/SKLEE/build/CMakeFiles/CMakeTmp'
gmake[1]: Warning: File 'CMakeFiles/cmTC_829e5.dir/flags.make' has modification time 0.32 s in the future
Building CXX object CMakeFiles/cmTC_829e5.dir/src.cxx.o
/usr/bin/c++   -Wall -Wextra -Wno-unused-parameter -DHAS__fno_exceptions   -fno-exceptions -o CMakeFiles/cmTC_829e5.dir/src.cxx.o -c /mnt/e/blockchain/Subodh-Sharma-IITD-21/SKLEE/build/CMakeFiles/CMakeTmp/src.cxx
Linking CXX executable cmTC_829e5
/usr/bin/cmake -E cmake_link_script CMakeFiles/cmTC_829e5.dir/link.txt --verbose=1
/usr/bin/c++  -Wall -Wextra -Wno-unused-parameter -DHAS__fno_exceptions -rdynamic CMakeFiles/cmTC_829e5.dir/src.cxx.o -o cmTC_829e5 
gmake[1]: warning:  Clock skew detected.  Your build may be incomplete.
gmake[1]: Leaving directory '/mnt/e/blockchain/Subodh-Sharma-IITD-21/SKLEE/build/CMakeFiles/CMakeTmp'
gmake: warning:  Clock skew detected.  Your build may be incomplete.


Source file was:
int main() { return 0; }
Determining if the include file gperftools/malloc_extension.h exists passed with the following output:
Change Dir: /mnt/e/blockchain/Subodh-Sharma-IITD-21/SKLEE/build/CMakeFiles/CMakeTmp

Run Build Command(s):/usr/bin/gmake cmTC_ed9a0/fast && gmake: Warning: File 'Makefile' has modification time 0.34 s in the future
/usr/bin/gmake  -f CMakeFiles/cmTC_ed9a0.dir/build.make CMakeFiles/cmTC_ed9a0.dir/build
gmake[1]: Entering directory '/mnt/e/blockchain/Subodh-Sharma-IITD-21/SKLEE/build/CMakeFiles/CMakeTmp'
gmake[1]: Warning: File 'CMakeFiles/cmTC_ed9a0.dir/flags.make' has modification time 0.32 s in the future
Building CXX object CMakeFiles/cmTC_ed9a0.dir/CheckIncludeFile.cxx.o
/usr/bin/c++   -Wall -Wextra -Wno-unused-parameter  -o CMakeFiles/cmTC_ed9a0.dir/CheckIncludeFile.cxx.o -c /mnt/e/blockchain/Subodh-Sharma-IITD-21/SKLEE/build/CMakeFiles/CMakeTmp/CheckIncludeFile.cxx
Linking CXX executable cmTC_ed9a0
/usr/bin/cmake -E cmake_link_script CMakeFiles/cmTC_ed9a0.dir/link.txt --verbose=1
/usr/bin/c++  -Wall -Wextra -Wno-unused-parameter  -rdynamic CMakeFiles/cmTC_ed9a0.dir/CheckIncludeFile.cxx.o -o cmTC_ed9a0 
gmake[1]: warning:  Clock skew detected.  Your build may be incomplete.
gmake[1]: Leaving directory '/mnt/e/blockchain/Subodh-Sharma-IITD-21/SKLEE/build/CMakeFiles/CMakeTmp'
gmake: warning:  Clock skew detected.  Your build may be incomplete.



Performing C++ SOURCE FILE Test HAS__fno_builtin_malloc succeeded with the following output:
Change Dir: /mnt/e/blockchain/Subodh-Sharma-IITD-21/SKLEE/build/CMakeFiles/CMakeTmp

Run Build Command(s):/usr/bin/gmake cmTC_2d13a/fast && gmake: Warning: File 'Makefile' has modification time 0.33 s in the future
/usr/bin/gmake  -f CMakeFiles/cmTC_2d13a.dir/build.make CMakeFiles/cmTC_2d13a.dir/build
gmake[1]: Entering directory '/mnt/e/blockchain/Subodh-Sharma-IITD-21/SKLEE/build/CMakeFiles/CMakeTmp'
gmake[1]: Warning: File 'CMakeFiles/cmTC_2d13a.dir/flags.make' has modification time 0.32 s in the future
Building CXX object CMakeFiles/cmTC_2d13a.dir/src.cxx.o
/usr/bin/c++   -Wall -Wextra -Wno-unused-parameter -DHAS__fno_builtin_malloc   -fno-builtin-malloc -o CMakeFiles/cmTC_2d13a.dir/src.cxx.o -c /mnt/e/blockchain/Subodh-Sharma-IITD-21/SKLEE/build/CMakeFiles/CMakeTmp/src.cxx
Linking CXX executable cmTC_2d13a
/usr/bin/cmake -E cmake_link_script CMakeFiles/cmTC_2d13a.dir/link.txt --verbose=1
/usr/bin/c++  -Wall -Wextra -Wno-unused-parameter -DHAS__fno_builtin_malloc -rdynamic CMakeFiles/cmTC_2d13a.dir/src.cxx.o -o cmTC_2d13a 
gmake[1]: warning:  Clock skew detected.  Your build may be incomplete.
gmake[1]: Leaving directory '/mnt/e/blockchain/Subodh-Sharma-IITD-21/SKLEE/build/CMakeFiles/CMakeTmp'
gmake: warning:  Clock skew detected.  Your build may be incomplete.


Source file was:
int main() { return 0; }
Performing C++ SOURCE FILE Test HAS__fno_builtin_calloc succeeded with the following output:
Change Dir: /mnt/e/blockchain/Subodh-Sharma-IITD-21/SKLEE/build/CMakeFiles/CMakeTmp

Run Build Command(s):/usr/bin/gmake cmTC_23ad2/fast && gmake: Warning: File 'Makefile' has modification time 0.34 s in the future
/usr/bin/gmake  -f CMakeFiles/cmTC_23ad2.dir/build.make CMakeFiles/cmTC_23ad2.dir/build
gmake[1]: Entering directory '/mnt/e/blockchain/Subodh-Sharma-IITD-21/SKLEE/build/CMakeFiles/CMakeTmp'
gmake[1]: Warning: File 'CMakeFiles/cmTC_23ad2.dir/flags.make' has modification time 0.32 s in the future
Building CXX object CMakeFiles/cmTC_23ad2.dir/src.cxx.o
/usr/bin/c++   -Wall -Wextra -Wno-unused-parameter -DHAS__fno_builtin_calloc   -fno-builtin-calloc -o CMakeFiles/cmTC_23ad2.dir/src.cxx.o -c /mnt/e/blockchain/Subodh-Sharma-IITD-21/SKLEE/build/CMakeFiles/CMakeTmp/src.cxx
Linking CXX executable cmTC_23ad2
/usr/bin/cmake -E cmake_link_script CMakeFiles/cmTC_23ad2.dir/link.txt --verbose=1
/usr/bin/c++  -Wall -Wextra -Wno-unused-parameter -DHAS__fno_builtin_calloc -rdynamic CMakeFiles/cmTC_23ad2.dir/src.cxx.o -o cmTC_23ad2 
gmake[1]: warning:  Clock skew detected.  Your build may be incomplete.
gmake[1]: Leaving directory '/mnt/e/blockchain/Subodh-Sharma-IITD-21/SKLEE/build/CMakeFiles/CMakeTmp'
gmake: warning:  Clock skew detected.  Your build may be incomplete.


Source file was:
int main() { return 0; }
Performing C++ SOURCE FILE Test HAS__fno_builtin_realloc succeeded with the following output:
Change Dir: /mnt/e/blockchain/Subodh-Sharma-IITD-21/SKLEE/build/CMakeFiles/CMakeTmp

Run Build Command(s):/usr/bin/gmake cmTC_6d606/fast && gmake: Warning: File 'Makefile' has modification time 0.33 s in the future
/usr/bin/gmake  -f CMakeFiles/cmTC_6d606.dir/build.make CMakeFiles/cmTC_6d606.dir/build
gmake[1]: Entering directory '/mnt/e/blockchain/Subodh-Sharma-IITD-21/SKLEE/build/CMakeFiles/CMakeTmp'
gmake[1]: Warning: File 'CMakeFiles/cmTC_6d606.dir/flags.make' has modification time 0.32 s in the future
Building CXX object CMakeFiles/cmTC_6d606.dir/src.cxx.o
/usr/bin/c++   -Wall -Wextra -Wno-unused-parameter -DHAS__fno_builtin_realloc   -fno-builtin-realloc -o CMakeFiles/cmTC_6d606.dir/src.cxx.o -c /mnt/e/blockchain/Subodh-Sharma-IITD-21/SKLEE/build/CMakeFiles/CMakeTmp/src.cxx
Linking CXX executable cmTC_6d606
/usr/bin/cmake -E cmake_link_script CMakeFiles/cmTC_6d606.dir/link.txt --verbose=1
/usr/bin/c++  -Wall -Wextra -Wno-unused-parameter -DHAS__fno_builtin_realloc -rdynamic CMakeFiles/cmTC_6d606.dir/src.cxx.o -o cmTC_6d606 
gmake[1]: warning:  Clock skew detected.  Your build may be incomplete.
gmake[1]: Leaving directory '/mnt/e/blockchain/Subodh-Sharma-IITD-21/SKLEE/build/CMakeFiles/CMakeTmp'
gmake: warning:  Clock skew detected.  Your build may be incomplete.


Source file was:
int main() { return 0; }
Performing C++ SOURCE FILE Test HAS__fno_builtin_free succeeded with the following output:
Change Dir: /mnt/e/blockchain/Subodh-Sharma-IITD-21/SKLEE/build/CMakeFiles/CMakeTmp

Run Build Command(s):/usr/bin/gmake cmTC_71a20/fast && gmake: Warning: File 'Makefile' has modification time 0.33 s in the future
/usr/bin/gmake  -f CMakeFiles/cmTC_71a20.dir/build.make CMakeFiles/cmTC_71a20.dir/build
gmake[1]: Entering directory '/mnt/e/blockchain/Subodh-Sharma-IITD-21/SKLEE/build/CMakeFiles/CMakeTmp'
gmake[1]: Warning: File 'CMakeFiles/cmTC_71a20.dir/flags.make' has modification time 0.32 s in the future
Building CXX object CMakeFiles/cmTC_71a20.dir/src.cxx.o
/usr/bin/c++   -Wall -Wextra -Wno-unused-parameter -DHAS__fno_builtin_free   -fno-builtin-free -o CMakeFiles/cmTC_71a20.dir/src.cxx.o -c /mnt/e/blockchain/Subodh-Sharma-IITD-21/SKLEE/build/CMakeFiles/CMakeTmp/src.cxx
Linking CXX executable cmTC_71a20
/usr/bin/cmake -E cmake_link_script CMakeFiles/cmTC_71a20.dir/link.txt --verbose=1
/usr/bin/c++  -Wall -Wextra -Wno-unused-parameter -DHAS__fno_builtin_free -rdynamic CMakeFiles/cmTC_71a20.dir/src.cxx.o -o cmTC_71a20 
gmake[1]: warning:  Clock skew detected.  Your build may be incomplete.
gmake[1]: Leaving directory '/mnt/e/blockchain/Subodh-Sharma-IITD-21/SKLEE/build/CMakeFiles/CMakeTmp'
gmake: warning:  Clock skew detected.  Your build may be incomplete.


Source file was:
int main() { return 0; }
Determining if the include file pty.h exists passed with the following output:
Change Dir: /mnt/e/blockchain/Subodh-Sharma-IITD-21/SKLEE/build/CMakeFiles/CMakeTmp

Run Build Command(s):/usr/bin/gmake cmTC_16c2d/fast && gmake: Warning: File 'Makefile' has modification time 0.34 s in the future
/usr/bin/gmake  -f CMakeFiles/cmTC_16c2d.dir/build.make CMakeFiles/cmTC_16c2d.dir/build
gmake[1]: Entering directory '/mnt/e/blockchain/Subodh-Sharma-IITD-21/SKLEE/build/CMakeFiles/CMakeTmp'
gmake[1]: Warning: File 'CMakeFiles/cmTC_16c2d.dir/flags.make' has modification time 0.33 s in the future
Building C object CMakeFiles/cmTC_16c2d.dir/CheckIncludeFile.c.o
/usr/bin/cc   -Wall -Wextra -Wno-unused-parameter  -o CMakeFiles/cmTC_16c2d.dir/CheckIncludeFile.c.o -c /mnt/e/blockchain/Subodh-Sharma-IITD-21/SKLEE/build/CMakeFiles/CMakeTmp/CheckIncludeFile.c
Linking C executable cmTC_16c2d
/usr/bin/cmake -E cmake_link_script CMakeFiles/cmTC_16c2d.dir/link.txt --verbose=1
/usr/bin/cc  -Wall -Wextra -Wno-unused-parameter  -rdynamic CMakeFiles/cmTC_16c2d.dir/CheckIncludeFile.c.o -o cmTC_16c2d 
gmake[1]: warning:  Clock skew detected.  Your build may be incomplete.
gmake[1]: Leaving directory '/mnt/e/blockchain/Subodh-Sharma-IITD-21/SKLEE/build/CMakeFiles/CMakeTmp'
gmake: warning:  Clock skew detected.  Your build may be incomplete.



Determining if the function openpty exists in the util passed with the following output:
Change Dir: /mnt/e/blockchain/Subodh-Sharma-IITD-21/SKLEE/build/CMakeFiles/CMakeTmp

Run Build Command(s):/usr/bin/gmake cmTC_ca0bc/fast && gmake: Warning: File 'Makefile' has modification time 0.33 s in the future
/usr/bin/gmake  -f CMakeFiles/cmTC_ca0bc.dir/build.make CMakeFiles/cmTC_ca0bc.dir/build
gmake[1]: Entering directory '/mnt/e/blockchain/Subodh-Sharma-IITD-21/SKLEE/build/CMakeFiles/CMakeTmp'
gmake[1]: Warning: File 'CMakeFiles/cmTC_ca0bc.dir/flags.make' has modification time 0.31 s in the future
Building C object CMakeFiles/cmTC_ca0bc.dir/CheckFunctionExists.c.o
/usr/bin/cc   -Wall -Wextra -Wno-unused-parameter -DCHECK_FUNCTION_EXISTS=openpty -o CMakeFiles/cmTC_ca0bc.dir/CheckFunctionExists.c.o -c /usr/share/cmake-3.18/Modules/CheckFunctionExists.c
Linking C executable cmTC_ca0bc
/usr/bin/cmake -E cmake_link_script CMakeFiles/cmTC_ca0bc.dir/link.txt --verbose=1
/usr/bin/cc  -Wall -Wextra -Wno-unused-parameter -DCHECK_FUNCTION_EXISTS=openpty -rdynamic CMakeFiles/cmTC_ca0bc.dir/CheckFunctionExists.c.o -o cmTC_ca0bc  -lutil 
gmake[1]: warning:  Clock skew detected.  Your build may be incomplete.
gmake[1]: Leaving directory '/mnt/e/blockchain/Subodh-Sharma-IITD-21/SKLEE/build/CMakeFiles/CMakeTmp'
gmake: warning:  Clock skew detected.  Your build may be incomplete.



Determining if the __ctype_b_loc exist passed with the following output:
Change Dir: /mnt/e/blockchain/Subodh-Sharma-IITD-21/SKLEE/build/CMakeFiles/CMakeTmp

Run Build Command(s):/usr/bin/gmake cmTC_0adfd/fast && gmake: Warning: File 'Makefile' has modification time 0.34 s in the future
/usr/bin/gmake  -f CMakeFiles/cmTC_0adfd.dir/build.make CMakeFiles/cmTC_0adfd.dir/build
gmake[1]: Entering directory '/mnt/e/blockchain/Subodh-Sharma-IITD-21/SKLEE/build/CMakeFiles/CMakeTmp'
gmake[1]: Warning: File 'CMakeFiles/cmTC_0adfd.dir/flags.make' has modification time 0.32 s in the future
Building CXX object CMakeFiles/cmTC_0adfd.dir/CheckSymbolExists.cxx.o
/usr/bin/c++   -Wall -Wextra -Wno-unused-parameter  -o CMakeFiles/cmTC_0adfd.dir/CheckSymbolExists.cxx.o -c /mnt/e/blockchain/Subodh-Sharma-IITD-21/SKLEE/build/CMakeFiles/CMakeTmp/CheckSymbolExists.cxx
Linking CXX executable cmTC_0adfd
/usr/bin/cmake -E cmake_link_script CMakeFiles/cmTC_0adfd.dir/link.txt --verbose=1
/usr/bin/c++  -Wall -Wextra -Wno-unused-parameter  -rdynamic CMakeFiles/cmTC_0adfd.dir/CheckSymbolExists.cxx.o -o cmTC_0adfd 
gmake[1]: warning:  Clock skew detected.  Your build may be incomplete.
gmake[1]: Leaving directory '/mnt/e/blockchain/Subodh-Sharma-IITD-21/SKLEE/build/CMakeFiles/CMakeTmp'
gmake: warning:  Clock skew detected.  Your build may be incomplete.


File /mnt/e/blockchain/Subodh-Sharma-IITD-21/SKLEE/build/CMakeFiles/CMakeTmp/CheckSymbolExists.cxx:
/* */
#include <ctype.h>

int main(int argc, char** argv)
{
  (void)argv;
#ifndef __ctype_b_loc
  return ((int*)(&__ctype_b_loc))[argc];
#else
  (void)argc;
  return 0;
#endif
}
Determining if the mallinfo exist passed with the following output:
Change Dir: /mnt/e/blockchain/Subodh-Sharma-IITD-21/SKLEE/build/CMakeFiles/CMakeTmp

Run Build Command(s):/usr/bin/gmake cmTC_72255/fast && gmake: Warning: File 'Makefile' has modification time 0.34 s in the future
/usr/bin/gmake  -f CMakeFiles/cmTC_72255.dir/build.make CMakeFiles/cmTC_72255.dir/build
gmake[1]: Entering directory '/mnt/e/blockchain/Subodh-Sharma-IITD-21/SKLEE/build/CMakeFiles/CMakeTmp'
gmake[1]: Warning: File 'CMakeFiles/cmTC_72255.dir/flags.make' has modification time 0.32 s in the future
Building CXX object CMakeFiles/cmTC_72255.dir/CheckSymbolExists.cxx.o
/usr/bin/c++   -Wall -Wextra -Wno-unused-parameter  -o CMakeFiles/cmTC_72255.dir/CheckSymbolExists.cxx.o -c /mnt/e/blockchain/Subodh-Sharma-IITD-21/SKLEE/build/CMakeFiles/CMakeTmp/CheckSymbolExists.cxx
Linking CXX executable cmTC_72255
/usr/bin/cmake -E cmake_link_script CMakeFiles/cmTC_72255.dir/link.txt --verbose=1
/usr/bin/c++  -Wall -Wextra -Wno-unused-parameter  -rdynamic CMakeFiles/cmTC_72255.dir/CheckSymbolExists.cxx.o -o cmTC_72255 
gmake[1]: warning:  Clock skew detected.  Your build may be incomplete.
gmake[1]: Leaving directory '/mnt/e/blockchain/Subodh-Sharma-IITD-21/SKLEE/build/CMakeFiles/CMakeTmp'
gmake: warning:  Clock skew detected.  Your build may be incomplete.


File /mnt/e/blockchain/Subodh-Sharma-IITD-21/SKLEE/build/CMakeFiles/CMakeTmp/CheckSymbolExists.cxx:
/* */
#include <malloc.h>

int main(int argc, char** argv)
{
  (void)argv;
#ifndef mallinfo
  return ((int*)(&mallinfo))[argc];
#else
  (void)argc;
  return 0;
#endif
}
Determining if the include file sys/statfs.h exists passed with the following output:
Change Dir: /mnt/e/blockchain/Subodh-Sharma-IITD-21/SKLEE/build/CMakeFiles/CMakeTmp

Run Build Command(s):/usr/bin/gmake cmTC_0d181/fast && gmake: Warning: File 'Makefile' has modification time 0.34 s in the future
/usr/bin/gmake  -f CMakeFiles/cmTC_0d181.dir/build.make CMakeFiles/cmTC_0d181.dir/build
gmake[1]: Entering directory '/mnt/e/blockchain/Subodh-Sharma-IITD-21/SKLEE/build/CMakeFiles/CMakeTmp'
gmake[1]: Warning: File 'CMakeFiles/cmTC_0d181.dir/flags.make' has modification time 0.32 s in the future
Building C object CMakeFiles/cmTC_0d181.dir/CheckIncludeFile.c.o
/usr/bin/cc   -Wall -Wextra -Wno-unused-parameter  -o CMakeFiles/cmTC_0d181.dir/CheckIncludeFile.c.o -c /mnt/e/blockchain/Subodh-Sharma-IITD-21/SKLEE/build/CMakeFiles/CMakeTmp/CheckIncludeFile.c
Linking C executable cmTC_0d181
/usr/bin/cmake -E cmake_link_script CMakeFiles/cmTC_0d181.dir/link.txt --verbose=1
/usr/bin/cc  -Wall -Wextra -Wno-unused-parameter  -rdynamic CMakeFiles/cmTC_0d181.dir/CheckIncludeFile.c.o -o cmTC_0d181 
gmake[1]: warning:  Clock skew detected.  Your build may be incomplete.
gmake[1]: Leaving directory '/mnt/e/blockchain/Subodh-Sharma-IITD-21/SKLEE/build/CMakeFiles/CMakeTmp'
gmake: warning:  Clock skew detected.  Your build may be incomplete.



Determining if the include file selinux/selinux.h exists passed with the following output:
Change Dir: /mnt/e/blockchain/Subodh-Sharma-IITD-21/SKLEE/build/CMakeFiles/CMakeTmp

Run Build Command(s):/usr/bin/gmake cmTC_e73c9/fast && gmake: Warning: File 'Makefile' has modification time 0.34 s in the future
/usr/bin/gmake  -f CMakeFiles/cmTC_e73c9.dir/build.make CMakeFiles/cmTC_e73c9.dir/build
gmake[1]: Entering directory '/mnt/e/blockchain/Subodh-Sharma-IITD-21/SKLEE/build/CMakeFiles/CMakeTmp'
gmake[1]: Warning: File 'CMakeFiles/cmTC_e73c9.dir/flags.make' has modification time 0.32 s in the future
Building C object CMakeFiles/cmTC_e73c9.dir/CheckIncludeFile.c.o
/usr/bin/cc   -Wall -Wextra -Wno-unused-parameter  -o CMakeFiles/cmTC_e73c9.dir/CheckIncludeFile.c.o -c /mnt/e/blockchain/Subodh-Sharma-IITD-21/SKLEE/build/CMakeFiles/CMakeTmp/CheckIncludeFile.c
Linking C executable cmTC_e73c9
/usr/bin/cmake -E cmake_link_script CMakeFiles/cmTC_e73c9.dir/link.txt --verbose=1
/usr/bin/cc  -Wall -Wextra -Wno-unused-parameter  -rdynamic CMakeFiles/cmTC_e73c9.dir/CheckIncludeFile.c.o -o cmTC_e73c9 
gmake[1]: warning:  Clock skew detected.  Your build may be incomplete.
gmake[1]: Leaving directory '/mnt/e/blockchain/Subodh-Sharma-IITD-21/SKLEE/build/CMakeFiles/CMakeTmp'
gmake: warning:  Clock skew detected.  Your build may be incomplete.



Determining if the prototype setcon exists for SELINUX_SECURITY_CTX_WITH_CONST passed with the following output:
Change Dir: /mnt/e/blockchain/Subodh-Sharma-IITD-21/SKLEE/build/CMakeFiles/CMakeTmp

Run Build Command(s):/usr/bin/gmake cmTC_60cb6/fast && gmake: Warning: File 'Makefile' has modification time 0.34 s in the future
/usr/bin/gmake  -f CMakeFiles/cmTC_60cb6.dir/build.make CMakeFiles/cmTC_60cb6.dir/build
gmake[1]: Entering directory '/mnt/e/blockchain/Subodh-Sharma-IITD-21/SKLEE/build/CMakeFiles/CMakeTmp'
gmake[1]: Warning: File 'CMakeFiles/cmTC_60cb6.dir/flags.make' has modification time 0.32 s in the future
Building C object CMakeFiles/cmTC_60cb6.dir/CheckPrototypeDefinition.c.o
/usr/bin/cc   -Wall -Wextra -Wno-unused-parameter  -o CMakeFiles/cmTC_60cb6.dir/CheckPrototypeDefinition.c.o -c /mnt/e/blockchain/Subodh-Sharma-IITD-21/SKLEE/build/CMakeFiles/CMakeTmp/CheckPrototypeDefinition.c
Linking C executable cmTC_60cb6
/usr/bin/cmake -E cmake_link_script CMakeFiles/cmTC_60cb6.dir/link.txt --verbose=1
/usr/bin/cc  -Wall -Wextra -Wno-unused-parameter  -rdynamic CMakeFiles/cmTC_60cb6.dir/CheckPrototypeDefinition.c.o -o cmTC_60cb6 
gmake[1]: warning:  Clock skew detected.  Your build may be incomplete.
gmake[1]: Leaving directory '/mnt/e/blockchain/Subodh-Sharma-IITD-21/SKLEE/build/CMakeFiles/CMakeTmp'
gmake: warning:  Clock skew detected.  Your build may be incomplete.



Performing C++ SOURCE FILE Test HAS__Wall_CXX succeeded with the following output:
Change Dir: /mnt/e/blockchain/Subodh-Sharma-IITD-21/SKLEE/build/CMakeFiles/CMakeTmp

Run Build Command(s):/usr/bin/gmake cmTC_27038/fast && gmake: Warning: File 'Makefile' has modification time 0.73 s in the future
/usr/bin/gmake  -f CMakeFiles/cmTC_27038.dir/build.make CMakeFiles/cmTC_27038.dir/build
gmake[1]: Entering directory '/mnt/e/blockchain/Subodh-Sharma-IITD-21/SKLEE/build/CMakeFiles/CMakeTmp'
gmake[1]: Warning: File 'CMakeFiles/cmTC_27038.dir/flags.make' has modification time 0.71 s in the future
Building CXX object CMakeFiles/cmTC_27038.dir/src.cxx.o
/usr/bin/c++   -DHAS__Wall_CXX   -Wall -o CMakeFiles/cmTC_27038.dir/src.cxx.o -c /mnt/e/blockchain/Subodh-Sharma-IITD-21/SKLEE/build/CMakeFiles/CMakeTmp/src.cxx
Linking CXX executable cmTC_27038
/usr/bin/cmake -E cmake_link_script CMakeFiles/cmTC_27038.dir/link.txt --verbose=1
/usr/bin/c++  -DHAS__Wall_CXX -rdynamic CMakeFiles/cmTC_27038.dir/src.cxx.o -o cmTC_27038 
gmake[1]: warning:  Clock skew detected.  Your build may be incomplete.
gmake[1]: Leaving directory '/mnt/e/blockchain/Subodh-Sharma-IITD-21/SKLEE/build/CMakeFiles/CMakeTmp'
gmake: warning:  Clock skew detected.  Your build may be incomplete.


Source file was:
int main() { return 0; }
Performing C++ SOURCE FILE Test HAS__Wextra_CXX succeeded with the following output:
Change Dir: /mnt/e/blockchain/Subodh-Sharma-IITD-21/SKLEE/build/CMakeFiles/CMakeTmp

Run Build Command(s):/usr/bin/gmake cmTC_e0699/fast && gmake: Warning: File 'Makefile' has modification time 0.72 s in the future
/usr/bin/gmake  -f CMakeFiles/cmTC_e0699.dir/build.make CMakeFiles/cmTC_e0699.dir/build
gmake[1]: Entering directory '/mnt/e/blockchain/Subodh-Sharma-IITD-21/SKLEE/build/CMakeFiles/CMakeTmp'
gmake[1]: Warning: File 'CMakeFiles/cmTC_e0699.dir/flags.make' has modification time 0.7 s in the future
Building CXX object CMakeFiles/cmTC_e0699.dir/src.cxx.o
/usr/bin/c++   -Wall -DHAS__Wextra_CXX   -Wextra -o CMakeFiles/cmTC_e0699.dir/src.cxx.o -c /mnt/e/blockchain/Subodh-Sharma-IITD-21/SKLEE/build/CMakeFiles/CMakeTmp/src.cxx
Linking CXX executable cmTC_e0699
/usr/bin/cmake -E cmake_link_script CMakeFiles/cmTC_e0699.dir/link.txt --verbose=1
/usr/bin/c++  -Wall -DHAS__Wextra_CXX -rdynamic CMakeFiles/cmTC_e0699.dir/src.cxx.o -o cmTC_e0699 
gmake[1]: warning:  Clock skew detected.  Your build may be incomplete.
gmake[1]: Leaving directory '/mnt/e/blockchain/Subodh-Sharma-IITD-21/SKLEE/build/CMakeFiles/CMakeTmp'
gmake: warning:  Clock skew detected.  Your build may be incomplete.


Source file was:
int main() { return 0; }
Performing C++ SOURCE FILE Test HAS__Wno_unused_parameter_CXX succeeded with the following output:
Change Dir: /mnt/e/blockchain/Subodh-Sharma-IITD-21/SKLEE/build/CMakeFiles/CMakeTmp

Run Build Command(s):/usr/bin/gmake cmTC_4ddfc/fast && gmake: Warning: File 'Makefile' has modification time 0.73 s in the future
/usr/bin/gmake  -f CMakeFiles/cmTC_4ddfc.dir/build.make CMakeFiles/cmTC_4ddfc.dir/build
gmake[1]: Entering directory '/mnt/e/blockchain/Subodh-Sharma-IITD-21/SKLEE/build/CMakeFiles/CMakeTmp'
gmake[1]: Warning: File 'CMakeFiles/cmTC_4ddfc.dir/flags.make' has modification time 0.71 s in the future
Building CXX object CMakeFiles/cmTC_4ddfc.dir/src.cxx.o
/usr/bin/c++   -Wall -Wextra -DHAS__Wno_unused_parameter_CXX   -Wno-unused-parameter -o CMakeFiles/cmTC_4ddfc.dir/src.cxx.o -c /mnt/e/blockchain/Subodh-Sharma-IITD-21/SKLEE/build/CMakeFiles/CMakeTmp/src.cxx
Linking CXX executable cmTC_4ddfc
/usr/bin/cmake -E cmake_link_script CMakeFiles/cmTC_4ddfc.dir/link.txt --verbose=1
/usr/bin/c++  -Wall -Wextra -DHAS__Wno_unused_parameter_CXX -rdynamic CMakeFiles/cmTC_4ddfc.dir/src.cxx.o -o cmTC_4ddfc 
gmake[1]: warning:  Clock skew detected.  Your build may be incomplete.
gmake[1]: Leaving directory '/mnt/e/blockchain/Subodh-Sharma-IITD-21/SKLEE/build/CMakeFiles/CMakeTmp'
gmake: warning:  Clock skew detected.  Your build may be incomplete.


Source file was:
int main() { return 0; }
Performing C SOURCE FILE Test HAS__Wall_C succeeded with the following output:
Change Dir: /mnt/e/blockchain/Subodh-Sharma-IITD-21/SKLEE/build/CMakeFiles/CMakeTmp

Run Build Command(s):/usr/bin/gmake cmTC_63556/fast && gmake: Warning: File 'Makefile' has modification time 0.73 s in the future
/usr/bin/gmake  -f CMakeFiles/cmTC_63556.dir/build.make CMakeFiles/cmTC_63556.dir/build
gmake[1]: Entering directory '/mnt/e/blockchain/Subodh-Sharma-IITD-21/SKLEE/build/CMakeFiles/CMakeTmp'
gmake[1]: Warning: File 'CMakeFiles/cmTC_63556.dir/flags.make' has modification time 0.71 s in the future
Building C object CMakeFiles/cmTC_63556.dir/src.c.o
/usr/bin/cc   -DHAS__Wall_C   -Wall -o CMakeFiles/cmTC_63556.dir/src.c.o -c /mnt/e/blockchain/Subodh-Sharma-IITD-21/SKLEE/build/CMakeFiles/CMakeTmp/src.c
Linking C executable cmTC_63556
/usr/bin/cmake -E cmake_link_script CMakeFiles/cmTC_63556.dir/link.txt --verbose=1
/usr/bin/cc  -DHAS__Wall_C -rdynamic CMakeFiles/cmTC_63556.dir/src.c.o -o cmTC_63556 
gmake[1]: warning:  Clock skew detected.  Your build may be incomplete.
gmake[1]: Leaving directory '/mnt/e/blockchain/Subodh-Sharma-IITD-21/SKLEE/build/CMakeFiles/CMakeTmp'
gmake: warning:  Clock skew detected.  Your build may be incomplete.


Source file was:
int main(void) { return 0; }
Performing C SOURCE FILE Test HAS__Wextra_C succeeded with the following output:
Change Dir: /mnt/e/blockchain/Subodh-Sharma-IITD-21/SKLEE/build/CMakeFiles/CMakeTmp

Run Build Command(s):/usr/bin/gmake cmTC_b72d1/fast && gmake: Warning: File 'Makefile' has modification time 0.73 s in the future
/usr/bin/gmake  -f CMakeFiles/cmTC_b72d1.dir/build.make CMakeFiles/cmTC_b72d1.dir/build
gmake[1]: Entering directory '/mnt/e/blockchain/Subodh-Sharma-IITD-21/SKLEE/build/CMakeFiles/CMakeTmp'
gmake[1]: Warning: File 'CMakeFiles/cmTC_b72d1.dir/flags.make' has modification time 0.71 s in the future
Building C object CMakeFiles/cmTC_b72d1.dir/src.c.o
/usr/bin/cc   -Wall -DHAS__Wextra_C   -Wextra -o CMakeFiles/cmTC_b72d1.dir/src.c.o -c /mnt/e/blockchain/Subodh-Sharma-IITD-21/SKLEE/build/CMakeFiles/CMakeTmp/src.c
Linking C executable cmTC_b72d1
/usr/bin/cmake -E cmake_link_script CMakeFiles/cmTC_b72d1.dir/link.txt --verbose=1
/usr/bin/cc  -Wall -DHAS__Wextra_C -rdynamic CMakeFiles/cmTC_b72d1.dir/src.c.o -o cmTC_b72d1 
gmake[1]: warning:  Clock skew detected.  Your build may be incomplete.
gmake[1]: Leaving directory '/mnt/e/blockchain/Subodh-Sharma-IITD-21/SKLEE/build/CMakeFiles/CMakeTmp'
gmake: warning:  Clock skew detected.  Your build may be incomplete.


Source file was:
int main(void) { return 0; }
Performing C SOURCE FILE Test HAS__Wno_unused_parameter_C succeeded with the following output:
Change Dir: /mnt/e/blockchain/Subodh-Sharma-IITD-21/SKLEE/build/CMakeFiles/CMakeTmp

Run Build Command(s):/usr/bin/gmake cmTC_53059/fast && gmake: Warning: File 'Makefile' has modification time 0.72 s in the future
/usr/bin/gmake  -f CMakeFiles/cmTC_53059.dir/build.make CMakeFiles/cmTC_53059.dir/build
gmake[1]: Entering directory '/mnt/e/blockchain/Subodh-Sharma-IITD-21/SKLEE/build/CMakeFiles/CMakeTmp'
gmake[1]: Warning: File 'CMakeFiles/cmTC_53059.dir/flags.make' has modification time 0.71 s in the future
Building C object CMakeFiles/cmTC_53059.dir/src.c.o
/usr/bin/cc   -Wall -Wextra -DHAS__Wno_unused_parameter_C   -Wno-unused-parameter -o CMakeFiles/cmTC_53059.dir/src.c.o -c /mnt/e/blockchain/Subodh-Sharma-IITD-21/SKLEE/build/CMakeFiles/CMakeTmp/src.c
Linking C executable cmTC_53059
/usr/bin/cmake -E cmake_link_script CMakeFiles/cmTC_53059.dir/link.txt --verbose=1
/usr/bin/cc  -Wall -Wextra -DHAS__Wno_unused_parameter_C -rdynamic CMakeFiles/cmTC_53059.dir/src.c.o -o cmTC_53059 
gmake[1]: warning:  Clock skew detected.  Your build may be incomplete.
gmake[1]: Leaving directory '/mnt/e/blockchain/Subodh-Sharma-IITD-21/SKLEE/build/CMakeFiles/CMakeTmp'
gmake: warning:  Clock skew detected.  Your build may be incomplete.


Source file was:
int main(void) { return 0; }
Determining if the prototype Z3_get_error_msg exists for HAVE_Z3_GET_ERROR_MSG_NEEDS_CONTEXT passed with the following output:
Change Dir: /mnt/e/blockchain/Subodh-Sharma-IITD-21/SKLEE/build/CMakeFiles/CMakeTmp

Run Build Command(s):/usr/bin/gmake cmTC_fe7cc/fast && gmake: Warning: File 'Makefile' has modification time 0.73 s in the future
/usr/bin/gmake  -f CMakeFiles/cmTC_fe7cc.dir/build.make CMakeFiles/cmTC_fe7cc.dir/build
gmake[1]: Entering directory '/mnt/e/blockchain/Subodh-Sharma-IITD-21/SKLEE/build/CMakeFiles/CMakeTmp'
gmake[1]: Warning: File 'CMakeFiles/cmTC_fe7cc.dir/flags.make' has modification time 0.71 s in the future
Building C object CMakeFiles/cmTC_fe7cc.dir/CheckPrototypeDefinition.c.o
/usr/bin/cc   -Wall -Wextra -Wno-unused-parameter  -o CMakeFiles/cmTC_fe7cc.dir/CheckPrototypeDefinition.c.o -c /mnt/e/blockchain/Subodh-Sharma-IITD-21/SKLEE/build/CMakeFiles/CMakeTmp/CheckPrototypeDefinition.c
Linking C executable cmTC_fe7cc
/usr/bin/cmake -E cmake_link_script CMakeFiles/cmTC_fe7cc.dir/link.txt --verbose=1
/usr/bin/cc  -Wall -Wextra -Wno-unused-parameter  -rdynamic CMakeFiles/cmTC_fe7cc.dir/CheckPrototypeDefinition.c.o -o cmTC_fe7cc  /usr/lib/x86_64-linux-gnu/libz3.so 
gmake[1]: warning:  Clock skew detected.  Your build may be incomplete.
gmake[1]: Leaving directory '/mnt/e/blockchain/Subodh-Sharma-IITD-21/SKLEE/build/CMakeFiles/CMakeTmp'
gmake: warning:  Clock skew detected.  Your build may be incomplete.



Performing C++ SOURCE FILE Test HAS__fno_exceptions succeeded with the following output:
Change Dir: /mnt/e/blockchain/Subodh-Sharma-IITD-21/SKLEE/build/CMakeFiles/CMakeTmp

Run Build Command(s):/usr/bin/gmake cmTC_b21db/fast && gmake: Warning: File 'Makefile' has modification time 0.73 s in the future
/usr/bin/gmake  -f CMakeFiles/cmTC_b21db.dir/build.make CMakeFiles/cmTC_b21db.dir/build
gmake[1]: Entering directory '/mnt/e/blockchain/Subodh-Sharma-IITD-21/SKLEE/build/CMakeFiles/CMakeTmp'
gmake[1]: Warning: File 'CMakeFiles/cmTC_b21db.dir/flags.make' has modification time 0.71 s in the future
Building CXX object CMakeFiles/cmTC_b21db.dir/src.cxx.o
/usr/bin/c++   -Wall -Wextra -Wno-unused-parameter -DHAS__fno_exceptions   -fno-exceptions -o CMakeFiles/cmTC_b21db.dir/src.cxx.o -c /mnt/e/blockchain/Subodh-Sharma-IITD-21/SKLEE/build/CMakeFiles/CMakeTmp/src.cxx
Linking CXX executable cmTC_b21db
/usr/bin/cmake -E cmake_link_script CMakeFiles/cmTC_b21db.dir/link.txt --verbose=1
/usr/bin/c++  -Wall -Wextra -Wno-unused-parameter -DHAS__fno_exceptions -rdynamic CMakeFiles/cmTC_b21db.dir/src.cxx.o -o cmTC_b21db 
gmake[1]: warning:  Clock skew detected.  Your build may be incomplete.
gmake[1]: Leaving directory '/mnt/e/blockchain/Subodh-Sharma-IITD-21/SKLEE/build/CMakeFiles/CMakeTmp'
gmake: warning:  Clock skew detected.  Your build may be incomplete.


Source file was:
int main() { return 0; }
Determining if the include file gperftools/malloc_extension.h exists passed with the following output:
Change Dir: /mnt/e/blockchain/Subodh-Sharma-IITD-21/SKLEE/build/CMakeFiles/CMakeTmp

Run Build Command(s):/usr/bin/gmake cmTC_567e9/fast && gmake: Warning: File 'Makefile' has modification time 0.73 s in the future
/usr/bin/gmake  -f CMakeFiles/cmTC_567e9.dir/build.make CMakeFiles/cmTC_567e9.dir/build
gmake[1]: Entering directory '/mnt/e/blockchain/Subodh-Sharma-IITD-21/SKLEE/build/CMakeFiles/CMakeTmp'
gmake[1]: Warning: File 'CMakeFiles/cmTC_567e9.dir/flags.make' has modification time 0.71 s in the future
Building CXX object CMakeFiles/cmTC_567e9.dir/CheckIncludeFile.cxx.o
/usr/bin/c++   -Wall -Wextra -Wno-unused-parameter  -o CMakeFiles/cmTC_567e9.dir/CheckIncludeFile.cxx.o -c /mnt/e/blockchain/Subodh-Sharma-IITD-21/SKLEE/build/CMakeFiles/CMakeTmp/CheckIncludeFile.cxx
Linking CXX executable cmTC_567e9
/usr/bin/cmake -E cmake_link_script CMakeFiles/cmTC_567e9.dir/link.txt --verbose=1
/usr/bin/c++  -Wall -Wextra -Wno-unused-parameter  -rdynamic CMakeFiles/cmTC_567e9.dir/CheckIncludeFile.cxx.o -o cmTC_567e9 
gmake[1]: warning:  Clock skew detected.  Your build may be incomplete.
gmake[1]: Leaving directory '/mnt/e/blockchain/Subodh-Sharma-IITD-21/SKLEE/build/CMakeFiles/CMakeTmp'
gmake: warning:  Clock skew detected.  Your build may be incomplete.



Performing C++ SOURCE FILE Test HAS__fno_builtin_malloc succeeded with the following output:
Change Dir: /mnt/e/blockchain/Subodh-Sharma-IITD-21/SKLEE/build/CMakeFiles/CMakeTmp

Run Build Command(s):/usr/bin/gmake cmTC_d398f/fast && gmake: Warning: File 'Makefile' has modification time 0.73 s in the future
/usr/bin/gmake  -f CMakeFiles/cmTC_d398f.dir/build.make CMakeFiles/cmTC_d398f.dir/build
gmake[1]: Entering directory '/mnt/e/blockchain/Subodh-Sharma-IITD-21/SKLEE/build/CMakeFiles/CMakeTmp'
gmake[1]: Warning: File 'CMakeFiles/cmTC_d398f.dir/flags.make' has modification time 0.71 s in the future
Building CXX object CMakeFiles/cmTC_d398f.dir/src.cxx.o
/usr/bin/c++   -Wall -Wextra -Wno-unused-parameter -DHAS__fno_builtin_malloc   -fno-builtin-malloc -o CMakeFiles/cmTC_d398f.dir/src.cxx.o -c /mnt/e/blockchain/Subodh-Sharma-IITD-21/SKLEE/build/CMakeFiles/CMakeTmp/src.cxx
Linking CXX executable cmTC_d398f
/usr/bin/cmake -E cmake_link_script CMakeFiles/cmTC_d398f.dir/link.txt --verbose=1
/usr/bin/c++  -Wall -Wextra -Wno-unused-parameter -DHAS__fno_builtin_malloc -rdynamic CMakeFiles/cmTC_d398f.dir/src.cxx.o -o cmTC_d398f 
gmake[1]: warning:  Clock skew detected.  Your build may be incomplete.
gmake[1]: Leaving directory '/mnt/e/blockchain/Subodh-Sharma-IITD-21/SKLEE/build/CMakeFiles/CMakeTmp'
gmake: warning:  Clock skew detected.  Your build may be incomplete.


Source file was:
int main() { return 0; }
Performing C++ SOURCE FILE Test HAS__fno_builtin_calloc succeeded with the following output:
Change Dir: /mnt/e/blockchain/Subodh-Sharma-IITD-21/SKLEE/build/CMakeFiles/CMakeTmp

Run Build Command(s):/usr/bin/gmake cmTC_20a79/fast && gmake: Warning: File 'Makefile' has modification time 0.73 s in the future
/usr/bin/gmake  -f CMakeFiles/cmTC_20a79.dir/build.make CMakeFiles/cmTC_20a79.dir/build
gmake[1]: Entering directory '/mnt/e/blockchain/Subodh-Sharma-IITD-21/SKLEE/build/CMakeFiles/CMakeTmp'
gmake[1]: Warning: File 'CMakeFiles/cmTC_20a79.dir/flags.make' has modification time 0.71 s in the future
Building CXX object CMakeFiles/cmTC_20a79.dir/src.cxx.o
/usr/bin/c++   -Wall -Wextra -Wno-unused-parameter -DHAS__fno_builtin_calloc   -fno-builtin-calloc -o CMakeFiles/cmTC_20a79.dir/src.cxx.o -c /mnt/e/blockchain/Subodh-Sharma-IITD-21/SKLEE/build/CMakeFiles/CMakeTmp/src.cxx
Linking CXX executable cmTC_20a79
/usr/bin/cmake -E cmake_link_script CMakeFiles/cmTC_20a79.dir/link.txt --verbose=1
/usr/bin/c++  -Wall -Wextra -Wno-unused-parameter -DHAS__fno_builtin_calloc -rdynamic CMakeFiles/cmTC_20a79.dir/src.cxx.o -o cmTC_20a79 
gmake[1]: warning:  Clock skew detected.  Your build may be incomplete.
gmake[1]: Leaving directory '/mnt/e/blockchain/Subodh-Sharma-IITD-21/SKLEE/build/CMakeFiles/CMakeTmp'
gmake: warning:  Clock skew detected.  Your build may be incomplete.


Source file was:
int main() { return 0; }
Performing C++ SOURCE FILE Test HAS__fno_builtin_realloc succeeded with the following output:
Change Dir: /mnt/e/blockchain/Subodh-Sharma-IITD-21/SKLEE/build/CMakeFiles/CMakeTmp

Run Build Command(s):/usr/bin/gmake cmTC_62b53/fast && gmake: Warning: File 'Makefile' has modification time 0.73 s in the future
/usr/bin/gmake  -f CMakeFiles/cmTC_62b53.dir/build.make CMakeFiles/cmTC_62b53.dir/build
gmake[1]: Entering directory '/mnt/e/blockchain/Subodh-Sharma-IITD-21/SKLEE/build/CMakeFiles/CMakeTmp'
gmake[1]: Warning: File 'CMakeFiles/cmTC_62b53.dir/flags.make' has modification time 0.71 s in the future
Building CXX object CMakeFiles/cmTC_62b53.dir/src.cxx.o
/usr/bin/c++   -Wall -Wextra -Wno-unused-parameter -DHAS__fno_builtin_realloc   -fno-builtin-realloc -o CMakeFiles/cmTC_62b53.dir/src.cxx.o -c /mnt/e/blockchain/Subodh-Sharma-IITD-21/SKLEE/build/CMakeFiles/CMakeTmp/src.cxx
Linking CXX executable cmTC_62b53
/usr/bin/cmake -E cmake_link_script CMakeFiles/cmTC_62b53.dir/link.txt --verbose=1
/usr/bin/c++  -Wall -Wextra -Wno-unused-parameter -DHAS__fno_builtin_realloc -rdynamic CMakeFiles/cmTC_62b53.dir/src.cxx.o -o cmTC_62b53 
gmake[1]: warning:  Clock skew detected.  Your build may be incomplete.
gmake[1]: Leaving directory '/mnt/e/blockchain/Subodh-Sharma-IITD-21/SKLEE/build/CMakeFiles/CMakeTmp'
gmake: warning:  Clock skew detected.  Your build may be incomplete.


Source file was:
int main() { return 0; }
Performing C++ SOURCE FILE Test HAS__fno_builtin_free succeeded with the following output:
Change Dir: /mnt/e/blockchain/Subodh-Sharma-IITD-21/SKLEE/build/CMakeFiles/CMakeTmp

Run Build Command(s):/usr/bin/gmake cmTC_5c3ce/fast && gmake: Warning: File 'Makefile' has modification time 0.73 s in the future
/usr/bin/gmake  -f CMakeFiles/cmTC_5c3ce.dir/build.make CMakeFiles/cmTC_5c3ce.dir/build
gmake[1]: Entering directory '/mnt/e/blockchain/Subodh-Sharma-IITD-21/SKLEE/build/CMakeFiles/CMakeTmp'
gmake[1]: Warning: File 'CMakeFiles/cmTC_5c3ce.dir/flags.make' has modification time 0.72 s in the future
Building CXX object CMakeFiles/cmTC_5c3ce.dir/src.cxx.o
/usr/bin/c++   -Wall -Wextra -Wno-unused-parameter -DHAS__fno_builtin_free   -fno-builtin-free -o CMakeFiles/cmTC_5c3ce.dir/src.cxx.o -c /mnt/e/blockchain/Subodh-Sharma-IITD-21/SKLEE/build/CMakeFiles/CMakeTmp/src.cxx
Linking CXX executable cmTC_5c3ce
/usr/bin/cmake -E cmake_link_script CMakeFiles/cmTC_5c3ce.dir/link.txt --verbose=1
/usr/bin/c++  -Wall -Wextra -Wno-unused-parameter -DHAS__fno_builtin_free -rdynamic CMakeFiles/cmTC_5c3ce.dir/src.cxx.o -o cmTC_5c3ce 
gmake[1]: warning:  Clock skew detected.  Your build may be incomplete.
gmake[1]: Leaving directory '/mnt/e/blockchain/Subodh-Sharma-IITD-21/SKLEE/build/CMakeFiles/CMakeTmp'
gmake: warning:  Clock skew detected.  Your build may be incomplete.


Source file was:
int main() { return 0; }
Determining if the include file pty.h exists passed with the following output:
Change Dir: /mnt/e/blockchain/Subodh-Sharma-IITD-21/SKLEE/build/CMakeFiles/CMakeTmp

Run Build Command(s):/usr/bin/gmake cmTC_db2ef/fast && gmake: Warning: File 'Makefile' has modification time 0.73 s in the future
/usr/bin/gmake  -f CMakeFiles/cmTC_db2ef.dir/build.make CMakeFiles/cmTC_db2ef.dir/build
gmake[1]: Entering directory '/mnt/e/blockchain/Subodh-Sharma-IITD-21/SKLEE/build/CMakeFiles/CMakeTmp'
gmake[1]: Warning: File 'CMakeFiles/cmTC_db2ef.dir/flags.make' has modification time 0.71 s in the future
Building C object CMakeFiles/cmTC_db2ef.dir/CheckIncludeFile.c.o
/usr/bin/cc   -Wall -Wextra -Wno-unused-parameter  -o CMakeFiles/cmTC_db2ef.dir/CheckIncludeFile.c.o -c /mnt/e/blockchain/Subodh-Sharma-IITD-21/SKLEE/build/CMakeFiles/CMakeTmp/CheckIncludeFile.c
Linking C executable cmTC_db2ef
/usr/bin/cmake -E cmake_link_script CMakeFiles/cmTC_db2ef.dir/link.txt --verbose=1
/usr/bin/cc  -Wall -Wextra -Wno-unused-parameter  -rdynamic CMakeFiles/cmTC_db2ef.dir/CheckIncludeFile.c.o -o cmTC_db2ef 
gmake[1]: warning:  Clock skew detected.  Your build may be incomplete.
gmake[1]: Leaving directory '/mnt/e/blockchain/Subodh-Sharma-IITD-21/SKLEE/build/CMakeFiles/CMakeTmp'
gmake: warning:  Clock skew detected.  Your build may be incomplete.



Determining if the function openpty exists in the util passed with the following output:
Change Dir: /mnt/e/blockchain/Subodh-Sharma-IITD-21/SKLEE/build/CMakeFiles/CMakeTmp

Run Build Command(s):/usr/bin/gmake cmTC_baf74/fast && gmake: Warning: File 'Makefile' has modification time 0.71 s in the future
/usr/bin/gmake  -f CMakeFiles/cmTC_baf74.dir/build.make CMakeFiles/cmTC_baf74.dir/build
gmake[1]: Entering directory '/mnt/e/blockchain/Subodh-Sharma-IITD-21/SKLEE/build/CMakeFiles/CMakeTmp'
gmake[1]: Warning: File 'CMakeFiles/cmTC_baf74.dir/flags.make' has modification time 0.62 s in the future
Building C object CMakeFiles/cmTC_baf74.dir/CheckFunctionExists.c.o
/usr/bin/cc   -Wall -Wextra -Wno-unused-parameter -DCHECK_FUNCTION_EXISTS=openpty -o CMakeFiles/cmTC_baf74.dir/CheckFunctionExists.c.o -c /usr/share/cmake-3.18/Modules/CheckFunctionExists.c
Linking C executable cmTC_baf74
/usr/bin/cmake -E cmake_link_script CMakeFiles/cmTC_baf74.dir/link.txt --verbose=1
/usr/bin/cc  -Wall -Wextra -Wno-unused-parameter -DCHECK_FUNCTION_EXISTS=openpty -rdynamic CMakeFiles/cmTC_baf74.dir/CheckFunctionExists.c.o -o cmTC_baf74  -lutil 
gmake[1]: warning:  Clock skew detected.  Your build may be incomplete.
gmake[1]: Leaving directory '/mnt/e/blockchain/Subodh-Sharma-IITD-21/SKLEE/build/CMakeFiles/CMakeTmp'
gmake: warning:  Clock skew detected.  Your build may be incomplete.



Determining if the __ctype_b_loc exist passed with the following output:
Change Dir: /mnt/e/blockchain/Subodh-Sharma-IITD-21/SKLEE/build/CMakeFiles/CMakeTmp

Run Build Command(s):/usr/bin/gmake cmTC_c4ad0/fast && gmake: Warning: File 'Makefile' has modification time 0.71 s in the future
/usr/bin/gmake  -f CMakeFiles/cmTC_c4ad0.dir/build.make CMakeFiles/cmTC_c4ad0.dir/build
gmake[1]: Entering directory '/mnt/e/blockchain/Subodh-Sharma-IITD-21/SKLEE/build/CMakeFiles/CMakeTmp'
gmake[1]: Warning: File 'CMakeFiles/cmTC_c4ad0.dir/flags.make' has modification time 0.7 s in the future
Building CXX object CMakeFiles/cmTC_c4ad0.dir/CheckSymbolExists.cxx.o
/usr/bin/c++   -Wall -Wextra -Wno-unused-parameter  -o CMakeFiles/cmTC_c4ad0.dir/CheckSymbolExists.cxx.o -c /mnt/e/blockchain/Subodh-Sharma-IITD-21/SKLEE/build/CMakeFiles/CMakeTmp/CheckSymbolExists.cxx
Linking CXX executable cmTC_c4ad0
/usr/bin/cmake -E cmake_link_script CMakeFiles/cmTC_c4ad0.dir/link.txt --verbose=1
/usr/bin/c++  -Wall -Wextra -Wno-unused-parameter  -rdynamic CMakeFiles/cmTC_c4ad0.dir/CheckSymbolExists.cxx.o -o cmTC_c4ad0 
gmake[1]: warning:  Clock skew detected.  Your build may be incomplete.
gmake[1]: Leaving directory '/mnt/e/blockchain/Subodh-Sharma-IITD-21/SKLEE/build/CMakeFiles/CMakeTmp'
gmake: warning:  Clock skew detected.  Your build may be incomplete.


File /mnt/e/blockchain/Subodh-Sharma-IITD-21/SKLEE/build/CMakeFiles/CMakeTmp/CheckSymbolExists.cxx:
/* */
#include <ctype.h>

int main(int argc, char** argv)
{
  (void)argv;
#ifndef __ctype_b_loc
  return ((int*)(&__ctype_b_loc))[argc];
#else
  (void)argc;
  return 0;
#endif
}
Determining if the mallinfo exist passed with the following output:
Change Dir: /mnt/e/blockchain/Subodh-Sharma-IITD-21/SKLEE/build/CMakeFiles/CMakeTmp

Run Build Command(s):/usr/bin/gmake cmTC_1f044/fast && gmake: Warning: File 'Makefile' has modification time 0.71 s in the future
/usr/bin/gmake  -f CMakeFiles/cmTC_1f044.dir/build.make CMakeFiles/cmTC_1f044.dir/build
gmake[1]: Entering directory '/mnt/e/blockchain/Subodh-Sharma-IITD-21/SKLEE/build/CMakeFiles/CMakeTmp'
gmake[1]: Warning: File 'CMakeFiles/cmTC_1f044.dir/flags.make' has modification time 0.69 s in the future
Building CXX object CMakeFiles/cmTC_1f044.dir/CheckSymbolExists.cxx.o
/usr/bin/c++   -Wall -Wextra -Wno-unused-parameter  -o CMakeFiles/cmTC_1f044.dir/CheckSymbolExists.cxx.o -c /mnt/e/blockchain/Subodh-Sharma-IITD-21/SKLEE/build/CMakeFiles/CMakeTmp/CheckSymbolExists.cxx
Linking CXX executable cmTC_1f044
/usr/bin/cmake -E cmake_link_script CMakeFiles/cmTC_1f044.dir/link.txt --verbose=1
/usr/bin/c++  -Wall -Wextra -Wno-unused-parameter  -rdynamic CMakeFiles/cmTC_1f044.dir/CheckSymbolExists.cxx.o -o cmTC_1f044 
gmake[1]: warning:  Clock skew detected.  Your build may be incomplete.
gmake[1]: Leaving directory '/mnt/e/blockchain/Subodh-Sharma-IITD-21/SKLEE/build/CMakeFiles/CMakeTmp'
gmake: warning:  Clock skew detected.  Your build may be incomplete.


File /mnt/e/blockchain/Subodh-Sharma-IITD-21/SKLEE/build/CMakeFiles/CMakeTmp/CheckSymbolExists.cxx:
/* */
#include <malloc.h>

int main(int argc, char** argv)
{
  (void)argv;
#ifndef mallinfo
  return ((int*)(&mallinfo))[argc];
#else
  (void)argc;
  return 0;
#endif
}
Determining if the include file sys/statfs.h exists passed with the following output:
Change Dir: /mnt/e/blockchain/Subodh-Sharma-IITD-21/SKLEE/build/CMakeFiles/CMakeTmp

Run Build Command(s):/usr/bin/gmake cmTC_b2a10/fast && gmake: Warning: File 'Makefile' has modification time 0.72 s in the future
/usr/bin/gmake  -f CMakeFiles/cmTC_b2a10.dir/build.make CMakeFiles/cmTC_b2a10.dir/build
gmake[1]: Entering directory '/mnt/e/blockchain/Subodh-Sharma-IITD-21/SKLEE/build/CMakeFiles/CMakeTmp'
gmake[1]: Warning: File 'CMakeFiles/cmTC_b2a10.dir/flags.make' has modification time 0.7 s in the future
Building C object CMakeFiles/cmTC_b2a10.dir/CheckIncludeFile.c.o
/usr/bin/cc   -Wall -Wextra -Wno-unused-parameter  -o CMakeFiles/cmTC_b2a10.dir/CheckIncludeFile.c.o -c /mnt/e/blockchain/Subodh-Sharma-IITD-21/SKLEE/build/CMakeFiles/CMakeTmp/CheckIncludeFile.c
Linking C executable cmTC_b2a10
/usr/bin/cmake -E cmake_link_script CMakeFiles/cmTC_b2a10.dir/link.txt --verbose=1
/usr/bin/cc  -Wall -Wextra -Wno-unused-parameter  -rdynamic CMakeFiles/cmTC_b2a10.dir/CheckIncludeFile.c.o -o cmTC_b2a10 
gmake[1]: warning:  Clock skew detected.  Your build may be incomplete.
gmake[1]: Leaving directory '/mnt/e/blockchain/Subodh-Sharma-IITD-21/SKLEE/build/CMakeFiles/CMakeTmp'
gmake: warning:  Clock skew detected.  Your build may be incomplete.



Determining if the include file selinux/selinux.h exists passed with the following output:
Change Dir: /mnt/e/blockchain/Subodh-Sharma-IITD-21/SKLEE/build/CMakeFiles/CMakeTmp

Run Build Command(s):/usr/bin/gmake cmTC_ba29b/fast && gmake: Warning: File 'Makefile' has modification time 0.72 s in the future
/usr/bin/gmake  -f CMakeFiles/cmTC_ba29b.dir/build.make CMakeFiles/cmTC_ba29b.dir/build
gmake[1]: Entering directory '/mnt/e/blockchain/Subodh-Sharma-IITD-21/SKLEE/build/CMakeFiles/CMakeTmp'
gmake[1]: Warning: File 'CMakeFiles/cmTC_ba29b.dir/flags.make' has modification time 0.71 s in the future
Building C object CMakeFiles/cmTC_ba29b.dir/CheckIncludeFile.c.o
/usr/bin/cc   -Wall -Wextra -Wno-unused-parameter  -o CMakeFiles/cmTC_ba29b.dir/CheckIncludeFile.c.o -c /mnt/e/blockchain/Subodh-Sharma-IITD-21/SKLEE/build/CMakeFiles/CMakeTmp/CheckIncludeFile.c
Linking C executable cmTC_ba29b
/usr/bin/cmake -E cmake_link_script CMakeFiles/cmTC_ba29b.dir/link.txt --verbose=1
/usr/bin/cc  -Wall -Wextra -Wno-unused-parameter  -rdynamic CMakeFiles/cmTC_ba29b.dir/CheckIncludeFile.c.o -o cmTC_ba29b 
gmake[1]: warning:  Clock skew detected.  Your build may be incomplete.
gmake[1]: Leaving directory '/mnt/e/blockchain/Subodh-Sharma-IITD-21/SKLEE/build/CMakeFiles/CMakeTmp'
gmake: warning:  Clock skew detected.  Your build may be incomplete.



Determining if the prototype setcon exists for SELINUX_SECURITY_CTX_WITH_CONST passed with the following output:
Change Dir: /mnt/e/blockchain/Subodh-Sharma-IITD-21/SKLEE/build/CMakeFiles/CMakeTmp

Run Build Command(s):/usr/bin/gmake cmTC_cf3e0/fast && gmake: Warning: File 'Makefile' has modification time 0.73 s in the future
/usr/bin/gmake  -f CMakeFiles/cmTC_cf3e0.dir/build.make CMakeFiles/cmTC_cf3e0.dir/build
gmake[1]: Entering directory '/mnt/e/blockchain/Subodh-Sharma-IITD-21/SKLEE/build/CMakeFiles/CMakeTmp'
gmake[1]: Warning: File 'CMakeFiles/cmTC_cf3e0.dir/flags.make' has modification time 0.71 s in the future
Building C object CMakeFiles/cmTC_cf3e0.dir/CheckPrototypeDefinition.c.o
/usr/bin/cc   -Wall -Wextra -Wno-unused-parameter  -o CMakeFiles/cmTC_cf3e0.dir/CheckPrototypeDefinition.c.o -c /mnt/e/blockchain/Subodh-Sharma-IITD-21/SKLEE/build/CMakeFiles/CMakeTmp/CheckPrototypeDefinition.c
Linking C executable cmTC_cf3e0
/usr/bin/cmake -E cmake_link_script CMakeFiles/cmTC_cf3e0.dir/link.txt --verbose=1
/usr/bin/cc  -Wall -Wextra -Wno-unused-parameter  -rdynamic CMakeFiles/cmTC_cf3e0.dir/CheckPrototypeDefinition.c.o -o cmTC_cf3e0 
gmake[1]: warning:  Clock skew detected.  Your build may be incomplete.
gmake[1]: Leaving directory '/mnt/e/blockchain/Subodh-Sharma-IITD-21/SKLEE/build/CMakeFiles/CMakeTmp'
gmake: warning:  Clock skew detected.  Your build may be incomplete.



Performing C++ SOURCE FILE Test HAS__Wall_CXX succeeded with the following output:
Change Dir: /mnt/e/blockchain/Subodh-Sharma-IITD-21/SKLEE/build/CMakeFiles/CMakeTmp

Run Build Command(s):/usr/bin/gmake cmTC_7bff4/fast && gmake: Warning: File 'Makefile' has modification time 0.73 s in the future
/usr/bin/gmake  -f CMakeFiles/cmTC_7bff4.dir/build.make CMakeFiles/cmTC_7bff4.dir/build
gmake[1]: Entering directory '/mnt/e/blockchain/Subodh-Sharma-IITD-21/SKLEE/build/CMakeFiles/CMakeTmp'
gmake[1]: Warning: File 'CMakeFiles/cmTC_7bff4.dir/flags.make' has modification time 0.72 s in the future
Building CXX object CMakeFiles/cmTC_7bff4.dir/src.cxx.o
/usr/bin/c++   -DHAS__Wall_CXX   -Wall -o CMakeFiles/cmTC_7bff4.dir/src.cxx.o -c /mnt/e/blockchain/Subodh-Sharma-IITD-21/SKLEE/build/CMakeFiles/CMakeTmp/src.cxx
Linking CXX executable cmTC_7bff4
/usr/bin/cmake -E cmake_link_script CMakeFiles/cmTC_7bff4.dir/link.txt --verbose=1
/usr/bin/c++  -DHAS__Wall_CXX -rdynamic CMakeFiles/cmTC_7bff4.dir/src.cxx.o -o cmTC_7bff4 
gmake[1]: warning:  Clock skew detected.  Your build may be incomplete.
gmake[1]: Leaving directory '/mnt/e/blockchain/Subodh-Sharma-IITD-21/SKLEE/build/CMakeFiles/CMakeTmp'
gmake: warning:  Clock skew detected.  Your build may be incomplete.


Source file was:
int main() { return 0; }
Performing C++ SOURCE FILE Test HAS__Wextra_CXX succeeded with the following output:
Change Dir: /mnt/e/blockchain/Subodh-Sharma-IITD-21/SKLEE/build/CMakeFiles/CMakeTmp

Run Build Command(s):/usr/bin/gmake cmTC_2d5d1/fast && gmake: Warning: File 'Makefile' has modification time 0.65 s in the future
/usr/bin/gmake  -f CMakeFiles/cmTC_2d5d1.dir/build.make CMakeFiles/cmTC_2d5d1.dir/build
gmake[1]: Entering directory '/mnt/e/blockchain/Subodh-Sharma-IITD-21/SKLEE/build/CMakeFiles/CMakeTmp'
gmake[1]: Warning: File 'CMakeFiles/cmTC_2d5d1.dir/flags.make' has modification time 0.64 s in the future
Building CXX object CMakeFiles/cmTC_2d5d1.dir/src.cxx.o
/usr/bin/c++   -Wall -DHAS__Wextra_CXX   -Wextra -o CMakeFiles/cmTC_2d5d1.dir/src.cxx.o -c /mnt/e/blockchain/Subodh-Sharma-IITD-21/SKLEE/build/CMakeFiles/CMakeTmp/src.cxx
Linking CXX executable cmTC_2d5d1
/usr/bin/cmake -E cmake_link_script CMakeFiles/cmTC_2d5d1.dir/link.txt --verbose=1
/usr/bin/c++  -Wall -DHAS__Wextra_CXX -rdynamic CMakeFiles/cmTC_2d5d1.dir/src.cxx.o -o cmTC_2d5d1 
gmake[1]: warning:  Clock skew detected.  Your build may be incomplete.
gmake[1]: Leaving directory '/mnt/e/blockchain/Subodh-Sharma-IITD-21/SKLEE/build/CMakeFiles/CMakeTmp'
gmake: warning:  Clock skew detected.  Your build may be incomplete.


Source file was:
int main() { return 0; }
Performing C++ SOURCE FILE Test HAS__Wno_unused_parameter_CXX succeeded with the following output:
Change Dir: /mnt/e/blockchain/Subodh-Sharma-IITD-21/SKLEE/build/CMakeFiles/CMakeTmp

Run Build Command(s):/usr/bin/gmake cmTC_5bd39/fast && gmake: Warning: File 'Makefile' has modification time 0.73 s in the future
/usr/bin/gmake  -f CMakeFiles/cmTC_5bd39.dir/build.make CMakeFiles/cmTC_5bd39.dir/build
gmake[1]: Entering directory '/mnt/e/blockchain/Subodh-Sharma-IITD-21/SKLEE/build/CMakeFiles/CMakeTmp'
gmake[1]: Warning: File 'CMakeFiles/cmTC_5bd39.dir/flags.make' has modification time 0.71 s in the future
Building CXX object CMakeFiles/cmTC_5bd39.dir/src.cxx.o
/usr/bin/c++   -Wall -Wextra -DHAS__Wno_unused_parameter_CXX   -Wno-unused-parameter -o CMakeFiles/cmTC_5bd39.dir/src.cxx.o -c /mnt/e/blockchain/Subodh-Sharma-IITD-21/SKLEE/build/CMakeFiles/CMakeTmp/src.cxx
Linking CXX executable cmTC_5bd39
/usr/bin/cmake -E cmake_link_script CMakeFiles/cmTC_5bd39.dir/link.txt --verbose=1
/usr/bin/c++  -Wall -Wextra -DHAS__Wno_unused_parameter_CXX -rdynamic CMakeFiles/cmTC_5bd39.dir/src.cxx.o -o cmTC_5bd39 
gmake[1]: warning:  Clock skew detected.  Your build may be incomplete.
gmake[1]: Leaving directory '/mnt/e/blockchain/Subodh-Sharma-IITD-21/SKLEE/build/CMakeFiles/CMakeTmp'
gmake: warning:  Clock skew detected.  Your build may be incomplete.


Source file was:
int main() { return 0; }
Performing C SOURCE FILE Test HAS__Wall_C succeeded with the following output:
Change Dir: /mnt/e/blockchain/Subodh-Sharma-IITD-21/SKLEE/build/CMakeFiles/CMakeTmp

Run Build Command(s):/usr/bin/gmake cmTC_bdfa2/fast && gmake: Warning: File 'Makefile' has modification time 0.73 s in the future
/usr/bin/gmake  -f CMakeFiles/cmTC_bdfa2.dir/build.make CMakeFiles/cmTC_bdfa2.dir/build
gmake[1]: Entering directory '/mnt/e/blockchain/Subodh-Sharma-IITD-21/SKLEE/build/CMakeFiles/CMakeTmp'
gmake[1]: Warning: File 'CMakeFiles/cmTC_bdfa2.dir/flags.make' has modification time 0.71 s in the future
Building C object CMakeFiles/cmTC_bdfa2.dir/src.c.o
/usr/bin/cc   -DHAS__Wall_C   -Wall -o CMakeFiles/cmTC_bdfa2.dir/src.c.o -c /mnt/e/blockchain/Subodh-Sharma-IITD-21/SKLEE/build/CMakeFiles/CMakeTmp/src.c
Linking C executable cmTC_bdfa2
/usr/bin/cmake -E cmake_link_script CMakeFiles/cmTC_bdfa2.dir/link.txt --verbose=1
/usr/bin/cc  -DHAS__Wall_C -rdynamic CMakeFiles/cmTC_bdfa2.dir/src.c.o -o cmTC_bdfa2 
gmake[1]: warning:  Clock skew detected.  Your build may be incomplete.
gmake[1]: Leaving directory '/mnt/e/blockchain/Subodh-Sharma-IITD-21/SKLEE/build/CMakeFiles/CMakeTmp'
gmake: warning:  Clock skew detected.  Your build may be incomplete.


Source file was:
int main(void) { return 0; }
Performing C SOURCE FILE Test HAS__Wextra_C succeeded with the following output:
Change Dir: /mnt/e/blockchain/Subodh-Sharma-IITD-21/SKLEE/build/CMakeFiles/CMakeTmp

Run Build Command(s):/usr/bin/gmake cmTC_76039/fast && gmake: Warning: File 'Makefile' has modification time 0.73 s in the future
/usr/bin/gmake  -f CMakeFiles/cmTC_76039.dir/build.make CMakeFiles/cmTC_76039.dir/build
gmake[1]: Entering directory '/mnt/e/blockchain/Subodh-Sharma-IITD-21/SKLEE/build/CMakeFiles/CMakeTmp'
gmake[1]: Warning: File 'CMakeFiles/cmTC_76039.dir/flags.make' has modification time 0.72 s in the future
Building C object CMakeFiles/cmTC_76039.dir/src.c.o
/usr/bin/cc   -Wall -DHAS__Wextra_C   -Wextra -o CMakeFiles/cmTC_76039.dir/src.c.o -c /mnt/e/blockchain/Subodh-Sharma-IITD-21/SKLEE/build/CMakeFiles/CMakeTmp/src.c
Linking C executable cmTC_76039
/usr/bin/cmake -E cmake_link_script CMakeFiles/cmTC_76039.dir/link.txt --verbose=1
/usr/bin/cc  -Wall -DHAS__Wextra_C -rdynamic CMakeFiles/cmTC_76039.dir/src.c.o -o cmTC_76039 
gmake[1]: warning:  Clock skew detected.  Your build may be incomplete.
gmake[1]: Leaving directory '/mnt/e/blockchain/Subodh-Sharma-IITD-21/SKLEE/build/CMakeFiles/CMakeTmp'
gmake: warning:  Clock skew detected.  Your build may be incomplete.


Source file was:
int main(void) { return 0; }
Performing C SOURCE FILE Test HAS__Wno_unused_parameter_C succeeded with the following output:
Change Dir: /mnt/e/blockchain/Subodh-Sharma-IITD-21/SKLEE/build/CMakeFiles/CMakeTmp

Run Build Command(s):/usr/bin/gmake cmTC_7e2e5/fast && gmake: Warning: File 'Makefile' has modification time 0.73 s in the future
/usr/bin/gmake  -f CMakeFiles/cmTC_7e2e5.dir/build.make CMakeFiles/cmTC_7e2e5.dir/build
gmake[1]: Entering directory '/mnt/e/blockchain/Subodh-Sharma-IITD-21/SKLEE/build/CMakeFiles/CMakeTmp'
gmake[1]: Warning: File 'CMakeFiles/cmTC_7e2e5.dir/flags.make' has modification time 0.71 s in the future
Building C object CMakeFiles/cmTC_7e2e5.dir/src.c.o
/usr/bin/cc   -Wall -Wextra -DHAS__Wno_unused_parameter_C   -Wno-unused-parameter -o CMakeFiles/cmTC_7e2e5.dir/src.c.o -c /mnt/e/blockchain/Subodh-Sharma-IITD-21/SKLEE/build/CMakeFiles/CMakeTmp/src.c
Linking C executable cmTC_7e2e5
/usr/bin/cmake -E cmake_link_script CMakeFiles/cmTC_7e2e5.dir/link.txt --verbose=1
/usr/bin/cc  -Wall -Wextra -DHAS__Wno_unused_parameter_C -rdynamic CMakeFiles/cmTC_7e2e5.dir/src.c.o -o cmTC_7e2e5 
gmake[1]: warning:  Clock skew detected.  Your build may be incomplete.
gmake[1]: Leaving directory '/mnt/e/blockchain/Subodh-Sharma-IITD-21/SKLEE/build/CMakeFiles/CMakeTmp'
gmake: warning:  Clock skew detected.  Your build may be incomplete.


Source file was:
int main(void) { return 0; }
Determining if the prototype Z3_get_error_msg exists for HAVE_Z3_GET_ERROR_MSG_NEEDS_CONTEXT passed with the following output:
Change Dir: /mnt/e/blockchain/Subodh-Sharma-IITD-21/SKLEE/build/CMakeFiles/CMakeTmp

Run Build Command(s):/usr/bin/gmake cmTC_a8981/fast && gmake: Warning: File 'Makefile' has modification time 0.73 s in the future
/usr/bin/gmake  -f CMakeFiles/cmTC_a8981.dir/build.make CMakeFiles/cmTC_a8981.dir/build
gmake[1]: Entering directory '/mnt/e/blockchain/Subodh-Sharma-IITD-21/SKLEE/build/CMakeFiles/CMakeTmp'
gmake[1]: Warning: File 'CMakeFiles/cmTC_a8981.dir/flags.make' has modification time 0.71 s in the future
Building C object CMakeFiles/cmTC_a8981.dir/CheckPrototypeDefinition.c.o
/usr/bin/cc   -Wall -Wextra -Wno-unused-parameter  -o CMakeFiles/cmTC_a8981.dir/CheckPrototypeDefinition.c.o -c /mnt/e/blockchain/Subodh-Sharma-IITD-21/SKLEE/build/CMakeFiles/CMakeTmp/CheckPrototypeDefinition.c
Linking C executable cmTC_a8981
/usr/bin/cmake -E cmake_link_script CMakeFiles/cmTC_a8981.dir/link.txt --verbose=1
/usr/bin/cc  -Wall -Wextra -Wno-unused-parameter  -rdynamic CMakeFiles/cmTC_a8981.dir/CheckPrototypeDefinition.c.o -o cmTC_a8981  /usr/lib/x86_64-linux-gnu/libz3.so 
gmake[1]: warning:  Clock skew detected.  Your build may be incomplete.
gmake[1]: Leaving directory '/mnt/e/blockchain/Subodh-Sharma-IITD-21/SKLEE/build/CMakeFiles/CMakeTmp'
gmake: warning:  Clock skew detected.  Your build may be incomplete.



Performing C++ SOURCE FILE Test HAS__fno_exceptions succeeded with the following output:
Change Dir: /mnt/e/blockchain/Subodh-Sharma-IITD-21/SKLEE/build/CMakeFiles/CMakeTmp

Run Build Command(s):/usr/bin/gmake cmTC_fc0c6/fast && gmake: Warning: File 'Makefile' has modification time 0.73 s in the future
/usr/bin/gmake  -f CMakeFiles/cmTC_fc0c6.dir/build.make CMakeFiles/cmTC_fc0c6.dir/build
gmake[1]: Entering directory '/mnt/e/blockchain/Subodh-Sharma-IITD-21/SKLEE/build/CMakeFiles/CMakeTmp'
gmake[1]: Warning: File 'CMakeFiles/cmTC_fc0c6.dir/flags.make' has modification time 0.71 s in the future
Building CXX object CMakeFiles/cmTC_fc0c6.dir/src.cxx.o
/usr/bin/c++   -Wall -Wextra -Wno-unused-parameter -DHAS__fno_exceptions   -fno-exceptions -o CMakeFiles/cmTC_fc0c6.dir/src.cxx.o -c /mnt/e/blockchain/Subodh-Sharma-IITD-21/SKLEE/build/CMakeFiles/CMakeTmp/src.cxx
Linking CXX executable cmTC_fc0c6
/usr/bin/cmake -E cmake_link_script CMakeFiles/cmTC_fc0c6.dir/link.txt --verbose=1
/usr/bin/c++  -Wall -Wextra -Wno-unused-parameter -DHAS__fno_exceptions -rdynamic CMakeFiles/cmTC_fc0c6.dir/src.cxx.o -o cmTC_fc0c6 
gmake[1]: warning:  Clock skew detected.  Your build may be incomplete.
gmake[1]: Leaving directory '/mnt/e/blockchain/Subodh-Sharma-IITD-21/SKLEE/build/CMakeFiles/CMakeTmp'
gmake: warning:  Clock skew detected.  Your build may be incomplete.


Source file was:
int main() { return 0; }
Determining if the include file gperftools/malloc_extension.h exists passed with the following output:
Change Dir: /mnt/e/blockchain/Subodh-Sharma-IITD-21/SKLEE/build/CMakeFiles/CMakeTmp

Run Build Command(s):/usr/bin/gmake cmTC_bf0e0/fast && gmake: Warning: File 'Makefile' has modification time 0.73 s in the future
/usr/bin/gmake  -f CMakeFiles/cmTC_bf0e0.dir/build.make CMakeFiles/cmTC_bf0e0.dir/build
gmake[1]: Entering directory '/mnt/e/blockchain/Subodh-Sharma-IITD-21/SKLEE/build/CMakeFiles/CMakeTmp'
gmake[1]: Warning: File 'CMakeFiles/cmTC_bf0e0.dir/flags.make' has modification time 0.71 s in the future
Building CXX object CMakeFiles/cmTC_bf0e0.dir/CheckIncludeFile.cxx.o
/usr/bin/c++   -Wall -Wextra -Wno-unused-parameter  -o CMakeFiles/cmTC_bf0e0.dir/CheckIncludeFile.cxx.o -c /mnt/e/blockchain/Subodh-Sharma-IITD-21/SKLEE/build/CMakeFiles/CMakeTmp/CheckIncludeFile.cxx
Linking CXX executable cmTC_bf0e0
/usr/bin/cmake -E cmake_link_script CMakeFiles/cmTC_bf0e0.dir/link.txt --verbose=1
/usr/bin/c++  -Wall -Wextra -Wno-unused-parameter  -rdynamic CMakeFiles/cmTC_bf0e0.dir/CheckIncludeFile.cxx.o -o cmTC_bf0e0 
gmake[1]: warning:  Clock skew detected.  Your build may be incomplete.
gmake[1]: Leaving directory '/mnt/e/blockchain/Subodh-Sharma-IITD-21/SKLEE/build/CMakeFiles/CMakeTmp'
gmake: warning:  Clock skew detected.  Your build may be incomplete.



Performing C++ SOURCE FILE Test HAS__fno_builtin_malloc succeeded with the following output:
Change Dir: /mnt/e/blockchain/Subodh-Sharma-IITD-21/SKLEE/build/CMakeFiles/CMakeTmp

Run Build Command(s):/usr/bin/gmake cmTC_8b6be/fast && gmake: Warning: File 'Makefile' has modification time 0.73 s in the future
/usr/bin/gmake  -f CMakeFiles/cmTC_8b6be.dir/build.make CMakeFiles/cmTC_8b6be.dir/build
gmake[1]: Entering directory '/mnt/e/blockchain/Subodh-Sharma-IITD-21/SKLEE/build/CMakeFiles/CMakeTmp'
gmake[1]: Warning: File 'CMakeFiles/cmTC_8b6be.dir/flags.make' has modification time 0.71 s in the future
Building CXX object CMakeFiles/cmTC_8b6be.dir/src.cxx.o
/usr/bin/c++   -Wall -Wextra -Wno-unused-parameter -DHAS__fno_builtin_malloc   -fno-builtin-malloc -o CMakeFiles/cmTC_8b6be.dir/src.cxx.o -c /mnt/e/blockchain/Subodh-Sharma-IITD-21/SKLEE/build/CMakeFiles/CMakeTmp/src.cxx
Linking CXX executable cmTC_8b6be
/usr/bin/cmake -E cmake_link_script CMakeFiles/cmTC_8b6be.dir/link.txt --verbose=1
/usr/bin/c++  -Wall -Wextra -Wno-unused-parameter -DHAS__fno_builtin_malloc -rdynamic CMakeFiles/cmTC_8b6be.dir/src.cxx.o -o cmTC_8b6be 
gmake[1]: warning:  Clock skew detected.  Your build may be incomplete.
gmake[1]: Leaving directory '/mnt/e/blockchain/Subodh-Sharma-IITD-21/SKLEE/build/CMakeFiles/CMakeTmp'
gmake: warning:  Clock skew detected.  Your build may be incomplete.


Source file was:
int main() { return 0; }
Performing C++ SOURCE FILE Test HAS__fno_builtin_calloc succeeded with the following output:
Change Dir: /mnt/e/blockchain/Subodh-Sharma-IITD-21/SKLEE/build/CMakeFiles/CMakeTmp

Run Build Command(s):/usr/bin/gmake cmTC_67eca/fast && gmake: Warning: File 'Makefile' has modification time 0.73 s in the future
/usr/bin/gmake  -f CMakeFiles/cmTC_67eca.dir/build.make CMakeFiles/cmTC_67eca.dir/build
gmake[1]: Entering directory '/mnt/e/blockchain/Subodh-Sharma-IITD-21/SKLEE/build/CMakeFiles/CMakeTmp'
gmake[1]: Warning: File 'CMakeFiles/cmTC_67eca.dir/flags.make' has modification time 0.72 s in the future
Building CXX object CMakeFiles/cmTC_67eca.dir/src.cxx.o
/usr/bin/c++   -Wall -Wextra -Wno-unused-parameter -DHAS__fno_builtin_calloc   -fno-builtin-calloc -o CMakeFiles/cmTC_67eca.dir/src.cxx.o -c /mnt/e/blockchain/Subodh-Sharma-IITD-21/SKLEE/build/CMakeFiles/CMakeTmp/src.cxx
Linking CXX executable cmTC_67eca
/usr/bin/cmake -E cmake_link_script CMakeFiles/cmTC_67eca.dir/link.txt --verbose=1
/usr/bin/c++  -Wall -Wextra -Wno-unused-parameter -DHAS__fno_builtin_calloc -rdynamic CMakeFiles/cmTC_67eca.dir/src.cxx.o -o cmTC_67eca 
gmake[1]: warning:  Clock skew detected.  Your build may be incomplete.
gmake[1]: Leaving directory '/mnt/e/blockchain/Subodh-Sharma-IITD-21/SKLEE/build/CMakeFiles/CMakeTmp'
gmake: warning:  Clock skew detected.  Your build may be incomplete.


Source file was:
int main() { return 0; }
Performing C++ SOURCE FILE Test HAS__fno_builtin_realloc succeeded with the following output:
Change Dir: /mnt/e/blockchain/Subodh-Sharma-IITD-21/SKLEE/build/CMakeFiles/CMakeTmp

Run Build Command(s):/usr/bin/gmake cmTC_dcd8a/fast && gmake: Warning: File 'Makefile' has modification time 0.73 s in the future
/usr/bin/gmake  -f CMakeFiles/cmTC_dcd8a.dir/build.make CMakeFiles/cmTC_dcd8a.dir/build
gmake[1]: Entering directory '/mnt/e/blockchain/Subodh-Sharma-IITD-21/SKLEE/build/CMakeFiles/CMakeTmp'
gmake[1]: Warning: File 'CMakeFiles/cmTC_dcd8a.dir/flags.make' has modification time 0.71 s in the future
Building CXX object CMakeFiles/cmTC_dcd8a.dir/src.cxx.o
/usr/bin/c++   -Wall -Wextra -Wno-unused-parameter -DHAS__fno_builtin_realloc   -fno-builtin-realloc -o CMakeFiles/cmTC_dcd8a.dir/src.cxx.o -c /mnt/e/blockchain/Subodh-Sharma-IITD-21/SKLEE/build/CMakeFiles/CMakeTmp/src.cxx
Linking CXX executable cmTC_dcd8a
/usr/bin/cmake -E cmake_link_script CMakeFiles/cmTC_dcd8a.dir/link.txt --verbose=1
/usr/bin/c++  -Wall -Wextra -Wno-unused-parameter -DHAS__fno_builtin_realloc -rdynamic CMakeFiles/cmTC_dcd8a.dir/src.cxx.o -o cmTC_dcd8a 
gmake[1]: warning:  Clock skew detected.  Your build may be incomplete.
gmake[1]: Leaving directory '/mnt/e/blockchain/Subodh-Sharma-IITD-21/SKLEE/build/CMakeFiles/CMakeTmp'
gmake: warning:  Clock skew detected.  Your build may be incomplete.


Source file was:
int main() { return 0; }
Performing C++ SOURCE FILE Test HAS__fno_builtin_free succeeded with the following output:
Change Dir: /mnt/e/blockchain/Subodh-Sharma-IITD-21/SKLEE/build/CMakeFiles/CMakeTmp

Run Build Command(s):/usr/bin/gmake cmTC_8831b/fast && gmake: Warning: File 'Makefile' has modification time 0.73 s in the future
/usr/bin/gmake  -f CMakeFiles/cmTC_8831b.dir/build.make CMakeFiles/cmTC_8831b.dir/build
gmake[1]: Entering directory '/mnt/e/blockchain/Subodh-Sharma-IITD-21/SKLEE/build/CMakeFiles/CMakeTmp'
gmake[1]: Warning: File 'CMakeFiles/cmTC_8831b.dir/flags.make' has modification time 0.71 s in the future
Building CXX object CMakeFiles/cmTC_8831b.dir/src.cxx.o
/usr/bin/c++   -Wall -Wextra -Wno-unused-parameter -DHAS__fno_builtin_free   -fno-builtin-free -o CMakeFiles/cmTC_8831b.dir/src.cxx.o -c /mnt/e/blockchain/Subodh-Sharma-IITD-21/SKLEE/build/CMakeFiles/CMakeTmp/src.cxx
Linking CXX executable cmTC_8831b
/usr/bin/cmake -E cmake_link_script CMakeFiles/cmTC_8831b.dir/link.txt --verbose=1
/usr/bin/c++  -Wall -Wextra -Wno-unused-parameter -DHAS__fno_builtin_free -rdynamic CMakeFiles/cmTC_8831b.dir/src.cxx.o -o cmTC_8831b 
gmake[1]: warning:  Clock skew detected.  Your build may be incomplete.
gmake[1]: Leaving directory '/mnt/e/blockchain/Subodh-Sharma-IITD-21/SKLEE/build/CMakeFiles/CMakeTmp'
gmake: warning:  Clock skew detected.  Your build may be incomplete.


Source file was:
int main() { return 0; }
Determining if the include file pty.h exists passed with the following output:
Change Dir: /mnt/e/blockchain/Subodh-Sharma-IITD-21/SKLEE/build/CMakeFiles/CMakeTmp

Run Build Command(s):/usr/bin/gmake cmTC_685cb/fast && gmake: Warning: File 'Makefile' has modification time 0.73 s in the future
/usr/bin/gmake  -f CMakeFiles/cmTC_685cb.dir/build.make CMakeFiles/cmTC_685cb.dir/build
gmake[1]: Entering directory '/mnt/e/blockchain/Subodh-Sharma-IITD-21/SKLEE/build/CMakeFiles/CMakeTmp'
gmake[1]: Warning: File 'CMakeFiles/cmTC_685cb.dir/flags.make' has modification time 0.72 s in the future
Building C object CMakeFiles/cmTC_685cb.dir/CheckIncludeFile.c.o
/usr/bin/cc   -Wall -Wextra -Wno-unused-parameter  -o CMakeFiles/cmTC_685cb.dir/CheckIncludeFile.c.o -c /mnt/e/blockchain/Subodh-Sharma-IITD-21/SKLEE/build/CMakeFiles/CMakeTmp/CheckIncludeFile.c
Linking C executable cmTC_685cb
/usr/bin/cmake -E cmake_link_script CMakeFiles/cmTC_685cb.dir/link.txt --verbose=1
/usr/bin/cc  -Wall -Wextra -Wno-unused-parameter  -rdynamic CMakeFiles/cmTC_685cb.dir/CheckIncludeFile.c.o -o cmTC_685cb 
gmake[1]: warning:  Clock skew detected.  Your build may be incomplete.
gmake[1]: Leaving directory '/mnt/e/blockchain/Subodh-Sharma-IITD-21/SKLEE/build/CMakeFiles/CMakeTmp'
gmake: warning:  Clock skew detected.  Your build may be incomplete.



Determining if the function openpty exists in the util passed with the following output:
Change Dir: /mnt/e/blockchain/Subodh-Sharma-IITD-21/SKLEE/build/CMakeFiles/CMakeTmp

Run Build Command(s):/usr/bin/gmake cmTC_88a32/fast && gmake: Warning: File 'Makefile' has modification time 0.73 s in the future
/usr/bin/gmake  -f CMakeFiles/cmTC_88a32.dir/build.make CMakeFiles/cmTC_88a32.dir/build
gmake[1]: Entering directory '/mnt/e/blockchain/Subodh-Sharma-IITD-21/SKLEE/build/CMakeFiles/CMakeTmp'
gmake[1]: Warning: File 'CMakeFiles/cmTC_88a32.dir/flags.make' has modification time 0.71 s in the future
Building C object CMakeFiles/cmTC_88a32.dir/CheckFunctionExists.c.o
/usr/bin/cc   -Wall -Wextra -Wno-unused-parameter -DCHECK_FUNCTION_EXISTS=openpty -o CMakeFiles/cmTC_88a32.dir/CheckFunctionExists.c.o -c /usr/share/cmake-3.18/Modules/CheckFunctionExists.c
Linking C executable cmTC_88a32
/usr/bin/cmake -E cmake_link_script CMakeFiles/cmTC_88a32.dir/link.txt --verbose=1
/usr/bin/cc  -Wall -Wextra -Wno-unused-parameter -DCHECK_FUNCTION_EXISTS=openpty -rdynamic CMakeFiles/cmTC_88a32.dir/CheckFunctionExists.c.o -o cmTC_88a32  -lutil 
gmake[1]: warning:  Clock skew detected.  Your build may be incomplete.
gmake[1]: Leaving directory '/mnt/e/blockchain/Subodh-Sharma-IITD-21/SKLEE/build/CMakeFiles/CMakeTmp'
gmake: warning:  Clock skew detected.  Your build may be incomplete.



Determining if the __ctype_b_loc exist passed with the following output:
Change Dir: /mnt/e/blockchain/Subodh-Sharma-IITD-21/SKLEE/build/CMakeFiles/CMakeTmp

Run Build Command(s):/usr/bin/gmake cmTC_7199e/fast && gmake: Warning: File 'Makefile' has modification time 0.73 s in the future
/usr/bin/gmake  -f CMakeFiles/cmTC_7199e.dir/build.make CMakeFiles/cmTC_7199e.dir/build
gmake[1]: Entering directory '/mnt/e/blockchain/Subodh-Sharma-IITD-21/SKLEE/build/CMakeFiles/CMakeTmp'
gmake[1]: Warning: File 'CMakeFiles/cmTC_7199e.dir/flags.make' has modification time 0.72 s in the future
Building CXX object CMakeFiles/cmTC_7199e.dir/CheckSymbolExists.cxx.o
/usr/bin/c++   -Wall -Wextra -Wno-unused-parameter  -o CMakeFiles/cmTC_7199e.dir/CheckSymbolExists.cxx.o -c /mnt/e/blockchain/Subodh-Sharma-IITD-21/SKLEE/build/CMakeFiles/CMakeTmp/CheckSymbolExists.cxx
Linking CXX executable cmTC_7199e
/usr/bin/cmake -E cmake_link_script CMakeFiles/cmTC_7199e.dir/link.txt --verbose=1
/usr/bin/c++  -Wall -Wextra -Wno-unused-parameter  -rdynamic CMakeFiles/cmTC_7199e.dir/CheckSymbolExists.cxx.o -o cmTC_7199e 
gmake[1]: warning:  Clock skew detected.  Your build may be incomplete.
gmake[1]: Leaving directory '/mnt/e/blockchain/Subodh-Sharma-IITD-21/SKLEE/build/CMakeFiles/CMakeTmp'
gmake: warning:  Clock skew detected.  Your build may be incomplete.


File /mnt/e/blockchain/Subodh-Sharma-IITD-21/SKLEE/build/CMakeFiles/CMakeTmp/CheckSymbolExists.cxx:
/* */
#include <ctype.h>

int main(int argc, char** argv)
{
  (void)argv;
#ifndef __ctype_b_loc
  return ((int*)(&__ctype_b_loc))[argc];
#else
  (void)argc;
  return 0;
#endif
}
Determining if the mallinfo exist passed with the following output:
Change Dir: /mnt/e/blockchain/Subodh-Sharma-IITD-21/SKLEE/build/CMakeFiles/CMakeTmp

Run Build Command(s):/usr/bin/gmake cmTC_0b6a9/fast && gmake: Warning: File 'Makefile' has modification time 0.73 s in the future
/usr/bin/gmake  -f CMakeFiles/cmTC_0b6a9.dir/build.make CMakeFiles/cmTC_0b6a9.dir/build
gmake[1]: Entering directory '/mnt/e/blockchain/Subodh-Sharma-IITD-21/SKLEE/build/CMakeFiles/CMakeTmp'
gmake[1]: Warning: File 'CMakeFiles/cmTC_0b6a9.dir/flags.make' has modification time 0.72 s in the future
Building CXX object CMakeFiles/cmTC_0b6a9.dir/CheckSymbolExists.cxx.o
/usr/bin/c++   -Wall -Wextra -Wno-unused-parameter  -o CMakeFiles/cmTC_0b6a9.dir/CheckSymbolExists.cxx.o -c /mnt/e/blockchain/Subodh-Sharma-IITD-21/SKLEE/build/CMakeFiles/CMakeTmp/CheckSymbolExists.cxx
Linking CXX executable cmTC_0b6a9
/usr/bin/cmake -E cmake_link_script CMakeFiles/cmTC_0b6a9.dir/link.txt --verbose=1
/usr/bin/c++  -Wall -Wextra -Wno-unused-parameter  -rdynamic CMakeFiles/cmTC_0b6a9.dir/CheckSymbolExists.cxx.o -o cmTC_0b6a9 
gmake[1]: warning:  Clock skew detected.  Your build may be incomplete.
gmake[1]: Leaving directory '/mnt/e/blockchain/Subodh-Sharma-IITD-21/SKLEE/build/CMakeFiles/CMakeTmp'
gmake: warning:  Clock skew detected.  Your build may be incomplete.


File /mnt/e/blockchain/Subodh-Sharma-IITD-21/SKLEE/build/CMakeFiles/CMakeTmp/CheckSymbolExists.cxx:
/* */
#include <malloc.h>

int main(int argc, char** argv)
{
  (void)argv;
#ifndef mallinfo
  return ((int*)(&mallinfo))[argc];
#else
  (void)argc;
  return 0;
#endif
}
Determining if the include file sys/statfs.h exists passed with the following output:
Change Dir: /mnt/e/blockchain/Subodh-Sharma-IITD-21/SKLEE/build/CMakeFiles/CMakeTmp

Run Build Command(s):/usr/bin/gmake cmTC_6e2a2/fast && gmake: Warning: File 'Makefile' has modification time 0.73 s in the future
/usr/bin/gmake  -f CMakeFiles/cmTC_6e2a2.dir/build.make CMakeFiles/cmTC_6e2a2.dir/build
gmake[1]: Entering directory '/mnt/e/blockchain/Subodh-Sharma-IITD-21/SKLEE/build/CMakeFiles/CMakeTmp'
gmake[1]: Warning: File 'CMakeFiles/cmTC_6e2a2.dir/flags.make' has modification time 0.7 s in the future
Building C object CMakeFiles/cmTC_6e2a2.dir/CheckIncludeFile.c.o
/usr/bin/cc   -Wall -Wextra -Wno-unused-parameter  -o CMakeFiles/cmTC_6e2a2.dir/CheckIncludeFile.c.o -c /mnt/e/blockchain/Subodh-Sharma-IITD-21/SKLEE/build/CMakeFiles/CMakeTmp/CheckIncludeFile.c
Linking C executable cmTC_6e2a2
/usr/bin/cmake -E cmake_link_script CMakeFiles/cmTC_6e2a2.dir/link.txt --verbose=1
/usr/bin/cc  -Wall -Wextra -Wno-unused-parameter  -rdynamic CMakeFiles/cmTC_6e2a2.dir/CheckIncludeFile.c.o -o cmTC_6e2a2 
gmake[1]: warning:  Clock skew detected.  Your build may be incomplete.
gmake[1]: Leaving directory '/mnt/e/blockchain/Subodh-Sharma-IITD-21/SKLEE/build/CMakeFiles/CMakeTmp'
gmake: warning:  Clock skew detected.  Your build may be incomplete.



Determining if the include file selinux/selinux.h exists passed with the following output:
Change Dir: /mnt/e/blockchain/Subodh-Sharma-IITD-21/SKLEE/build/CMakeFiles/CMakeTmp

Run Build Command(s):/usr/bin/gmake cmTC_ea435/fast && gmake: Warning: File 'Makefile' has modification time 0.72 s in the future
/usr/bin/gmake  -f CMakeFiles/cmTC_ea435.dir/build.make CMakeFiles/cmTC_ea435.dir/build
gmake[1]: Entering directory '/mnt/e/blockchain/Subodh-Sharma-IITD-21/SKLEE/build/CMakeFiles/CMakeTmp'
gmake[1]: Warning: File 'CMakeFiles/cmTC_ea435.dir/flags.make' has modification time 0.71 s in the future
Building C object CMakeFiles/cmTC_ea435.dir/CheckIncludeFile.c.o
/usr/bin/cc   -Wall -Wextra -Wno-unused-parameter  -o CMakeFiles/cmTC_ea435.dir/CheckIncludeFile.c.o -c /mnt/e/blockchain/Subodh-Sharma-IITD-21/SKLEE/build/CMakeFiles/CMakeTmp/CheckIncludeFile.c
Linking C executable cmTC_ea435
/usr/bin/cmake -E cmake_link_script CMakeFiles/cmTC_ea435.dir/link.txt --verbose=1
/usr/bin/cc  -Wall -Wextra -Wno-unused-parameter  -rdynamic CMakeFiles/cmTC_ea435.dir/CheckIncludeFile.c.o -o cmTC_ea435 
gmake[1]: warning:  Clock skew detected.  Your build may be incomplete.
gmake[1]: Leaving directory '/mnt/e/blockchain/Subodh-Sharma-IITD-21/SKLEE/build/CMakeFiles/CMakeTmp'
gmake: warning:  Clock skew detected.  Your build may be incomplete.



Determining if the prototype setcon exists for SELINUX_SECURITY_CTX_WITH_CONST passed with the following output:
Change Dir: /mnt/e/blockchain/Subodh-Sharma-IITD-21/SKLEE/build/CMakeFiles/CMakeTmp

Run Build Command(s):/usr/bin/gmake cmTC_03301/fast && gmake: Warning: File 'Makefile' has modification time 0.73 s in the future
/usr/bin/gmake  -f CMakeFiles/cmTC_03301.dir/build.make CMakeFiles/cmTC_03301.dir/build
gmake[1]: Entering directory '/mnt/e/blockchain/Subodh-Sharma-IITD-21/SKLEE/build/CMakeFiles/CMakeTmp'
gmake[1]: Warning: File 'CMakeFiles/cmTC_03301.dir/flags.make' has modification time 0.72 s in the future
Building C object CMakeFiles/cmTC_03301.dir/CheckPrototypeDefinition.c.o
/usr/bin/cc   -Wall -Wextra -Wno-unused-parameter  -o CMakeFiles/cmTC_03301.dir/CheckPrototypeDefinition.c.o -c /mnt/e/blockchain/Subodh-Sharma-IITD-21/SKLEE/build/CMakeFiles/CMakeTmp/CheckPrototypeDefinition.c
Linking C executable cmTC_03301
/usr/bin/cmake -E cmake_link_script CMakeFiles/cmTC_03301.dir/link.txt --verbose=1
/usr/bin/cc  -Wall -Wextra -Wno-unused-parameter  -rdynamic CMakeFiles/cmTC_03301.dir/CheckPrototypeDefinition.c.o -o cmTC_03301 
gmake[1]: warning:  Clock skew detected.  Your build may be incomplete.
gmake[1]: Leaving directory '/mnt/e/blockchain/Subodh-Sharma-IITD-21/SKLEE/build/CMakeFiles/CMakeTmp'
gmake: warning:  Clock skew detected.  Your build may be incomplete.



